2023-09-08 08:58:42,482 [INFO] Activator:176 - 


2023-09-08 08:58:42,487 [INFO] Activator:177 - !SESSION log4j initialized
2023-09-08 08:58:46,685 [INFO] LogOutputStream:77 - [STDOUT_REDIRECT] 
2023-09-08 08:58:48,463 [INFO] ApplicationProperties:184 - Using Application install path: C:\ST\STM32CubeIDE_1.10.1\STM32CubeIDE\plugins\com.st.stm32cube.common.mx_6.9.1.202307191849
2023-09-08 08:58:48,476 [INFO] DbMcusXml:78 - Set database path to: C:\ST\STM32CubeIDE_1.10.1\STM32CubeIDE\plugins\com.st.stm32cube.common.mx_6.9.1.202307191849\\db\/mcu/
2023-09-08 08:58:48,476 [INFO] ApiDb:274 - Set plugin database path to: C:\ST\STM32CubeIDE_1.10.1\STM32CubeIDE\plugins\com.st.stm32cube.common.mx_6.9.1.202307191849\\db\/plugins/boardmanager/
2023-09-08 08:58:48,477 [WARN] ApiDb:259 - Overriding images path with different value:  => C:\ST\STM32CubeIDE_1.10.1\STM32CubeIDE\plugins\com.st.stm32cube.common.mx_6.9.1.202307191849\\db\/plugins/mcufinder/images/
2023-09-08 08:58:48,487 [INFO] ApiDb:250 - Set database path to: C:\Users\Daniel\.stmcufinder\plugins\mcufinder//mcu/
2023-09-08 08:58:48,488 [INFO] DbMcusAds:125 - Set database path to: C:\Users\Daniel\.stmcufinder\plugins\mcufinder//mcu/
2023-09-08 08:58:48,489 [INFO] CrossReferenceDbSqlite:203 - Set database path to: C:\Users\Daniel\.stmcufinder\plugins\mcufinder//mcu/cs/
2023-09-08 08:58:48,577 [INFO] RulesReader:64 - Compatibility file has been processed (293 Rules)
2023-09-08 08:58:48,666 [INFO] DbMcusXml:78 - Set database path to: C:\ST\STM32CubeIDE_1.10.1\STM32CubeIDE\plugins\com.st.stm32cube.common.mx_6.9.1.202307191849\\db\/mcu/
2023-09-08 08:58:48,666 [INFO] ApiDb:274 - Set plugin database path to: C:\ST\STM32CubeIDE_1.10.1\STM32CubeIDE\plugins\com.st.stm32cube.common.mx_6.9.1.202307191849\\db\/plugins/boardmanager/
2023-09-08 08:58:48,666 [INFO] ApiDb:261 - Set plugin images path to: C:\ST\STM32CubeIDE_1.10.1\STM32CubeIDE\plugins\com.st.stm32cube.common.mx_6.9.1.202307191849\\db\/plugins/mcufinder/images/
2023-09-08 08:58:48,666 [WARN] DbFile:41 - Overriding database path with different value: C:\Users\Daniel\.stmcufinder\plugins\mcufinder/ => C:\Users\Daniel\.stmcufinder\plugins\mcufinder
2023-09-08 08:58:48,666 [INFO] ApiDb:250 - Set database path to: C:\Users\Daniel\.stmcufinder\plugins\mcufinder//mcu/
2023-09-08 08:58:48,667 [WARN] DbFile:41 - Overriding database path with different value: C:\Users\Daniel\.stmcufinder\plugins\mcufinder/ => C:\Users\Daniel\.stmcufinder\plugins\mcufinder
2023-09-08 08:58:48,667 [INFO] DbMcusAds:125 - Set database path to: C:\Users\Daniel\.stmcufinder\plugins\mcufinder//mcu/
2023-09-08 08:58:48,667 [WARN] DbFile:41 - Overriding database path with different value: C:\Users\Daniel\.stmcufinder\plugins\mcufinder/ => C:\Users\Daniel\.stmcufinder\plugins\mcufinder
2023-09-08 08:58:48,667 [WARN] DbFile:41 - Overriding database path with different value: C:\Users\Daniel\.stmcufinder\plugins\mcufinder/ => C:\Users\Daniel\.stmcufinder\plugins\mcufinder
2023-09-08 08:58:48,667 [INFO] CrossReferenceDbSqlite:203 - Set database path to: C:\Users\Daniel\.stmcufinder\plugins\mcufinder//mcu/cs/
2023-09-08 08:58:48,734 [INFO] MainPanel:262 - HeapMemory: 268435456
2023-09-08 08:58:48,801 [INFO] DbMcusXml:78 - Set database path to: C:\ST\STM32CubeIDE_1.10.1\STM32CubeIDE\plugins\com.st.stm32cube.common.mx_6.9.1.202307191849\\db\/mcu/
2023-09-08 08:58:48,801 [INFO] ApiDb:274 - Set plugin database path to: C:\ST\STM32CubeIDE_1.10.1\STM32CubeIDE\plugins\com.st.stm32cube.common.mx_6.9.1.202307191849\\db\/plugins/boardmanager/
2023-09-08 08:58:48,801 [INFO] ApiDb:261 - Set plugin images path to: C:\ST\STM32CubeIDE_1.10.1\STM32CubeIDE\plugins\com.st.stm32cube.common.mx_6.9.1.202307191849\\db\/plugins/mcufinder/images/
2023-09-08 08:58:48,801 [WARN] DbFile:41 - Overriding database path with different value: C:\Users\Daniel\.stmcufinder\plugins\mcufinder/ => C:\Users\Daniel\.stmcufinder\plugins\mcufinder
2023-09-08 08:58:48,801 [INFO] ApiDb:250 - Set database path to: C:\Users\Daniel\.stmcufinder\plugins\mcufinder//mcu/
2023-09-08 08:58:48,802 [WARN] DbFile:41 - Overriding database path with different value: C:\Users\Daniel\.stmcufinder\plugins\mcufinder/ => C:\Users\Daniel\.stmcufinder\plugins\mcufinder
2023-09-08 08:58:48,802 [INFO] DbMcusAds:125 - Set database path to: C:\Users\Daniel\.stmcufinder\plugins\mcufinder//mcu/
2023-09-08 08:58:48,802 [WARN] DbFile:41 - Overriding database path with different value: C:\Users\Daniel\.stmcufinder\plugins\mcufinder/ => C:\Users\Daniel\.stmcufinder\plugins\mcufinder
2023-09-08 08:58:48,802 [WARN] DbFile:41 - Overriding database path with different value: C:\Users\Daniel\.stmcufinder\plugins\mcufinder/ => C:\Users\Daniel\.stmcufinder\plugins\mcufinder
2023-09-08 08:58:48,802 [INFO] CrossReferenceDbSqlite:203 - Set database path to: C:\Users\Daniel\.stmcufinder\plugins\mcufinder//mcu/cs/
2023-09-08 08:58:48,818 [INFO] ApplicationProperties:184 - Using Application install path: C:\ST\STM32CubeIDE_1.10.1\STM32CubeIDE\plugins\com.st.stm32cube.common.mx_6.9.1.202307191849
2023-09-08 08:58:48,819 [INFO] PluginManage:196 - Search for loadable plugins [exclusion list=, ]
2023-09-08 08:58:48,821 [INFO] PluginManage:310 - Check plugin analytics
2023-09-08 08:58:48,935 [INFO] AnalyticsPlugin:253 - Accepted Software Licenses: STM32CubeMX.6.6.1
2023-09-08 08:58:48,935 [INFO] AnalyticsPlugin:255 - Accepted CMSIS Pack Licenses: 
2023-09-08 08:58:48,936 [INFO] AnalyticsPlugin:257 - Accepted Firmware Licenses: FW.G0.1.5.0,FW.G4.1.5.0,FW.WB.1.14.0,FW.G0.1.6.0
2023-09-08 08:58:48,938 [INFO] PluginManage:359 - Loaded plugin analytics (category:tool,tabindex:-1)
2023-09-08 08:58:48,939 [INFO] PluginManage:310 - Check plugin cadmodel
2023-09-08 08:58:48,966 [INFO] CADModel:105 - Init CAD model plugin
2023-09-08 08:58:48,966 [INFO] PluginManage:359 - Loaded plugin cadmodel (category:power,tabindex:5)
2023-09-08 08:58:48,966 [INFO] PluginManage:310 - Check plugin clock
2023-09-08 08:58:48,998 [INFO] PluginManage:359 - Loaded plugin clock (category:base,tabindex:2)
2023-09-08 08:58:48,998 [INFO] PluginManage:310 - Check plugin ddr
2023-09-08 08:58:49,000 [INFO] PluginManage:359 - Loaded plugin ddr (category:tool,tabindex:6)
2023-09-08 08:58:49,000 [INFO] PluginManage:310 - Check plugin filemanager
2023-09-08 08:58:49,093 [INFO] PluginManage:359 - Loaded plugin filemanager (category:base,tabindex:10)
2023-09-08 08:58:49,093 [INFO] PluginManage:310 - Check plugin ipmanager
2023-09-08 08:58:49,100 [INFO] PluginManage:359 - Loaded plugin ipmanager (category:base,tabindex:5)
2023-09-08 08:58:49,100 [INFO] PluginManage:310 - Check plugin lpbam
2023-09-08 08:58:49,124 [INFO] PluginManage:359 - Loaded plugin lpbam (category:base,tabindex:0)
2023-09-08 08:58:49,124 [INFO] PluginManage:310 - Check plugin memorymap
2023-09-08 08:58:49,147 [INFO] PluginManage:359 - Loaded plugin memorymap (category:base,tabindex:4)
2023-09-08 08:58:49,147 [INFO] PluginManage:310 - Check plugin pinoutandconfiguration
2023-09-08 08:58:49,178 [INFO] PluginManage:359 - Loaded plugin pinoutandconfiguration (category:base,tabindex:1)
2023-09-08 08:58:49,179 [INFO] PluginManage:310 - Check plugin pinoutconfig
2023-09-08 08:58:49,272 [WARN] SupportedApi:132 - Cannot load RTOS API schema: s4s-elt-must-match.1: The content of 'definitions' must match (annotation?, (simpleType | complexType)?, (unique | key | keyref)*)). A problem was found starting at: attribute.
2023-09-08 08:58:49,365 [INFO] PluginManage:359 - Loaded plugin pinoutconfig (category:base,tabindex:0)
2023-09-08 08:58:49,365 [INFO] PluginManage:310 - Check plugin power
2023-09-08 08:58:49,402 [INFO] PluginManage:359 - Loaded plugin power (category:power,tabindex:4)
2023-09-08 08:58:49,402 [INFO] PluginManage:310 - Check plugin projectmanager
2023-09-08 08:58:49,412 [INFO] PluginManage:359 - Loaded plugin projectmanager (category:projectmanager,tabindex:3)
2023-09-08 08:58:49,413 [INFO] PluginManage:310 - Check plugin thirdparty
2023-09-08 08:58:49,549 [INFO] PluginManage:359 - Loaded plugin thirdparty (category:base,tabindex:-1)
2023-09-08 08:58:49,549 [WARN] IntegrityCheckThread:84 - waiting for thirdparty lock release [integrity check]
2023-09-08 08:58:49,549 [INFO] PluginManage:310 - Check plugin tools
2023-09-08 08:58:49,549 [INFO] IntegrityCheckThread:86 - entering critical section [integrity check]
2023-09-08 08:58:49,550 [INFO] ThirdPartyUpdaterWithRetryManager:70 - Updater plugin not ready yet. [1/15]
2023-09-08 08:58:49,553 [INFO] PluginManage:359 - Loaded plugin tools (category:base,tabindex:7)
2023-09-08 08:58:49,553 [INFO] PluginManage:310 - Check plugin tutovideos
2023-09-08 08:58:49,688 [INFO] PluginManage:359 - Loaded plugin tutovideos (category:base,tabindex:-1)
2023-09-08 08:58:49,689 [INFO] PluginManage:310 - Check plugin updater
2023-09-08 08:58:49,696 [INFO] PluginManage:359 - Loaded plugin updater (category:base,tabindex:12)
2023-09-08 08:58:49,696 [INFO] PluginManage:310 - Check plugin userauth
2023-09-08 08:58:49,700 [INFO] UserAuth:113 - Init User Auth plugin
2023-09-08 08:58:49,700 [INFO] PluginManage:359 - Loaded plugin userauth (category:base,tabindex:14)
2023-09-08 08:58:49,700 [INFO] PluginManage:283 - PluginManage : Loaded plugins [17]
2023-09-08 08:58:49,861 [INFO] PinOutPanel:1499 - setPackage(No Configuration,No Configuration)
2023-09-08 08:58:49,948 [INFO] CADModel:165 - CPN selected for project level
2023-09-08 08:58:49,948 [INFO] CADModel:114 - Register for checkConnection events
2023-09-08 08:58:49,965 [INFO] IPUIPlugin:80 - create IPUIPlugin
2023-09-08 08:58:49,965 [INFO] PluginManager:220 - loadIPPluginJar : add adc
2023-09-08 08:58:49,969 [INFO] IPUIPlugin:80 - create IPUIPlugin
2023-09-08 08:58:49,969 [INFO] PluginManager:220 - loadIPPluginJar : add aes
2023-09-08 08:58:49,973 [INFO] IPUIPlugin:80 - create IPUIPlugin
2023-09-08 08:58:49,973 [INFO] PluginManager:220 - loadIPPluginJar : add can
2023-09-08 08:58:49,976 [INFO] IPUIPlugin:80 - create IPUIPlugin
2023-09-08 08:58:49,976 [INFO] PluginManager:220 - loadIPPluginJar : add comp
2023-09-08 08:58:49,979 [INFO] IPUIPlugin:80 - create IPUIPlugin
2023-09-08 08:58:49,979 [INFO] PluginManager:220 - loadIPPluginJar : add cryp
2023-09-08 08:58:49,983 [INFO] IPUIPlugin:80 - create IPUIPlugin
2023-09-08 08:58:49,983 [INFO] PluginManager:220 - loadIPPluginJar : add dfsdm
2023-09-08 08:58:49,991 [INFO] IPUIPlugin:80 - create IPUIPlugin
2023-09-08 08:58:49,992 [INFO] PluginManager:220 - loadIPPluginJar : add dma
2023-09-08 08:58:49,995 [INFO] IPUIPlugin:80 - create IPUIPlugin
2023-09-08 08:58:49,995 [INFO] PluginManager:220 - loadIPPluginJar : add dma3
2023-09-08 08:58:49,998 [INFO] IPUIPlugin:80 - create IPUIPlugin
2023-09-08 08:58:49,998 [INFO] PluginManager:220 - loadIPPluginJar : add fatfs
2023-09-08 08:58:50,003 [INFO] IPUIPlugin:80 - create IPUIPlugin
2023-09-08 08:58:50,003 [INFO] PluginManager:220 - loadIPPluginJar : add fmc
2023-09-08 08:58:50,031 [INFO] IPUIPlugin:80 - create IPUIPlugin
2023-09-08 08:58:50,031 [INFO] PluginManager:220 - loadIPPluginJar : add freertos
2023-09-08 08:58:50,034 [INFO] IPUIPlugin:80 - create IPUIPlugin
2023-09-08 08:58:50,035 [INFO] PluginManager:220 - loadIPPluginJar : add genericplugin
2023-09-08 08:58:50,040 [INFO] IPUIPlugin:80 - create IPUIPlugin
2023-09-08 08:58:50,041 [INFO] PluginManager:220 - loadIPPluginJar : add gfxmmu
2023-09-08 08:58:50,049 [INFO] IPUIPlugin:80 - create IPUIPlugin
2023-09-08 08:58:50,050 [INFO] PluginManager:220 - loadIPPluginJar : add gic
2023-09-08 08:58:50,064 [INFO] IPUIPlugin:80 - create IPUIPlugin
2023-09-08 08:58:50,064 [INFO] PluginManager:220 - loadIPPluginJar : add gpio
2023-09-08 08:58:50,070 [INFO] IPUIPlugin:80 - create IPUIPlugin
2023-09-08 08:58:50,070 [INFO] PluginManager:220 - loadIPPluginJar : add gtzc
2023-09-08 08:58:50,074 [INFO] IPUIPlugin:80 - create IPUIPlugin
2023-09-08 08:58:50,074 [INFO] PluginManager:220 - loadIPPluginJar : add hash
2023-09-08 08:58:50,078 [INFO] IPUIPlugin:80 - create IPUIPlugin
2023-09-08 08:58:50,078 [INFO] PluginManager:220 - loadIPPluginJar : add i2c
2023-09-08 08:58:50,082 [INFO] IPUIPlugin:80 - create IPUIPlugin
2023-09-08 08:58:50,082 [INFO] PluginManager:220 - loadIPPluginJar : add i2s
2023-09-08 08:58:50,086 [INFO] IPUIPlugin:80 - create IPUIPlugin
2023-09-08 08:58:50,086 [INFO] PluginManager:220 - loadIPPluginJar : add i3c
2023-09-08 08:58:50,093 [INFO] IPUIPlugin:80 - create IPUIPlugin
2023-09-08 08:58:50,093 [INFO] PluginManager:220 - loadIPPluginJar : add ipddr
2023-09-08 08:58:50,103 [INFO] IPUIPlugin:80 - create IPUIPlugin
2023-09-08 08:58:50,103 [INFO] PluginManager:220 - loadIPPluginJar : add linkedlist
2023-09-08 08:58:50,107 [INFO] IPUIPlugin:80 - create IPUIPlugin
2023-09-08 08:58:50,107 [INFO] PluginManager:220 - loadIPPluginJar : add lorawan
2023-09-08 08:58:50,110 [INFO] IPUIPlugin:80 - create IPUIPlugin
2023-09-08 08:58:50,110 [INFO] PluginManager:220 - loadIPPluginJar : add ltdc
2023-09-08 08:58:50,124 [INFO] IPUIPlugin:80 - create IPUIPlugin
2023-09-08 08:58:50,124 [INFO] PluginManager:220 - loadIPPluginJar : add mdma
2023-09-08 08:58:50,139 [INFO] IPUIPlugin:80 - create IPUIPlugin
2023-09-08 08:58:50,139 [INFO] PluginManager:220 - loadIPPluginJar : add nvic
2023-09-08 08:58:50,143 [INFO] IPUIPlugin:80 - create IPUIPlugin
2023-09-08 08:58:50,143 [INFO] PluginManager:220 - loadIPPluginJar : add opamp
2023-09-08 08:58:50,148 [INFO] IPUIPlugin:80 - create IPUIPlugin
2023-09-08 08:58:50,148 [INFO] PluginManager:220 - loadIPPluginJar : add openamp
2023-09-08 08:58:50,153 [INFO] IPUIPlugin:80 - create IPUIPlugin
2023-09-08 08:58:50,153 [INFO] PluginManager:220 - loadIPPluginJar : add pdm2pcm
2023-09-08 08:58:50,166 [INFO] IPUIPlugin:80 - create IPUIPlugin
2023-09-08 08:58:50,168 [INFO] PluginManager:220 - loadIPPluginJar : add plateformsettings
2023-09-08 08:58:50,170 [INFO] IPUIPlugin:80 - create IPUIPlugin
2023-09-08 08:58:50,170 [INFO] PluginManager:220 - loadIPPluginJar : add quadspi
2023-09-08 08:58:50,202 [INFO] IPUIPlugin:80 - create IPUIPlugin
2023-09-08 08:58:50,202 [INFO] PluginManager:220 - loadIPPluginJar : add resmgrutility
2023-09-08 08:58:50,206 [INFO] IPUIPlugin:80 - create IPUIPlugin
2023-09-08 08:58:50,207 [INFO] PluginManager:220 - loadIPPluginJar : add sai
2023-09-08 08:58:50,211 [INFO] IPUIPlugin:80 - create IPUIPlugin
2023-09-08 08:58:50,211 [INFO] PluginManager:220 - loadIPPluginJar : add spi
2023-09-08 08:58:50,217 [INFO] IPUIPlugin:80 - create IPUIPlugin
2023-09-08 08:58:50,217 [INFO] PluginManager:220 - loadIPPluginJar : add stm32_wpan
2023-09-08 08:58:50,219 [INFO] IPUIPlugin:80 - create IPUIPlugin
2023-09-08 08:58:50,219 [INFO] PluginManager:220 - loadIPPluginJar : add tim
2023-09-08 08:58:50,225 [INFO] IPUIPlugin:80 - create IPUIPlugin
2023-09-08 08:58:50,225 [INFO] PluginManager:220 - loadIPPluginJar : add touchsensing
2023-09-08 08:58:50,227 [INFO] IPUIPlugin:80 - create IPUIPlugin
2023-09-08 08:58:50,227 [INFO] PluginManager:220 - loadIPPluginJar : add tracer_emb
2023-09-08 08:58:50,230 [INFO] IPUIPlugin:80 - create IPUIPlugin
2023-09-08 08:58:50,230 [INFO] PluginManager:220 - loadIPPluginJar : add ts
2023-09-08 08:58:50,232 [INFO] IPUIPlugin:80 - create IPUIPlugin
2023-09-08 08:58:50,232 [INFO] PluginManager:220 - loadIPPluginJar : add tsc
2023-09-08 08:58:50,235 [INFO] IPUIPlugin:80 - create IPUIPlugin
2023-09-08 08:58:50,235 [INFO] PluginManager:220 - loadIPPluginJar : add ucpd
2023-09-08 08:58:50,239 [INFO] IPUIPlugin:80 - create IPUIPlugin
2023-09-08 08:58:50,239 [INFO] PluginManager:220 - loadIPPluginJar : add usart
2023-09-08 08:58:50,243 [INFO] IPUIPlugin:80 - create IPUIPlugin
2023-09-08 08:58:50,243 [INFO] PluginManager:220 - loadIPPluginJar : add usbx
2023-09-08 08:58:50,355 [INFO] CADModel:165 - CPN selected for project level
2023-09-08 08:58:50,355 [INFO] CADModel:114 - Register for checkConnection events
2023-09-08 08:58:50,355 [FATAL] Updater:308 - Updater called before beeing initialized
2023-09-08 08:58:50,356 [ERROR] CADModel:125 - Updater not yet initialized, retry later 
2023-09-08 08:58:50,461 [INFO] CADModel:165 - CPN selected for project level
2023-09-08 08:58:50,461 [INFO] CADModel:114 - Register for checkConnection events
2023-09-08 08:58:50,461 [FATAL] Updater:308 - Updater called before beeing initialized
2023-09-08 08:58:50,461 [ERROR] CADModel:125 - Updater not yet initialized, retry later 
2023-09-08 08:58:50,463 [FATAL] Updater:308 - Updater called before beeing initialized
2023-09-08 08:58:50,545 [FATAL] Updater:308 - Updater called before beeing initialized
2023-09-08 08:58:50,549 [INFO] DbMcusAds:53 - JSON generation date=Tue Mar 07 09:50:55 CET 2023 (1678179055114)
2023-09-08 08:58:50,549 [FATAL] Updater:308 - Updater called before beeing initialized
2023-09-08 08:58:50,584 [WARN] DetailPanel:346 - Failed to get advertising image, set to default
2023-09-08 08:58:50,686 [FATAL] Updater:308 - Updater called before beeing initialized
2023-09-08 08:58:50,688 [FATAL] Updater:308 - Updater called before beeing initialized
2023-09-08 08:58:50,688 [FATAL] Updater:308 - Updater called before beeing initialized
2023-09-08 08:58:50,688 [WARN] DetailPanel:346 - Failed to get advertising image, set to default
2023-09-08 08:58:50,689 [FATAL] Updater:308 - Updater called before beeing initialized
2023-09-08 08:58:50,720 [ERROR] Updater:1120 - MainUpdater not yet initialized. External WinMGr cannot be set.
2023-09-08 08:58:50,724 [INFO] Updater:1056 - Updater Version found : 6.9.1
2023-09-08 08:58:50,738 [INFO] ApplicationProperties:184 - Using Application install path: C:\ST\STM32CubeIDE_1.10.1\STM32CubeIDE\plugins\com.st.stm32cube.common.mx_6.9.1.202307191849
2023-09-08 08:58:50,977 [INFO] MainUpdater:2868 - connection check result : 10
2023-09-08 08:58:50,977 [INFO] MainUpdater:285 - Updater Check For Update Now.
2023-09-08 08:58:50,977 [INFO] MicroXplorer:498 - Change Database Version : DB.6.0.91
2023-09-08 08:58:50,982 [INFO] McuFinderGlobals:63 - Set McuFinder mode to 2 (CubeIDE integrated)
2023-09-08 08:58:51,137 [INFO] CheckServerUpdateThread:120 - End of CheckServer Thread
2023-09-08 08:58:52,744 [WARN] PackLoader:240 - Cannot read IP mode file for STMicroelectronics.X-CUBE-SMBUS.2.1.0
2023-09-08 08:58:52,838 [WARN] PackLoader:240 - Cannot read IP mode file for STMicroelectronics.X-CUBE-MEMS1.9.2.0
2023-09-08 08:58:52,953 [WARN] PackLoader:240 - Cannot read IP mode file for STMicroelectronics.X-CUBE-AZRTOS-F7.1.1.0
2023-09-08 08:58:52,962 [WARN] PackLoader:240 - Cannot read IP mode file for STMicroelectronics.X-CUBE-AI.7.1.0
2023-09-08 08:58:52,968 [WARN] PackLoader:240 - Cannot read IP mode file for STMicroelectronics.X-CUBE-TOUCHGFX.4.19.1
2023-09-08 08:58:52,974 [ERROR] RealEvaluatedCondition:428 - Found unsupported composite condition: GROUP='STM32_MetaDataManager' CLASS='Data Exchange'
2023-09-08 08:58:52,974 [ERROR] RealEvaluatedCondition:428 - Found unsupported composite condition: GROUP='STM32_MetaDataManager' CLASS='Data Exchange'
2023-09-08 08:58:52,974 [WARN] PackLoader:240 - Cannot read IP mode file for STMicroelectronics.FP-SNS-MOTENV1.4.3.0
2023-09-08 08:58:52,978 [WARN] PackLoader:240 - Cannot read IP mode file for STMicroelectronics.FP-SNS-MOTENV1.4.3.2
2023-09-08 08:58:52,983 [WARN] PackLoader:240 - Cannot read IP mode file for STMicroelectronics.FP-SNS-FLIGHT1.5.0.0
2023-09-08 08:58:52,986 [ERROR] RealEvaluatedCondition:428 - Found unsupported composite condition: CLASS='Data Exchange' GROUP='STM32_MetaDataManager'
2023-09-08 08:58:52,986 [ERROR] RealEvaluatedCondition:428 - Found unsupported composite condition: GROUP='STM32_MetaDataManager' CLASS='Data Exchange'
2023-09-08 08:58:52,986 [WARN] PackLoader:240 - Cannot read IP mode file for STMicroelectronics.FP-SNS-MOTENV1.4.3.1
2023-09-08 08:58:52,990 [WARN] PackLoader:240 - Cannot read IP mode file for STMicroelectronics.FP-SNS-FLIGHT1.5.0.1
2023-09-08 08:58:52,995 [WARN] PackLoader:240 - Cannot read IP mode file for STMicroelectronics.X-CUBE-BLE1.6.2.3
2023-09-08 08:58:53,001 [WARN] PackLoader:240 - Cannot read IP mode file for STMicroelectronics.X-CUBE-BLE1.6.2.4
2023-09-08 08:58:53,074 [WARN] PackLoader:240 - Cannot read IP mode file for STMicroelectronics.X-CUBE-BLE1.6.2.2
2023-09-08 08:58:53,078 [WARN] PackLoader:240 - Cannot read IP mode file for STMicroelectronics.FP-SNS-FLIGHT1.5.0.2
2023-09-08 08:58:53,082 [WARN] PackLoader:240 - Cannot read IP mode file for STMicroelectronics.X-CUBE-BLE2.3.2.2
2023-09-08 08:58:53,088 [WARN] PackLoader:240 - Cannot read IP mode file for STMicroelectronics.X-CUBE-TOF1.3.1.0
2023-09-08 08:58:53,096 [WARN] PackLoader:240 - Cannot read IP mode file for STMicroelectronics.X-CUBE-DISPLAY.3.0.0
2023-09-08 08:58:53,105 [WARN] PackLoader:240 - Cannot read IP mode file for STMicroelectronics.X-CUBE-BLE1.7.0.0
2023-09-08 08:58:53,108 [WARN] PackLoader:240 - Cannot read IP mode file for STMicroelectronics.X-CUBE-TOUCHGFX.4.22.0
2023-09-08 08:58:53,117 [WARN] PackLoader:240 - Cannot read IP mode file for STMicroelectronics.X-CUBE-SUBG2.4.2.0
2023-09-08 08:58:53,173 [WARN] PackLoader:240 - Cannot read IP mode file for STMicroelectronics.X-CUBE-MEMS1.9.3.0
2023-09-08 08:58:53,261 [WARN] PackLoader:240 - Cannot read IP mode file for STMicroelectronics.X-CUBE-AI.7.2.0
2023-09-08 08:58:53,268 [INFO] LogOutputStream:77 - [STDOUT_REDIRECT] 1 : Invalid condition id : UX_CORESTACK_Condition cause : null
2023-09-08 08:58:53,268 [INFO] LogOutputStream:77 - [STDOUT_REDIRECT] 1 : Invalid condition id : UX_CORESTACK_Condition cause : null
2023-09-08 08:58:53,269 [INFO] LogOutputStream:77 - [STDOUT_REDIRECT] 1 : Invalid condition id : UX_CORESTACK_Condition cause : null
2023-09-08 08:58:53,270 [INFO] LogOutputStream:77 - [STDOUT_REDIRECT] 1 : Invalid condition id : UX_CORESTACK_Condition cause : null
2023-09-08 08:58:53,271 [INFO] LogOutputStream:77 - [STDOUT_REDIRECT] 1 : Invalid condition id : UX_CORESTACK_Condition cause : null
2023-09-08 08:58:53,273 [WARN] PackLoader:240 - Cannot read IP mode file for STMicroelectronics.X-CUBE-AZRTOS-WL.2.0.0
2023-09-08 08:58:53,282 [WARN] PackLoader:240 - Cannot read IP mode file for STMicroelectronics.X-CUBE-ALGOBUILD.1.2.1
2023-09-08 08:58:53,287 [WARN] PackLoader:240 - Cannot read IP mode file for WES.I-CUBE-Cesium.1.3.0
2023-09-08 08:58:53,293 [WARN] PackLoader:240 - Cannot read IP mode file for STMicroelectronics.X-CUBE-BLE2.3.3.0
2023-09-08 08:58:53,326 [WARN] PackLoader:240 - Cannot read IP mode file for STMicroelectronics.X-CUBE-DISPLAY.2.2.0
2023-09-08 08:58:53,332 [WARN] PackLoader:240 - Cannot read IP mode file for STMicroelectronics.X-CUBE-TOF1.3.2.0
2023-09-08 08:58:53,337 [WARN] PackLoader:240 - Cannot read IP mode file for STMicroelectronics.X-CUBE-TOUCHGFX.4.18.1
2023-09-08 08:58:53,340 [WARN] PackLoader:240 - Cannot read IP mode file for STMicroelectronics.X-CUBE-ISPU.1.0.0
2023-09-08 08:58:53,344 [WARN] PackLoader:240 - Cannot read IP mode file for wolfSSL.I-CUBE-wolfSSL.5.0.0
2023-09-08 08:58:53,390 [WARN] PackLoader:240 - Cannot read IP mode file for STMicroelectronics.X-CUBE-AZRTOS-H7.2.1.0
2023-09-08 08:58:53,394 [WARN] PackLoader:240 - Cannot read IP mode file for STMicroelectronics.X-CUBE-TOUCHGFX.4.21.1
2023-09-08 08:58:53,398 [WARN] PackLoader:240 - Cannot read IP mode file for STMicroelectronics.X-CUBE-TOUCHGFX.4.21.0
2023-09-08 08:58:53,400 [WARN] PackLoader:240 - Cannot read IP mode file for STMicroelectronics.X-CUBE-TOUCHGFX.4.21.3
2023-09-08 08:58:53,402 [WARN] PackLoader:240 - Cannot read IP mode file for STMicroelectronics.X-CUBE-TOUCHGFX.4.21.4
2023-09-08 08:58:53,420 [WARN] PackLoader:240 - Cannot read IP mode file for STMicroelectronics.X-CUBE-MEMS1.9.4.0
2023-09-08 08:58:53,533 [WARN] PackLoader:240 - Cannot read IP mode file for STMicroelectronics.X-CUBE-AI.7.3.0
2023-09-08 08:58:53,537 [WARN] PackLoader:240 - Cannot read IP mode file for STMicroelectronics.X-CUBE-ALGOBUILD.1.3.0
2023-09-08 08:58:53,551 [WARN] PackLoader:240 - Cannot read IP mode file for STMicroelectronics.X-CUBE-AZRTOS-G0.1.1.0
2023-09-08 08:58:53,558 [WARN] PackLoader:240 - Cannot read IP mode file for STMicroelectronics.X-CUBE-NFC4.3.0.0
2023-09-08 08:58:53,618 [WARN] PackLoader:240 - Cannot read IP mode file for SEGGER.I-CUBE-embOS.1.2.0
2023-09-08 08:58:53,658 [WARN] PackLoader:240 - Cannot read IP mode file for STMicroelectronics.X-CUBE-BLEMGR.1.3.0
2023-09-08 08:58:53,759 [WARN] PackLoader:240 - Cannot read IP mode file for STMicroelectronics.X-CUBE-AZRTOS-H7.2.0.0
2023-09-08 08:58:53,765 [WARN] PackLoader:240 - Cannot read IP mode file for STMicroelectronics.FP-ATR-SIGFOX1.3.2.0
2023-09-08 08:58:53,772 [WARN] PackLoader:240 - Cannot read IP mode file for emotas.I-CUBE-CANOPEN.1.1.2
2023-09-08 08:58:53,775 [WARN] PackLoader:240 - Cannot read IP mode file for STMicroelectronics.X-CUBE-TOUCHGFX.4.20.0
2023-09-08 08:58:53,801 [WARN] PackLoader:240 - Cannot read IP mode file for STMicroelectronics.X-CUBE-MEMS1.9.5.0
2023-09-08 08:58:53,893 [WARN] PackLoader:240 - Cannot read IP mode file for SEGGER.I-CUBE-embOS.1.3.1
2023-09-08 08:58:53,916 [WARN] PackLoader:240 - Cannot read IP mode file for STMicroelectronics.X-CUBE-DISPLAY.2.0.0
2023-09-08 08:58:53,921 [WARN] PackLoader:240 - Cannot read IP mode file for STMicroelectronics.X-CUBE-DISPLAY.2.0.1
2023-09-08 08:58:53,926 [WARN] PackLoader:240 - Cannot read IP mode file for STMicroelectronics.X-CUBE-TOF1.3.0.0
2023-09-08 08:58:53,934 [WARN] PackLoader:240 - Cannot read IP mode file for STMicroelectronics.X-CUBE-GNSS1.6.0.0
2023-09-08 08:58:53,950 [WARN] PackLoader:240 - Cannot read IP mode file for STMicroelectronics.X-CUBE-AZRTOS-F4.1.1.0
2023-09-08 08:58:53,959 [WARN] PackLoader:240 - Cannot read IP mode file for STMicroelectronics.X-CUBE-BLEMGR.1.2.0
2023-09-08 08:58:53,976 [WARN] PackLoader:240 - Cannot read IP mode file for STMicroelectronics.X-CUBE-AZRTOS-L5.2.0.0
2023-09-08 08:58:54,012 [WARN] PackLoader:240 - Cannot read IP mode file for STMicroelectronics.X-CUBE-MEMS1.9.6.0
2023-09-08 08:58:54,100 [WARN] PackLoader:240 - Cannot read IP mode file for STMicroelectronics.X-CUBE-BLEMGR.2.0.0
2023-09-08 08:58:54,105 [WARN] PackLoader:240 - Cannot read IP mode file for STMicroelectronics.X-CUBE-NFC4.2.0.5
2023-09-08 08:58:54,109 [WARN] PackLoader:240 - Cannot read IP mode file for STMicroelectronics.X-CUBE-NFC4.2.0.4
2023-09-08 08:58:54,114 [WARN] PackLoader:240 - Cannot read IP mode file for STMicroelectronics.X-CUBE-NFC4.2.0.3
2023-09-08 08:58:54,129 [WARN] ConditionMgr:438 - getConditionDescription Invalid condition id : UX DEVICE CLASS RTOS Condition cause : null
2023-09-08 08:58:54,129 [WARN] ConditionMgr:438 - getConditionDescription Invalid condition id : UX DEVICE CLASS RTOS Condition cause : null
2023-09-08 08:58:54,130 [WARN] PackLoader:240 - Cannot read IP mode file for STMicroelectronics.X-CUBE-AZRTOS-H7.3.1.0
2023-09-08 08:58:54,131 [WARN] ConditionMgr:1039 - genDependencies : Invalid condition id : UX DEVICE CLASS RTOS Condition cause : null
2023-09-08 08:58:54,131 [WARN] ConditionMgr:1039 - genDependencies : Invalid condition id : UX DEVICE CLASS RTOS Condition cause : null
2023-09-08 08:58:54,132 [WARN] ConditionMgr:1039 - genDependencies : Invalid condition id : UX DEVICE CLASS RTOS Condition cause : null
2023-09-08 08:58:54,132 [WARN] ConditionMgr:1039 - genDependencies : Invalid condition id : UX DEVICE CLASS RTOS Condition cause : null
2023-09-08 08:58:54,132 [WARN] ConditionMgr:1039 - genDependencies : Invalid condition id : UX DEVICE CLASS RTOS Condition cause : null
2023-09-08 08:58:54,139 [WARN] PackLoader:240 - Cannot read IP mode file for STMicroelectronics.X-CUBE-SFXS2LP1.3.1.0
2023-09-08 08:58:54,147 [WARN] PackLoader:240 - Cannot read IP mode file for STMicroelectronics.X-CUBE-AZRTOS-F4.1.0.0
2023-09-08 08:58:54,154 [WARN] PackLoader:240 - Cannot read IP mode file for STMicroelectronics.X-CUBE-TOF1.2.0.0
2023-09-08 08:58:54,159 [WARN] PackLoader:240 - Cannot read IP mode file for STMicroelectronics.X-CUBE-NFC7.1.0.1
2023-09-08 08:58:54,163 [WARN] PackLoader:240 - Cannot read IP mode file for STMicroelectronics.X-CUBE-NFC7.1.0.0
2023-09-08 08:58:54,168 [WARN] PackLoader:240 - Cannot read IP mode file for STMicroelectronics.X-CUBE-EEPRMA1.4.1.0
2023-09-08 08:58:54,171 [WARN] PackLoader:240 - Cannot read IP mode file for STMicroelectronics.X-CUBE-AI.8.1.0
2023-09-08 08:58:54,197 [WARN] PackLoader:240 - Cannot read IP mode file for STMicroelectronics.X-CUBE-AZRTOS-G0.1.0.0
2023-09-08 08:58:54,209 [WARN] ConditionMgr:438 - getConditionDescription Invalid condition id : LAN8742 Phy interface Condition cause : null
2023-09-08 08:58:54,210 [WARN] PackLoader:240 - Cannot read IP mode file for STMicroelectronics.X-CUBE-AZRTOS-L4.2.0.0
2023-09-08 08:58:54,211 [WARN] ConditionMgr:1039 - genDependencies : Invalid condition id : LAN8742 Phy interface Condition cause : null
2023-09-08 08:58:54,211 [WARN] ConditionMgr:1039 - genDependencies : Invalid condition id : LAN8742 Phy interface Condition cause : null
2023-09-08 08:58:54,211 [WARN] ConditionMgr:1039 - genDependencies : Invalid condition id : LAN8742 Phy interface Condition cause : null
2023-09-08 08:58:54,216 [WARN] PackLoader:240 - Cannot read IP mode file for STMicroelectronics.X-CUBE-SFXS2LP1.4.0.0
2023-09-08 08:58:54,235 [WARN] PackLoader:240 - Cannot read IP mode file for STMicroelectronics.X-CUBE-AZRTOS-H7.3.0.0
2023-09-08 08:58:54,240 [WARN] PackLoader:240 - Cannot read IP mode file for STMicroelectronics.X-CUBE-ISPU.1.1.0
2023-09-08 08:58:54,245 [WARN] PackLoader:240 - Cannot read IP mode file for RoweBots.I-CUBE-UNISONRTOS.5.5.0-4
2023-09-08 08:58:54,248 [WARN] PackLoader:240 - Cannot read IP mode file for STMicroelectronics.X-CUBE-AI.8.0.0
2023-09-08 08:58:54,254 [WARN] ConditionMgr:438 - getConditionDescription Invalid condition id : UX DEVICE CLASS RTOS Condition cause : null
2023-09-08 08:58:54,254 [WARN] ConditionMgr:438 - getConditionDescription Invalid condition id : UX DEVICE CLASS RTOS Condition cause : null
2023-09-08 08:58:54,255 [WARN] PackLoader:240 - Cannot read IP mode file for STMicroelectronics.X-CUBE-AZRTOS-WB.2.0.0
2023-09-08 08:58:54,255 [WARN] ConditionMgr:1039 - genDependencies : Invalid condition id : UX DEVICE CLASS RTOS Condition cause : null
2023-09-08 08:58:54,255 [WARN] ConditionMgr:1039 - genDependencies : Invalid condition id : UX DEVICE CLASS RTOS Condition cause : null
2023-09-08 08:58:54,255 [WARN] ConditionMgr:1039 - genDependencies : Invalid condition id : UX DEVICE CLASS RTOS Condition cause : null
2023-09-08 08:58:54,256 [WARN] ConditionMgr:1039 - genDependencies : Invalid condition id : UX DEVICE CLASS RTOS Condition cause : null
2023-09-08 08:58:54,256 [WARN] ConditionMgr:1039 - genDependencies : Invalid condition id : UX DEVICE CLASS RTOS Condition cause : null
2023-09-08 08:58:54,260 [WARN] PackLoader:240 - Cannot read IP mode file for STMicroelectronics.X-CUBE-FREERTOS.1.0.0
2023-09-08 08:58:54,262 [WARN] PackLoader:240 - Cannot read IP mode file for STMicroelectronics.X-CUBE-FREERTOS.1.0.1
2023-09-08 08:58:54,266 [WARN] PackLoader:240 - Cannot read IP mode file for STMicroelectronics.X-CUBE-BLEMGR.1.0.0
2023-09-08 08:58:54,280 [WARN] PackLoader:240 - Cannot read IP mode file for STMicroelectronics.X-CUBE-AZRTOS-L5.1.1.0
2023-09-08 08:58:54,284 [WARN] PackLoader:240 - Cannot read IP mode file for STMicroelectronics.X-CUBE-AI.8.0.1
2023-09-08 08:58:54,288 [WARN] PackLoader:240 - Cannot read IP mode file for STMicroelectronics.X-CUBE-SUBG2.5.0.0
2023-09-08 08:58:54,296 [WARN] PackLoader:240 - Cannot read IP mode file for STMicroelectronics.X-CUBE-TOF1.3.3.1
2023-09-08 08:58:54,309 [WARN] PackLoader:240 - Cannot read IP mode file for STMicroelectronics.X-CUBE-AZRTOS-G4.2.0.0
2023-09-08 08:58:54,315 [WARN] PackLoader:240 - Cannot read IP mode file for STMicroelectronics.X-CUBE-TOF1.3.3.0
2023-09-08 08:58:54,327 [WARN] PackLoader:240 - Cannot read IP mode file for STMicroelectronics.FP-ATR-ASTRA1.1.1.1
2023-09-08 08:58:54,329 [WARN] PackLoader:240 - Cannot read IP mode file for STMicroelectronics.FP-ATR-ASTRA1.1.1.0
2023-09-08 08:58:54,347 [WARN] PackLoader:240 - Cannot read IP mode file for STMicroelectronics.X-CUBE-AZRTOS-G4.1.0.0
2023-09-08 08:58:54,390 [WARN] PackLoader:240 - Cannot read IP mode file for STMicroelectronics.X-CUBE-AZRTOS-L4.1.0.0
2023-09-08 08:58:54,396 [WARN] PackLoader:240 - Cannot read IP mode file for STMicroelectronics.X-CUBE-FREERTOS.1.1.0
2023-09-08 08:58:54,437 [WARN] PackLoader:240 - Cannot read IP mode file for STMicroelectronics.X-CUBE-AZRTOS-F7.1.0.0
2023-09-08 08:58:54,443 [WARN] PackLoader:240 - Cannot read IP mode file for STMicroelectronics.X-CUBE-AZRTOS-WL.1.0.0
2023-09-08 08:58:54,457 [WARN] PackLoader:240 - Cannot read IP mode file for STMicroelectronics.X-CUBE-MEMS1.9.1.0
2023-09-08 08:58:54,503 [WARN] PackLoader:240 - Cannot read IP mode file for portGmbH.I-Cube-SoM-uGOAL.1.1.0
2023-09-08 08:58:54,507 [WARN] PackLoader:240 - Cannot read IP mode file for STMicroelectronics.X-CUBE-ALS.1.0.1
2023-09-08 08:58:54,509 [WARN] PackLoader:240 - Cannot read IP mode file for STMicroelectronics.X-CUBE-AI.7.0.0
2023-09-08 08:58:54,514 [WARN] PackLoader:240 - Cannot read IP mode file for STMicroelectronics.X-CUBE-AZRTOS-WB.1.1.0
2023-09-08 08:58:54,561 [WARN] PackLoader:240 - Cannot read IP mode file for STMicroelectronics.X-CUBE-AZRTOS-L5.1.0.0
2023-09-08 08:58:54,564 [WARN] PackLoader:240 - Cannot read IP mode file for STMicroelectronics.X-CUBE-EEPRMA1.3.1.0
2023-09-08 08:58:54,567 [WARN] PackLoader:240 - Cannot read IP mode file for STMicroelectronics.X-CUBE-EEPRMA1.3.1.1
2023-09-08 08:58:54,570 [WARN] PackLoader:240 - Cannot read IP mode file for STMicroelectronics.X-CUBE-GNSS1.5.2.0
2023-09-08 08:58:54,573 [WARN] PackLoader:240 - Cannot read IP mode file for STMicroelectronics.FP-ATR-ASTRA1.2.0.0
2023-09-08 08:58:54,574 [INFO] ThirdParty:978 - Integrity check success = true
2023-09-08 08:58:54,574 [INFO] IntegrityCheckThread:100 - exiting critical section [integrity check]
2023-09-08 08:58:54,574 [INFO] IntegrityCheckThread:103 - End integrity checks thread
2023-09-08 08:59:11,430 [ERROR] LogOutputStream:75 - [STDERR_REDIRECT] SLF4J: Failed to load class "org.slf4j.impl.StaticLoggerBinder".
2023-09-08 08:59:11,431 [ERROR] LogOutputStream:75 - [STDERR_REDIRECT] SLF4J: Defaulting to no-operation (NOP) logger implementation
2023-09-08 08:59:11,432 [ERROR] LogOutputStream:75 - [STDERR_REDIRECT] SLF4J: See http://www.slf4j.org/codes.html#StaticLoggerBinder for further details.
