2023-09-14 08:33:44,837 [INFO] Activator:176 - 


2023-09-14 08:33:44,842 [INFO] Activator:177 - !SESSION log4j initialized
2023-09-14 08:33:49,590 [INFO] LogOutputStream:77 - [STDOUT_REDIRECT] 
2023-09-14 08:33:51,670 [INFO] ApplicationProperties:184 - Using Application install path: C:\ST\STM32CubeIDE_1.10.1\STM32CubeIDE\plugins\com.st.stm32cube.common.mx_6.9.1.202307191849
2023-09-14 08:33:51,683 [INFO] DbMcusXml:78 - Set database path to: C:\ST\STM32CubeIDE_1.10.1\STM32CubeIDE\plugins\com.st.stm32cube.common.mx_6.9.1.202307191849\\db\/mcu/
2023-09-14 08:33:51,683 [INFO] ApiDb:274 - Set plugin database path to: C:\ST\STM32CubeIDE_1.10.1\STM32CubeIDE\plugins\com.st.stm32cube.common.mx_6.9.1.202307191849\\db\/plugins/boardmanager/
2023-09-14 08:33:51,684 [WARN] ApiDb:259 - Overriding images path with different value:  => C:\ST\STM32CubeIDE_1.10.1\STM32CubeIDE\plugins\com.st.stm32cube.common.mx_6.9.1.202307191849\\db\/plugins/mcufinder/images/
2023-09-14 08:33:51,693 [INFO] ApiDb:250 - Set database path to: C:\Users\Daniel\.stmcufinder\plugins\mcufinder//mcu/
2023-09-14 08:33:51,694 [INFO] DbMcusAds:125 - Set database path to: C:\Users\Daniel\.stmcufinder\plugins\mcufinder//mcu/
2023-09-14 08:33:51,695 [INFO] CrossReferenceDbSqlite:203 - Set database path to: C:\Users\Daniel\.stmcufinder\plugins\mcufinder//mcu/cs/
2023-09-14 08:33:51,772 [INFO] RulesReader:64 - Compatibility file has been processed (293 Rules)
2023-09-14 08:33:51,862 [INFO] DbMcusXml:78 - Set database path to: C:\ST\STM32CubeIDE_1.10.1\STM32CubeIDE\plugins\com.st.stm32cube.common.mx_6.9.1.202307191849\\db\/mcu/
2023-09-14 08:33:51,862 [INFO] ApiDb:274 - Set plugin database path to: C:\ST\STM32CubeIDE_1.10.1\STM32CubeIDE\plugins\com.st.stm32cube.common.mx_6.9.1.202307191849\\db\/plugins/boardmanager/
2023-09-14 08:33:51,862 [INFO] ApiDb:261 - Set plugin images path to: C:\ST\STM32CubeIDE_1.10.1\STM32CubeIDE\plugins\com.st.stm32cube.common.mx_6.9.1.202307191849\\db\/plugins/mcufinder/images/
2023-09-14 08:33:51,862 [WARN] DbFile:41 - Overriding database path with different value: C:\Users\Daniel\.stmcufinder\plugins\mcufinder/ => C:\Users\Daniel\.stmcufinder\plugins\mcufinder
2023-09-14 08:33:51,862 [INFO] ApiDb:250 - Set database path to: C:\Users\Daniel\.stmcufinder\plugins\mcufinder//mcu/
2023-09-14 08:33:51,863 [WARN] DbFile:41 - Overriding database path with different value: C:\Users\Daniel\.stmcufinder\plugins\mcufinder/ => C:\Users\Daniel\.stmcufinder\plugins\mcufinder
2023-09-14 08:33:51,863 [INFO] DbMcusAds:125 - Set database path to: C:\Users\Daniel\.stmcufinder\plugins\mcufinder//mcu/
2023-09-14 08:33:51,863 [WARN] DbFile:41 - Overriding database path with different value: C:\Users\Daniel\.stmcufinder\plugins\mcufinder/ => C:\Users\Daniel\.stmcufinder\plugins\mcufinder
2023-09-14 08:33:51,863 [WARN] DbFile:41 - Overriding database path with different value: C:\Users\Daniel\.stmcufinder\plugins\mcufinder/ => C:\Users\Daniel\.stmcufinder\plugins\mcufinder
2023-09-14 08:33:51,863 [INFO] CrossReferenceDbSqlite:203 - Set database path to: C:\Users\Daniel\.stmcufinder\plugins\mcufinder//mcu/cs/
2023-09-14 08:33:51,929 [INFO] MainPanel:262 - HeapMemory: 268435456
2023-09-14 08:33:51,998 [INFO] DbMcusXml:78 - Set database path to: C:\ST\STM32CubeIDE_1.10.1\STM32CubeIDE\plugins\com.st.stm32cube.common.mx_6.9.1.202307191849\\db\/mcu/
2023-09-14 08:33:51,998 [INFO] ApiDb:274 - Set plugin database path to: C:\ST\STM32CubeIDE_1.10.1\STM32CubeIDE\plugins\com.st.stm32cube.common.mx_6.9.1.202307191849\\db\/plugins/boardmanager/
2023-09-14 08:33:51,998 [INFO] ApiDb:261 - Set plugin images path to: C:\ST\STM32CubeIDE_1.10.1\STM32CubeIDE\plugins\com.st.stm32cube.common.mx_6.9.1.202307191849\\db\/plugins/mcufinder/images/
2023-09-14 08:33:51,998 [WARN] DbFile:41 - Overriding database path with different value: C:\Users\Daniel\.stmcufinder\plugins\mcufinder/ => C:\Users\Daniel\.stmcufinder\plugins\mcufinder
2023-09-14 08:33:51,999 [INFO] ApiDb:250 - Set database path to: C:\Users\Daniel\.stmcufinder\plugins\mcufinder//mcu/
2023-09-14 08:33:51,999 [WARN] DbFile:41 - Overriding database path with different value: C:\Users\Daniel\.stmcufinder\plugins\mcufinder/ => C:\Users\Daniel\.stmcufinder\plugins\mcufinder
2023-09-14 08:33:51,999 [INFO] DbMcusAds:125 - Set database path to: C:\Users\Daniel\.stmcufinder\plugins\mcufinder//mcu/
2023-09-14 08:33:51,999 [WARN] DbFile:41 - Overriding database path with different value: C:\Users\Daniel\.stmcufinder\plugins\mcufinder/ => C:\Users\Daniel\.stmcufinder\plugins\mcufinder
2023-09-14 08:33:51,999 [WARN] DbFile:41 - Overriding database path with different value: C:\Users\Daniel\.stmcufinder\plugins\mcufinder/ => C:\Users\Daniel\.stmcufinder\plugins\mcufinder
2023-09-14 08:33:51,999 [INFO] CrossReferenceDbSqlite:203 - Set database path to: C:\Users\Daniel\.stmcufinder\plugins\mcufinder//mcu/cs/
2023-09-14 08:33:52,014 [INFO] ApplicationProperties:184 - Using Application install path: C:\ST\STM32CubeIDE_1.10.1\STM32CubeIDE\plugins\com.st.stm32cube.common.mx_6.9.1.202307191849
2023-09-14 08:33:52,015 [INFO] PluginManage:196 - Search for loadable plugins [exclusion list=, ]
2023-09-14 08:33:52,017 [INFO] PluginManage:310 - Check plugin analytics
2023-09-14 08:33:52,142 [INFO] AnalyticsPlugin:253 - Accepted Software Licenses: STM32CubeMX.6.6.1
2023-09-14 08:33:52,142 [INFO] AnalyticsPlugin:255 - Accepted CMSIS Pack Licenses: 
2023-09-14 08:33:52,143 [INFO] AnalyticsPlugin:257 - Accepted Firmware Licenses: FW.G0.1.5.0,FW.G4.1.5.0,FW.WB.1.14.0,FW.G0.1.6.0
2023-09-14 08:33:52,145 [INFO] PluginManage:359 - Loaded plugin analytics (category:tool,tabindex:-1)
2023-09-14 08:33:52,146 [INFO] PluginManage:310 - Check plugin cadmodel
2023-09-14 08:33:52,174 [INFO] CADModel:105 - Init CAD model plugin
2023-09-14 08:33:52,174 [INFO] PluginManage:359 - Loaded plugin cadmodel (category:power,tabindex:5)
2023-09-14 08:33:52,175 [INFO] PluginManage:310 - Check plugin clock
2023-09-14 08:33:52,207 [INFO] PluginManage:359 - Loaded plugin clock (category:base,tabindex:2)
2023-09-14 08:33:52,207 [INFO] PluginManage:310 - Check plugin ddr
2023-09-14 08:33:52,209 [INFO] PluginManage:359 - Loaded plugin ddr (category:tool,tabindex:6)
2023-09-14 08:33:52,209 [INFO] PluginManage:310 - Check plugin filemanager
2023-09-14 08:33:52,314 [INFO] PluginManage:359 - Loaded plugin filemanager (category:base,tabindex:10)
2023-09-14 08:33:52,314 [INFO] PluginManage:310 - Check plugin ipmanager
2023-09-14 08:33:52,322 [INFO] PluginManage:359 - Loaded plugin ipmanager (category:base,tabindex:5)
2023-09-14 08:33:52,322 [INFO] PluginManage:310 - Check plugin lpbam
2023-09-14 08:33:52,345 [INFO] PluginManage:359 - Loaded plugin lpbam (category:base,tabindex:0)
2023-09-14 08:33:52,345 [INFO] PluginManage:310 - Check plugin memorymap
2023-09-14 08:33:52,368 [INFO] PluginManage:359 - Loaded plugin memorymap (category:base,tabindex:4)
2023-09-14 08:33:52,369 [INFO] PluginManage:310 - Check plugin pinoutandconfiguration
2023-09-14 08:33:52,406 [INFO] PluginManage:359 - Loaded plugin pinoutandconfiguration (category:base,tabindex:1)
2023-09-14 08:33:52,406 [INFO] PluginManage:310 - Check plugin pinoutconfig
2023-09-14 08:33:52,496 [WARN] SupportedApi:132 - Cannot load RTOS API schema: s4s-elt-must-match.1: The content of 'definitions' must match (annotation?, (simpleType | complexType)?, (unique | key | keyref)*)). A problem was found starting at: attribute.
2023-09-14 08:33:52,596 [INFO] PluginManage:359 - Loaded plugin pinoutconfig (category:base,tabindex:0)
2023-09-14 08:33:52,596 [INFO] PluginManage:310 - Check plugin power
2023-09-14 08:33:52,629 [INFO] PluginManage:359 - Loaded plugin power (category:power,tabindex:4)
2023-09-14 08:33:52,629 [INFO] PluginManage:310 - Check plugin projectmanager
2023-09-14 08:33:52,638 [INFO] PluginManage:359 - Loaded plugin projectmanager (category:projectmanager,tabindex:3)
2023-09-14 08:33:52,638 [INFO] PluginManage:310 - Check plugin thirdparty
2023-09-14 08:33:52,777 [INFO] PluginManage:359 - Loaded plugin thirdparty (category:base,tabindex:-1)
2023-09-14 08:33:52,777 [WARN] IntegrityCheckThread:84 - waiting for thirdparty lock release [integrity check]
2023-09-14 08:33:52,777 [INFO] PluginManage:310 - Check plugin tools
2023-09-14 08:33:52,777 [INFO] IntegrityCheckThread:86 - entering critical section [integrity check]
2023-09-14 08:33:52,777 [INFO] ThirdPartyUpdaterWithRetryManager:70 - Updater plugin not ready yet. [1/15]
2023-09-14 08:33:52,782 [INFO] PluginManage:359 - Loaded plugin tools (category:base,tabindex:7)
2023-09-14 08:33:52,782 [INFO] PluginManage:310 - Check plugin tutovideos
2023-09-14 08:33:52,918 [INFO] PluginManage:359 - Loaded plugin tutovideos (category:base,tabindex:-1)
2023-09-14 08:33:52,918 [INFO] PluginManage:310 - Check plugin updater
2023-09-14 08:33:52,927 [INFO] PluginManage:359 - Loaded plugin updater (category:base,tabindex:12)
2023-09-14 08:33:52,927 [INFO] PluginManage:310 - Check plugin userauth
2023-09-14 08:33:52,931 [INFO] UserAuth:113 - Init User Auth plugin
2023-09-14 08:33:52,931 [INFO] PluginManage:359 - Loaded plugin userauth (category:base,tabindex:14)
2023-09-14 08:33:52,931 [INFO] PluginManage:283 - PluginManage : Loaded plugins [17]
2023-09-14 08:33:53,112 [INFO] PinOutPanel:1499 - setPackage(No Configuration,No Configuration)
2023-09-14 08:33:53,199 [INFO] CADModel:165 - CPN selected for project level
2023-09-14 08:33:53,200 [INFO] CADModel:114 - Register for checkConnection events
2023-09-14 08:33:53,217 [INFO] IPUIPlugin:80 - create IPUIPlugin
2023-09-14 08:33:53,217 [INFO] PluginManager:220 - loadIPPluginJar : add adc
2023-09-14 08:33:53,221 [INFO] IPUIPlugin:80 - create IPUIPlugin
2023-09-14 08:33:53,222 [INFO] PluginManager:220 - loadIPPluginJar : add aes
2023-09-14 08:33:53,225 [INFO] IPUIPlugin:80 - create IPUIPlugin
2023-09-14 08:33:53,225 [INFO] PluginManager:220 - loadIPPluginJar : add can
2023-09-14 08:33:53,228 [INFO] IPUIPlugin:80 - create IPUIPlugin
2023-09-14 08:33:53,228 [INFO] PluginManager:220 - loadIPPluginJar : add comp
2023-09-14 08:33:53,231 [INFO] IPUIPlugin:80 - create IPUIPlugin
2023-09-14 08:33:53,231 [INFO] PluginManager:220 - loadIPPluginJar : add cryp
2023-09-14 08:33:53,234 [INFO] IPUIPlugin:80 - create IPUIPlugin
2023-09-14 08:33:53,234 [INFO] PluginManager:220 - loadIPPluginJar : add dfsdm
2023-09-14 08:33:53,244 [INFO] IPUIPlugin:80 - create IPUIPlugin
2023-09-14 08:33:53,244 [INFO] PluginManager:220 - loadIPPluginJar : add dma
2023-09-14 08:33:53,247 [INFO] IPUIPlugin:80 - create IPUIPlugin
2023-09-14 08:33:53,247 [INFO] PluginManager:220 - loadIPPluginJar : add dma3
2023-09-14 08:33:53,250 [INFO] IPUIPlugin:80 - create IPUIPlugin
2023-09-14 08:33:53,250 [INFO] PluginManager:220 - loadIPPluginJar : add fatfs
2023-09-14 08:33:53,255 [INFO] IPUIPlugin:80 - create IPUIPlugin
2023-09-14 08:33:53,255 [INFO] PluginManager:220 - loadIPPluginJar : add fmc
2023-09-14 08:33:53,283 [INFO] IPUIPlugin:80 - create IPUIPlugin
2023-09-14 08:33:53,283 [INFO] PluginManager:220 - loadIPPluginJar : add freertos
2023-09-14 08:33:53,286 [INFO] IPUIPlugin:80 - create IPUIPlugin
2023-09-14 08:33:53,286 [INFO] PluginManager:220 - loadIPPluginJar : add genericplugin
2023-09-14 08:33:53,292 [INFO] IPUIPlugin:80 - create IPUIPlugin
2023-09-14 08:33:53,292 [INFO] PluginManager:220 - loadIPPluginJar : add gfxmmu
2023-09-14 08:33:53,302 [INFO] IPUIPlugin:80 - create IPUIPlugin
2023-09-14 08:33:53,302 [INFO] PluginManager:220 - loadIPPluginJar : add gic
2023-09-14 08:33:53,316 [INFO] IPUIPlugin:80 - create IPUIPlugin
2023-09-14 08:33:53,316 [INFO] PluginManager:220 - loadIPPluginJar : add gpio
2023-09-14 08:33:53,323 [INFO] IPUIPlugin:80 - create IPUIPlugin
2023-09-14 08:33:53,323 [INFO] PluginManager:220 - loadIPPluginJar : add gtzc
2023-09-14 08:33:53,327 [INFO] IPUIPlugin:80 - create IPUIPlugin
2023-09-14 08:33:53,327 [INFO] PluginManager:220 - loadIPPluginJar : add hash
2023-09-14 08:33:53,331 [INFO] IPUIPlugin:80 - create IPUIPlugin
2023-09-14 08:33:53,332 [INFO] PluginManager:220 - loadIPPluginJar : add i2c
2023-09-14 08:33:53,337 [INFO] IPUIPlugin:80 - create IPUIPlugin
2023-09-14 08:33:53,337 [INFO] PluginManager:220 - loadIPPluginJar : add i2s
2023-09-14 08:33:53,340 [INFO] IPUIPlugin:80 - create IPUIPlugin
2023-09-14 08:33:53,340 [INFO] PluginManager:220 - loadIPPluginJar : add i3c
2023-09-14 08:33:53,347 [INFO] IPUIPlugin:80 - create IPUIPlugin
2023-09-14 08:33:53,347 [INFO] PluginManager:220 - loadIPPluginJar : add ipddr
2023-09-14 08:33:53,355 [INFO] IPUIPlugin:80 - create IPUIPlugin
2023-09-14 08:33:53,355 [INFO] PluginManager:220 - loadIPPluginJar : add linkedlist
2023-09-14 08:33:53,359 [INFO] IPUIPlugin:80 - create IPUIPlugin
2023-09-14 08:33:53,359 [INFO] PluginManager:220 - loadIPPluginJar : add lorawan
2023-09-14 08:33:53,362 [INFO] IPUIPlugin:80 - create IPUIPlugin
2023-09-14 08:33:53,363 [INFO] PluginManager:220 - loadIPPluginJar : add ltdc
2023-09-14 08:33:53,377 [INFO] IPUIPlugin:80 - create IPUIPlugin
2023-09-14 08:33:53,378 [INFO] PluginManager:220 - loadIPPluginJar : add mdma
2023-09-14 08:33:53,392 [INFO] IPUIPlugin:80 - create IPUIPlugin
2023-09-14 08:33:53,392 [INFO] PluginManager:220 - loadIPPluginJar : add nvic
2023-09-14 08:33:53,396 [INFO] IPUIPlugin:80 - create IPUIPlugin
2023-09-14 08:33:53,396 [INFO] PluginManager:220 - loadIPPluginJar : add opamp
2023-09-14 08:33:53,401 [INFO] IPUIPlugin:80 - create IPUIPlugin
2023-09-14 08:33:53,401 [INFO] PluginManager:220 - loadIPPluginJar : add openamp
2023-09-14 08:33:53,405 [INFO] IPUIPlugin:80 - create IPUIPlugin
2023-09-14 08:33:53,405 [INFO] PluginManager:220 - loadIPPluginJar : add pdm2pcm
2023-09-14 08:33:53,419 [INFO] IPUIPlugin:80 - create IPUIPlugin
2023-09-14 08:33:53,420 [INFO] PluginManager:220 - loadIPPluginJar : add plateformsettings
2023-09-14 08:33:53,422 [INFO] IPUIPlugin:80 - create IPUIPlugin
2023-09-14 08:33:53,423 [INFO] PluginManager:220 - loadIPPluginJar : add quadspi
2023-09-14 08:33:53,453 [INFO] IPUIPlugin:80 - create IPUIPlugin
2023-09-14 08:33:53,453 [INFO] PluginManager:220 - loadIPPluginJar : add resmgrutility
2023-09-14 08:33:53,458 [INFO] IPUIPlugin:80 - create IPUIPlugin
2023-09-14 08:33:53,458 [INFO] PluginManager:220 - loadIPPluginJar : add sai
2023-09-14 08:33:53,463 [INFO] IPUIPlugin:80 - create IPUIPlugin
2023-09-14 08:33:53,463 [INFO] PluginManager:220 - loadIPPluginJar : add spi
2023-09-14 08:33:53,469 [INFO] IPUIPlugin:80 - create IPUIPlugin
2023-09-14 08:33:53,469 [INFO] PluginManager:220 - loadIPPluginJar : add stm32_wpan
2023-09-14 08:33:53,472 [INFO] IPUIPlugin:80 - create IPUIPlugin
2023-09-14 08:33:53,472 [INFO] PluginManager:220 - loadIPPluginJar : add tim
2023-09-14 08:33:53,478 [INFO] IPUIPlugin:80 - create IPUIPlugin
2023-09-14 08:33:53,478 [INFO] PluginManager:220 - loadIPPluginJar : add touchsensing
2023-09-14 08:33:53,481 [INFO] IPUIPlugin:80 - create IPUIPlugin
2023-09-14 08:33:53,481 [INFO] PluginManager:220 - loadIPPluginJar : add tracer_emb
2023-09-14 08:33:53,484 [INFO] IPUIPlugin:80 - create IPUIPlugin
2023-09-14 08:33:53,484 [INFO] PluginManager:220 - loadIPPluginJar : add ts
2023-09-14 08:33:53,487 [INFO] IPUIPlugin:80 - create IPUIPlugin
2023-09-14 08:33:53,487 [INFO] PluginManager:220 - loadIPPluginJar : add tsc
2023-09-14 08:33:53,490 [INFO] IPUIPlugin:80 - create IPUIPlugin
2023-09-14 08:33:53,490 [INFO] PluginManager:220 - loadIPPluginJar : add ucpd
2023-09-14 08:33:53,495 [INFO] IPUIPlugin:80 - create IPUIPlugin
2023-09-14 08:33:53,495 [INFO] PluginManager:220 - loadIPPluginJar : add usart
2023-09-14 08:33:53,499 [INFO] IPUIPlugin:80 - create IPUIPlugin
2023-09-14 08:33:53,499 [INFO] PluginManager:220 - loadIPPluginJar : add usbx
2023-09-14 08:33:53,614 [INFO] CADModel:165 - CPN selected for project level
2023-09-14 08:33:53,614 [INFO] CADModel:114 - Register for checkConnection events
2023-09-14 08:33:53,614 [FATAL] Updater:308 - Updater called before beeing initialized
2023-09-14 08:33:53,615 [ERROR] CADModel:125 - Updater not yet initialized, retry later 
2023-09-14 08:33:53,719 [INFO] CADModel:165 - CPN selected for project level
2023-09-14 08:33:53,719 [INFO] CADModel:114 - Register for checkConnection events
2023-09-14 08:33:53,719 [FATAL] Updater:308 - Updater called before beeing initialized
2023-09-14 08:33:53,719 [ERROR] CADModel:125 - Updater not yet initialized, retry later 
2023-09-14 08:33:53,721 [FATAL] Updater:308 - Updater called before beeing initialized
2023-09-14 08:33:53,805 [FATAL] Updater:308 - Updater called before beeing initialized
2023-09-14 08:33:53,809 [INFO] DbMcusAds:53 - JSON generation date=Tue Mar 07 09:50:54 CET 2023 (1678179054945)
2023-09-14 08:33:53,809 [FATAL] Updater:308 - Updater called before beeing initialized
2023-09-14 08:33:53,846 [WARN] DetailPanel:346 - Failed to get advertising image, set to default
2023-09-14 08:33:53,946 [FATAL] Updater:308 - Updater called before beeing initialized
2023-09-14 08:33:53,947 [FATAL] Updater:308 - Updater called before beeing initialized
2023-09-14 08:33:53,947 [FATAL] Updater:308 - Updater called before beeing initialized
2023-09-14 08:33:53,947 [WARN] DetailPanel:346 - Failed to get advertising image, set to default
2023-09-14 08:33:53,948 [FATAL] Updater:308 - Updater called before beeing initialized
2023-09-14 08:33:53,981 [ERROR] Updater:1120 - MainUpdater not yet initialized. External WinMGr cannot be set.
2023-09-14 08:33:53,984 [INFO] Updater:1056 - Updater Version found : 6.9.1
2023-09-14 08:33:53,997 [INFO] ApplicationProperties:184 - Using Application install path: C:\ST\STM32CubeIDE_1.10.1\STM32CubeIDE\plugins\com.st.stm32cube.common.mx_6.9.1.202307191849
2023-09-14 08:33:54,233 [INFO] MainUpdater:2868 - connection check result : 10
2023-09-14 08:33:54,234 [INFO] MainUpdater:285 - Updater Check For Update Now.
2023-09-14 08:33:54,234 [INFO] MicroXplorer:498 - Change Database Version : DB.6.0.91
2023-09-14 08:33:54,241 [INFO] McuFinderGlobals:63 - Set McuFinder mode to 2 (CubeIDE integrated)
2023-09-14 08:33:54,398 [INFO] CheckServerUpdateThread:120 - End of CheckServer Thread
2023-09-14 08:33:55,978 [WARN] PackLoader:240 - Cannot read IP mode file for STMicroelectronics.X-CUBE-SMBUS.2.1.0
2023-09-14 08:33:56,060 [WARN] PackLoader:240 - Cannot read IP mode file for STMicroelectronics.X-CUBE-MEMS1.9.2.0
2023-09-14 08:33:56,154 [WARN] PackLoader:240 - Cannot read IP mode file for STMicroelectronics.X-CUBE-AZRTOS-F7.1.1.0
2023-09-14 08:33:56,163 [WARN] PackLoader:240 - Cannot read IP mode file for STMicroelectronics.X-CUBE-AI.7.1.0
2023-09-14 08:33:56,170 [WARN] PackLoader:240 - Cannot read IP mode file for STMicroelectronics.X-CUBE-TOUCHGFX.4.19.1
2023-09-14 08:33:56,174 [ERROR] RealEvaluatedCondition:428 - Found unsupported composite condition: GROUP='STM32_MetaDataManager' CLASS='Data Exchange'
2023-09-14 08:33:56,174 [ERROR] RealEvaluatedCondition:428 - Found unsupported composite condition: GROUP='STM32_MetaDataManager' CLASS='Data Exchange'
2023-09-14 08:33:56,175 [WARN] PackLoader:240 - Cannot read IP mode file for STMicroelectronics.FP-SNS-MOTENV1.4.3.0
2023-09-14 08:33:56,179 [WARN] PackLoader:240 - Cannot read IP mode file for STMicroelectronics.FP-SNS-MOTENV1.4.3.2
2023-09-14 08:33:56,183 [WARN] PackLoader:240 - Cannot read IP mode file for STMicroelectronics.FP-SNS-FLIGHT1.5.0.0
2023-09-14 08:33:56,186 [ERROR] RealEvaluatedCondition:428 - Found unsupported composite condition: GROUP='STM32_MetaDataManager' CLASS='Data Exchange'
2023-09-14 08:33:56,186 [ERROR] RealEvaluatedCondition:428 - Found unsupported composite condition: CLASS='Data Exchange' GROUP='STM32_MetaDataManager'
2023-09-14 08:33:56,187 [WARN] PackLoader:240 - Cannot read IP mode file for STMicroelectronics.FP-SNS-MOTENV1.4.3.1
2023-09-14 08:33:56,190 [WARN] PackLoader:240 - Cannot read IP mode file for STMicroelectronics.FP-SNS-FLIGHT1.5.0.1
2023-09-14 08:33:56,195 [WARN] PackLoader:240 - Cannot read IP mode file for STMicroelectronics.X-CUBE-BLE1.6.2.3
2023-09-14 08:33:56,202 [WARN] PackLoader:240 - Cannot read IP mode file for STMicroelectronics.X-CUBE-BLE1.6.2.4
2023-09-14 08:33:56,278 [WARN] PackLoader:240 - Cannot read IP mode file for STMicroelectronics.X-CUBE-BLE1.6.2.2
2023-09-14 08:33:56,285 [WARN] PackLoader:240 - Cannot read IP mode file for STMicroelectronics.FP-SNS-FLIGHT1.5.0.2
2023-09-14 08:33:56,291 [WARN] PackLoader:240 - Cannot read IP mode file for STMicroelectronics.X-CUBE-BLE2.3.2.2
2023-09-14 08:33:56,299 [WARN] PackLoader:240 - Cannot read IP mode file for STMicroelectronics.X-CUBE-TOF1.3.1.0
2023-09-14 08:33:56,312 [WARN] PackLoader:240 - Cannot read IP mode file for STMicroelectronics.X-CUBE-DISPLAY.3.0.0
2023-09-14 08:33:56,321 [WARN] PackLoader:240 - Cannot read IP mode file for STMicroelectronics.X-CUBE-BLE1.7.0.0
2023-09-14 08:33:56,324 [WARN] PackLoader:240 - Cannot read IP mode file for STMicroelectronics.X-CUBE-TOUCHGFX.4.22.0
2023-09-14 08:33:56,332 [WARN] PackLoader:240 - Cannot read IP mode file for STMicroelectronics.X-CUBE-SUBG2.4.2.0
2023-09-14 08:33:56,389 [WARN] PackLoader:240 - Cannot read IP mode file for STMicroelectronics.X-CUBE-MEMS1.9.3.0
2023-09-14 08:33:56,480 [WARN] PackLoader:240 - Cannot read IP mode file for STMicroelectronics.X-CUBE-AI.7.2.0
2023-09-14 08:33:56,486 [WARN] PackLoader:240 - Cannot read IP mode file for STMicroelectronics.FP-SNS-SMARTAG2.1.2.0
2023-09-14 08:33:56,492 [INFO] LogOutputStream:77 - [STDOUT_REDIRECT] 1 : Invalid condition id : UX_CORESTACK_Condition cause : null
2023-09-14 08:33:56,493 [INFO] LogOutputStream:77 - [STDOUT_REDIRECT] 1 : Invalid condition id : UX_CORESTACK_Condition cause : null
2023-09-14 08:33:56,494 [INFO] LogOutputStream:77 - [STDOUT_REDIRECT] 1 : Invalid condition id : UX_CORESTACK_Condition cause : null
2023-09-14 08:33:56,496 [INFO] LogOutputStream:77 - [STDOUT_REDIRECT] 1 : Invalid condition id : UX_CORESTACK_Condition cause : null
2023-09-14 08:33:56,497 [INFO] LogOutputStream:77 - [STDOUT_REDIRECT] 1 : Invalid condition id : UX_CORESTACK_Condition cause : null
2023-09-14 08:33:56,500 [WARN] PackLoader:240 - Cannot read IP mode file for STMicroelectronics.X-CUBE-AZRTOS-WL.2.0.0
2023-09-14 08:33:56,518 [WARN] PackLoader:240 - Cannot read IP mode file for STMicroelectronics.X-CUBE-ALGOBUILD.1.2.1
2023-09-14 08:33:56,525 [WARN] PackLoader:240 - Cannot read IP mode file for WES.I-CUBE-Cesium.1.3.0
2023-09-14 08:33:56,532 [WARN] PackLoader:240 - Cannot read IP mode file for STMicroelectronics.X-CUBE-BLE2.3.3.0
2023-09-14 08:33:56,573 [WARN] PackLoader:240 - Cannot read IP mode file for STMicroelectronics.X-CUBE-DISPLAY.2.2.0
2023-09-14 08:33:56,584 [WARN] PackLoader:240 - Cannot read IP mode file for STMicroelectronics.X-CUBE-TOF1.3.2.0
2023-09-14 08:33:56,589 [WARN] PackLoader:240 - Cannot read IP mode file for STMicroelectronics.X-CUBE-TOUCHGFX.4.18.1
2023-09-14 08:33:56,593 [WARN] PackLoader:240 - Cannot read IP mode file for STMicroelectronics.X-CUBE-ISPU.1.0.0
2023-09-14 08:33:56,598 [WARN] PackLoader:240 - Cannot read IP mode file for wolfSSL.I-CUBE-wolfSSL.5.0.0
2023-09-14 08:33:56,648 [WARN] PackLoader:240 - Cannot read IP mode file for STMicroelectronics.X-CUBE-AZRTOS-H7.2.1.0
2023-09-14 08:33:56,654 [WARN] PackLoader:240 - Cannot read IP mode file for STMicroelectronics.X-CUBE-TOUCHGFX.4.21.1
2023-09-14 08:33:56,657 [WARN] PackLoader:240 - Cannot read IP mode file for STMicroelectronics.X-CUBE-TOUCHGFX.4.21.0
2023-09-14 08:33:56,660 [WARN] PackLoader:240 - Cannot read IP mode file for STMicroelectronics.X-CUBE-TOUCHGFX.4.21.3
2023-09-14 08:33:56,662 [WARN] PackLoader:240 - Cannot read IP mode file for STMicroelectronics.X-CUBE-TOUCHGFX.4.21.4
2023-09-14 08:33:56,695 [WARN] PackLoader:240 - Cannot read IP mode file for STMicroelectronics.X-CUBE-MEMS1.9.4.0
2023-09-14 08:33:56,799 [WARN] PackLoader:240 - Cannot read IP mode file for STMicroelectronics.X-CUBE-AI.7.3.0
2023-09-14 08:33:56,803 [WARN] PackLoader:240 - Cannot read IP mode file for STMicroelectronics.X-CUBE-ALGOBUILD.1.3.0
2023-09-14 08:33:56,822 [WARN] PackLoader:240 - Cannot read IP mode file for STMicroelectronics.X-CUBE-AZRTOS-G0.1.1.0
2023-09-14 08:33:56,828 [WARN] PackLoader:240 - Cannot read IP mode file for STMicroelectronics.X-CUBE-NFC4.3.0.0
2023-09-14 08:33:56,875 [WARN] PackLoader:240 - Cannot read IP mode file for SEGGER.I-CUBE-embOS.1.2.0
2023-09-14 08:33:56,899 [WARN] PackLoader:240 - Cannot read IP mode file for STMicroelectronics.X-CUBE-BLEMGR.1.3.0
2023-09-14 08:33:56,909 [WARN] PackLoader:240 - Cannot read IP mode file for STMicroelectronics.X-CUBE-AZRTOS-H7.2.0.0
2023-09-14 08:33:56,916 [WARN] PackLoader:240 - Cannot read IP mode file for STMicroelectronics.FP-ATR-SIGFOX1.3.2.0
2023-09-14 08:33:56,921 [WARN] PackLoader:240 - Cannot read IP mode file for emotas.I-CUBE-CANOPEN.1.1.2
2023-09-14 08:33:56,925 [WARN] PackLoader:240 - Cannot read IP mode file for STMicroelectronics.X-CUBE-TOUCHGFX.4.20.0
2023-09-14 08:33:56,951 [WARN] PackLoader:240 - Cannot read IP mode file for STMicroelectronics.X-CUBE-MEMS1.9.5.0
2023-09-14 08:33:57,051 [WARN] PackLoader:240 - Cannot read IP mode file for SEGGER.I-CUBE-embOS.1.3.1
2023-09-14 08:33:57,075 [WARN] PackLoader:240 - Cannot read IP mode file for STMicroelectronics.X-CUBE-DISPLAY.2.0.0
2023-09-14 08:33:57,078 [WARN] PackLoader:240 - Cannot read IP mode file for STMicroelectronics.X-CUBE-DISPLAY.2.0.1
2023-09-14 08:33:57,083 [WARN] PackLoader:240 - Cannot read IP mode file for STMicroelectronics.X-CUBE-TOF1.3.0.0
2023-09-14 08:33:57,089 [WARN] PackLoader:240 - Cannot read IP mode file for STMicroelectronics.X-CUBE-GNSS1.6.0.0
2023-09-14 08:33:57,099 [WARN] PackLoader:240 - Cannot read IP mode file for STMicroelectronics.X-CUBE-AZRTOS-F4.1.1.0
2023-09-14 08:33:57,105 [WARN] PackLoader:240 - Cannot read IP mode file for STMicroelectronics.X-CUBE-BLEMGR.1.2.0
2023-09-14 08:33:57,119 [WARN] PackLoader:240 - Cannot read IP mode file for STMicroelectronics.X-CUBE-AZRTOS-L5.2.0.0
2023-09-14 08:33:57,153 [WARN] PackLoader:240 - Cannot read IP mode file for STMicroelectronics.X-CUBE-MEMS1.9.6.0
2023-09-14 08:33:57,240 [WARN] PackLoader:240 - Cannot read IP mode file for STMicroelectronics.X-CUBE-BLEMGR.2.0.0
2023-09-14 08:33:57,244 [WARN] PackLoader:240 - Cannot read IP mode file for STMicroelectronics.X-CUBE-NFC4.2.0.5
2023-09-14 08:33:57,250 [WARN] PackLoader:240 - Cannot read IP mode file for STMicroelectronics.X-CUBE-NFC4.2.0.4
2023-09-14 08:33:57,255 [WARN] PackLoader:240 - Cannot read IP mode file for STMicroelectronics.X-CUBE-NFC4.2.0.3
2023-09-14 08:33:57,274 [WARN] ConditionMgr:438 - getConditionDescription Invalid condition id : UX DEVICE CLASS RTOS Condition cause : null
2023-09-14 08:33:57,274 [WARN] ConditionMgr:438 - getConditionDescription Invalid condition id : UX DEVICE CLASS RTOS Condition cause : null
2023-09-14 08:33:57,276 [WARN] PackLoader:240 - Cannot read IP mode file for STMicroelectronics.X-CUBE-AZRTOS-H7.3.1.0
2023-09-14 08:33:57,277 [WARN] ConditionMgr:1039 - genDependencies : Invalid condition id : UX DEVICE CLASS RTOS Condition cause : null
2023-09-14 08:33:57,278 [WARN] ConditionMgr:1039 - genDependencies : Invalid condition id : UX DEVICE CLASS RTOS Condition cause : null
2023-09-14 08:33:57,278 [WARN] ConditionMgr:1039 - genDependencies : Invalid condition id : UX DEVICE CLASS RTOS Condition cause : null
2023-09-14 08:33:57,279 [WARN] ConditionMgr:1039 - genDependencies : Invalid condition id : UX DEVICE CLASS RTOS Condition cause : null
2023-09-14 08:33:57,279 [WARN] ConditionMgr:1039 - genDependencies : Invalid condition id : UX DEVICE CLASS RTOS Condition cause : null
2023-09-14 08:33:57,286 [WARN] PackLoader:240 - Cannot read IP mode file for STMicroelectronics.X-CUBE-SFXS2LP1.3.1.0
2023-09-14 08:33:57,296 [WARN] PackLoader:240 - Cannot read IP mode file for STMicroelectronics.X-CUBE-AZRTOS-F4.1.0.0
2023-09-14 08:33:57,305 [WARN] PackLoader:240 - Cannot read IP mode file for STMicroelectronics.X-CUBE-TOF1.2.0.0
2023-09-14 08:33:57,316 [WARN] PackLoader:240 - Cannot read IP mode file for STMicroelectronics.X-CUBE-NFC7.1.0.1
2023-09-14 08:33:57,320 [WARN] PackLoader:240 - Cannot read IP mode file for STMicroelectronics.X-CUBE-NFC7.1.0.0
2023-09-14 08:33:57,326 [WARN] PackLoader:240 - Cannot read IP mode file for STMicroelectronics.X-CUBE-NFC6.3.0.0
2023-09-14 08:33:57,332 [WARN] PackLoader:240 - Cannot read IP mode file for STMicroelectronics.X-CUBE-EEPRMA1.4.1.0
2023-09-14 08:33:57,335 [WARN] PackLoader:240 - Cannot read IP mode file for STMicroelectronics.X-CUBE-AI.8.1.0
2023-09-14 08:33:57,352 [WARN] PackLoader:240 - Cannot read IP mode file for STMicroelectronics.X-CUBE-AZRTOS-G0.1.0.0
2023-09-14 08:33:57,363 [WARN] ConditionMgr:438 - getConditionDescription Invalid condition id : LAN8742 Phy interface Condition cause : null
2023-09-14 08:33:57,363 [WARN] PackLoader:240 - Cannot read IP mode file for STMicroelectronics.X-CUBE-AZRTOS-L4.2.0.0
2023-09-14 08:33:57,364 [WARN] ConditionMgr:1039 - genDependencies : Invalid condition id : LAN8742 Phy interface Condition cause : null
2023-09-14 08:33:57,364 [WARN] ConditionMgr:1039 - genDependencies : Invalid condition id : LAN8742 Phy interface Condition cause : null
2023-09-14 08:33:57,364 [WARN] ConditionMgr:1039 - genDependencies : Invalid condition id : LAN8742 Phy interface Condition cause : null
2023-09-14 08:33:57,367 [WARN] PackLoader:240 - Cannot read IP mode file for STMicroelectronics.X-CUBE-SFXS2LP1.4.0.0
2023-09-14 08:33:57,377 [WARN] PackLoader:240 - Cannot read IP mode file for STMicroelectronics.X-CUBE-AZRTOS-H7.3.0.0
2023-09-14 08:33:57,381 [WARN] PackLoader:240 - Cannot read IP mode file for STMicroelectronics.X-CUBE-ISPU.1.1.0
2023-09-14 08:33:57,386 [WARN] PackLoader:240 - Cannot read IP mode file for RoweBots.I-CUBE-UNISONRTOS.5.5.0-4
2023-09-14 08:33:57,390 [WARN] PackLoader:240 - Cannot read IP mode file for STMicroelectronics.X-CUBE-AI.8.0.0
2023-09-14 08:33:57,397 [WARN] ConditionMgr:438 - getConditionDescription Invalid condition id : UX DEVICE CLASS RTOS Condition cause : null
2023-09-14 08:33:57,398 [WARN] ConditionMgr:438 - getConditionDescription Invalid condition id : UX DEVICE CLASS RTOS Condition cause : null
2023-09-14 08:33:57,398 [WARN] PackLoader:240 - Cannot read IP mode file for STMicroelectronics.X-CUBE-AZRTOS-WB.2.0.0
2023-09-14 08:33:57,399 [WARN] ConditionMgr:1039 - genDependencies : Invalid condition id : UX DEVICE CLASS RTOS Condition cause : null
2023-09-14 08:33:57,399 [WARN] ConditionMgr:1039 - genDependencies : Invalid condition id : UX DEVICE CLASS RTOS Condition cause : null
2023-09-14 08:33:57,399 [WARN] ConditionMgr:1039 - genDependencies : Invalid condition id : UX DEVICE CLASS RTOS Condition cause : null
2023-09-14 08:33:57,399 [WARN] ConditionMgr:1039 - genDependencies : Invalid condition id : UX DEVICE CLASS RTOS Condition cause : null
2023-09-14 08:33:57,399 [WARN] ConditionMgr:1039 - genDependencies : Invalid condition id : UX DEVICE CLASS RTOS Condition cause : null
2023-09-14 08:33:57,403 [WARN] PackLoader:240 - Cannot read IP mode file for STMicroelectronics.X-CUBE-FREERTOS.1.0.0
2023-09-14 08:33:57,406 [WARN] PackLoader:240 - Cannot read IP mode file for STMicroelectronics.X-CUBE-FREERTOS.1.0.1
2023-09-14 08:33:57,410 [WARN] PackLoader:240 - Cannot read IP mode file for STMicroelectronics.X-CUBE-BLEMGR.1.0.0
2023-09-14 08:33:57,417 [WARN] PackLoader:240 - Cannot read IP mode file for STMicroelectronics.X-CUBE-AZRTOS-L5.1.1.0
2023-09-14 08:33:57,421 [WARN] PackLoader:240 - Cannot read IP mode file for STMicroelectronics.X-CUBE-AI.8.0.1
2023-09-14 08:33:57,425 [WARN] PackLoader:240 - Cannot read IP mode file for STMicroelectronics.X-CUBE-SUBG2.5.0.0
2023-09-14 08:33:57,434 [WARN] PackLoader:240 - Cannot read IP mode file for STMicroelectronics.X-CUBE-TOF1.3.3.1
2023-09-14 08:33:57,449 [WARN] PackLoader:240 - Cannot read IP mode file for STMicroelectronics.X-CUBE-AZRTOS-G4.2.0.0
2023-09-14 08:33:57,455 [WARN] PackLoader:240 - Cannot read IP mode file for STMicroelectronics.X-CUBE-TOF1.3.3.0
2023-09-14 08:33:57,463 [WARN] PackLoader:240 - Cannot read IP mode file for STMicroelectronics.FP-ATR-ASTRA1.1.1.1
2023-09-14 08:33:57,465 [WARN] PackLoader:240 - Cannot read IP mode file for STMicroelectronics.FP-ATR-ASTRA1.1.1.0
2023-09-14 08:33:57,477 [WARN] PackLoader:240 - Cannot read IP mode file for STMicroelectronics.X-CUBE-AZRTOS-G4.1.0.0
2023-09-14 08:33:57,516 [WARN] PackLoader:240 - Cannot read IP mode file for STMicroelectronics.X-CUBE-AZRTOS-L4.1.0.0
2023-09-14 08:33:57,521 [WARN] PackLoader:240 - Cannot read IP mode file for STMicroelectronics.X-CUBE-FREERTOS.1.1.0
2023-09-14 08:33:57,579 [WARN] PackLoader:240 - Cannot read IP mode file for STMicroelectronics.X-CUBE-AZRTOS-F7.1.0.0
2023-09-14 08:33:57,589 [WARN] PackLoader:240 - Cannot read IP mode file for STMicroelectronics.X-CUBE-AZRTOS-WL.1.0.0
2023-09-14 08:33:57,607 [WARN] PackLoader:240 - Cannot read IP mode file for STMicroelectronics.X-CUBE-MEMS1.9.1.0
2023-09-14 08:33:57,659 [WARN] PackLoader:240 - Cannot read IP mode file for portGmbH.I-Cube-SoM-uGOAL.1.1.0
2023-09-14 08:33:57,663 [WARN] PackLoader:240 - Cannot read IP mode file for STMicroelectronics.X-CUBE-ALS.1.0.1
2023-09-14 08:33:57,666 [WARN] PackLoader:240 - Cannot read IP mode file for STMicroelectronics.X-CUBE-AI.7.0.0
2023-09-14 08:33:57,674 [WARN] PackLoader:240 - Cannot read IP mode file for STMicroelectronics.X-CUBE-AZRTOS-WB.1.1.0
2023-09-14 08:33:57,708 [WARN] PackLoader:240 - Cannot read IP mode file for STMicroelectronics.X-CUBE-AZRTOS-L5.1.0.0
2023-09-14 08:33:57,712 [WARN] PackLoader:240 - Cannot read IP mode file for STMicroelectronics.X-CUBE-EEPRMA1.3.1.0
2023-09-14 08:33:57,715 [WARN] PackLoader:240 - Cannot read IP mode file for STMicroelectronics.X-CUBE-EEPRMA1.3.1.1
2023-09-14 08:33:57,717 [WARN] PackLoader:240 - Cannot read IP mode file for STMicroelectronics.X-CUBE-GNSS1.5.2.0
2023-09-14 08:33:57,720 [WARN] PackLoader:240 - Cannot read IP mode file for STMicroelectronics.FP-ATR-ASTRA1.2.0.0
2023-09-14 08:33:57,720 [INFO] ThirdParty:978 - Integrity check success = true
2023-09-14 08:33:57,720 [INFO] IntegrityCheckThread:100 - exiting critical section [integrity check]
2023-09-14 08:33:57,720 [INFO] IntegrityCheckThread:103 - End integrity checks thread
2023-09-14 08:34:14,727 [ERROR] LogOutputStream:75 - [STDERR_REDIRECT] SLF4J: Failed to load class "org.slf4j.impl.StaticLoggerBinder".
2023-09-14 08:34:14,727 [ERROR] LogOutputStream:75 - [STDERR_REDIRECT] SLF4J: Defaulting to no-operation (NOP) logger implementation
2023-09-14 08:34:14,728 [ERROR] LogOutputStream:75 - [STDERR_REDIRECT] SLF4J: See http://www.slf4j.org/codes.html#StaticLoggerBinder for further details.
2023-09-14 21:08:42,238 [INFO] Activator:176 - 


2023-09-14 21:08:42,239 [INFO] Activator:177 - !SESSION log4j initialized
2023-09-14 21:08:47,145 [INFO] LogOutputStream:77 - [STDOUT_REDIRECT] 
2023-09-14 21:08:48,853 [INFO] ApplicationProperties:184 - Using Application install path: C:\ST\STM32CubeIDE_1.10.1\STM32CubeIDE\plugins\com.st.stm32cube.common.mx_6.9.1.202307191849
2023-09-14 21:08:48,868 [INFO] DbMcusXml:78 - Set database path to: C:\ST\STM32CubeIDE_1.10.1\STM32CubeIDE\plugins\com.st.stm32cube.common.mx_6.9.1.202307191849\\db\/mcu/
2023-09-14 21:08:48,868 [INFO] ApiDb:274 - Set plugin database path to: C:\ST\STM32CubeIDE_1.10.1\STM32CubeIDE\plugins\com.st.stm32cube.common.mx_6.9.1.202307191849\\db\/plugins/boardmanager/
2023-09-14 21:08:48,869 [WARN] ApiDb:259 - Overriding images path with different value:  => C:\ST\STM32CubeIDE_1.10.1\STM32CubeIDE\plugins\com.st.stm32cube.common.mx_6.9.1.202307191849\\db\/plugins/mcufinder/images/
2023-09-14 21:08:48,881 [INFO] ApiDb:250 - Set database path to: C:\Users\Daniel\.stmcufinder\plugins\mcufinder//mcu/
2023-09-14 21:08:48,882 [INFO] DbMcusAds:125 - Set database path to: C:\Users\Daniel\.stmcufinder\plugins\mcufinder//mcu/
2023-09-14 21:08:48,884 [INFO] CrossReferenceDbSqlite:203 - Set database path to: C:\Users\Daniel\.stmcufinder\plugins\mcufinder//mcu/cs/
2023-09-14 21:08:48,979 [INFO] RulesReader:64 - Compatibility file has been processed (293 Rules)
2023-09-14 21:08:49,070 [INFO] DbMcusXml:78 - Set database path to: C:\ST\STM32CubeIDE_1.10.1\STM32CubeIDE\plugins\com.st.stm32cube.common.mx_6.9.1.202307191849\\db\/mcu/
2023-09-14 21:08:49,070 [INFO] ApiDb:274 - Set plugin database path to: C:\ST\STM32CubeIDE_1.10.1\STM32CubeIDE\plugins\com.st.stm32cube.common.mx_6.9.1.202307191849\\db\/plugins/boardmanager/
2023-09-14 21:08:49,070 [INFO] ApiDb:261 - Set plugin images path to: C:\ST\STM32CubeIDE_1.10.1\STM32CubeIDE\plugins\com.st.stm32cube.common.mx_6.9.1.202307191849\\db\/plugins/mcufinder/images/
2023-09-14 21:08:49,070 [WARN] DbFile:41 - Overriding database path with different value: C:\Users\Daniel\.stmcufinder\plugins\mcufinder/ => C:\Users\Daniel\.stmcufinder\plugins\mcufinder
2023-09-14 21:08:49,070 [INFO] ApiDb:250 - Set database path to: C:\Users\Daniel\.stmcufinder\plugins\mcufinder//mcu/
2023-09-14 21:08:49,070 [WARN] DbFile:41 - Overriding database path with different value: C:\Users\Daniel\.stmcufinder\plugins\mcufinder/ => C:\Users\Daniel\.stmcufinder\plugins\mcufinder
2023-09-14 21:08:49,070 [INFO] DbMcusAds:125 - Set database path to: C:\Users\Daniel\.stmcufinder\plugins\mcufinder//mcu/
2023-09-14 21:08:49,071 [WARN] DbFile:41 - Overriding database path with different value: C:\Users\Daniel\.stmcufinder\plugins\mcufinder/ => C:\Users\Daniel\.stmcufinder\plugins\mcufinder
2023-09-14 21:08:49,071 [WARN] DbFile:41 - Overriding database path with different value: C:\Users\Daniel\.stmcufinder\plugins\mcufinder/ => C:\Users\Daniel\.stmcufinder\plugins\mcufinder
2023-09-14 21:08:49,071 [INFO] CrossReferenceDbSqlite:203 - Set database path to: C:\Users\Daniel\.stmcufinder\plugins\mcufinder//mcu/cs/
2023-09-14 21:08:49,143 [INFO] MainPanel:262 - HeapMemory: 268435456
2023-09-14 21:08:49,232 [INFO] DbMcusXml:78 - Set database path to: C:\ST\STM32CubeIDE_1.10.1\STM32CubeIDE\plugins\com.st.stm32cube.common.mx_6.9.1.202307191849\\db\/mcu/
2023-09-14 21:08:49,232 [INFO] ApiDb:274 - Set plugin database path to: C:\ST\STM32CubeIDE_1.10.1\STM32CubeIDE\plugins\com.st.stm32cube.common.mx_6.9.1.202307191849\\db\/plugins/boardmanager/
2023-09-14 21:08:49,232 [INFO] ApiDb:261 - Set plugin images path to: C:\ST\STM32CubeIDE_1.10.1\STM32CubeIDE\plugins\com.st.stm32cube.common.mx_6.9.1.202307191849\\db\/plugins/mcufinder/images/
2023-09-14 21:08:49,233 [WARN] DbFile:41 - Overriding database path with different value: C:\Users\Daniel\.stmcufinder\plugins\mcufinder/ => C:\Users\Daniel\.stmcufinder\plugins\mcufinder
2023-09-14 21:08:49,233 [INFO] ApiDb:250 - Set database path to: C:\Users\Daniel\.stmcufinder\plugins\mcufinder//mcu/
2023-09-14 21:08:49,233 [WARN] DbFile:41 - Overriding database path with different value: C:\Users\Daniel\.stmcufinder\plugins\mcufinder/ => C:\Users\Daniel\.stmcufinder\plugins\mcufinder
2023-09-14 21:08:49,233 [INFO] DbMcusAds:125 - Set database path to: C:\Users\Daniel\.stmcufinder\plugins\mcufinder//mcu/
2023-09-14 21:08:49,233 [WARN] DbFile:41 - Overriding database path with different value: C:\Users\Daniel\.stmcufinder\plugins\mcufinder/ => C:\Users\Daniel\.stmcufinder\plugins\mcufinder
2023-09-14 21:08:49,233 [WARN] DbFile:41 - Overriding database path with different value: C:\Users\Daniel\.stmcufinder\plugins\mcufinder/ => C:\Users\Daniel\.stmcufinder\plugins\mcufinder
2023-09-14 21:08:49,233 [INFO] CrossReferenceDbSqlite:203 - Set database path to: C:\Users\Daniel\.stmcufinder\plugins\mcufinder//mcu/cs/
2023-09-14 21:08:49,250 [INFO] ApplicationProperties:184 - Using Application install path: C:\ST\STM32CubeIDE_1.10.1\STM32CubeIDE\plugins\com.st.stm32cube.common.mx_6.9.1.202307191849
2023-09-14 21:08:49,251 [INFO] PluginManage:196 - Search for loadable plugins [exclusion list=, ]
2023-09-14 21:08:49,252 [INFO] PluginManage:310 - Check plugin analytics
2023-09-14 21:08:49,374 [INFO] AnalyticsPlugin:253 - Accepted Software Licenses: STM32CubeMX.6.6.1
2023-09-14 21:08:49,375 [INFO] AnalyticsPlugin:255 - Accepted CMSIS Pack Licenses: 
2023-09-14 21:08:49,375 [INFO] AnalyticsPlugin:257 - Accepted Firmware Licenses: FW.G0.1.5.0,FW.G4.1.5.0,FW.WB.1.14.0,FW.G0.1.6.0
2023-09-14 21:08:49,378 [INFO] PluginManage:359 - Loaded plugin analytics (category:tool,tabindex:-1)
2023-09-14 21:08:49,379 [INFO] PluginManage:310 - Check plugin cadmodel
2023-09-14 21:08:49,384 [INFO] CADModel:105 - Init CAD model plugin
2023-09-14 21:08:49,384 [INFO] PluginManage:359 - Loaded plugin cadmodel (category:power,tabindex:5)
2023-09-14 21:08:49,384 [INFO] PluginManage:310 - Check plugin clock
2023-09-14 21:08:49,393 [INFO] PluginManage:359 - Loaded plugin clock (category:base,tabindex:2)
2023-09-14 21:08:49,393 [INFO] PluginManage:310 - Check plugin ddr
2023-09-14 21:08:49,396 [INFO] PluginManage:359 - Loaded plugin ddr (category:tool,tabindex:6)
2023-09-14 21:08:49,396 [INFO] PluginManage:310 - Check plugin filemanager
2023-09-14 21:08:49,513 [INFO] PluginManage:359 - Loaded plugin filemanager (category:base,tabindex:10)
2023-09-14 21:08:49,513 [INFO] PluginManage:310 - Check plugin ipmanager
2023-09-14 21:08:49,520 [INFO] PluginManage:359 - Loaded plugin ipmanager (category:base,tabindex:5)
2023-09-14 21:08:49,520 [INFO] PluginManage:310 - Check plugin lpbam
2023-09-14 21:08:49,528 [INFO] PluginManage:359 - Loaded plugin lpbam (category:base,tabindex:0)
2023-09-14 21:08:49,529 [INFO] PluginManage:310 - Check plugin memorymap
2023-09-14 21:08:49,541 [INFO] PluginManage:359 - Loaded plugin memorymap (category:base,tabindex:4)
2023-09-14 21:08:49,541 [INFO] PluginManage:310 - Check plugin pinoutandconfiguration
2023-09-14 21:08:49,550 [INFO] PluginManage:359 - Loaded plugin pinoutandconfiguration (category:base,tabindex:1)
2023-09-14 21:08:49,550 [INFO] PluginManage:310 - Check plugin pinoutconfig
2023-09-14 21:08:49,625 [WARN] SupportedApi:132 - Cannot load RTOS API schema: s4s-elt-must-match.1: The content of 'definitions' must match (annotation?, (simpleType | complexType)?, (unique | key | keyref)*)). A problem was found starting at: attribute.
2023-09-14 21:08:49,720 [INFO] PluginManage:359 - Loaded plugin pinoutconfig (category:base,tabindex:0)
2023-09-14 21:08:49,720 [INFO] PluginManage:310 - Check plugin power
2023-09-14 21:08:49,728 [INFO] PluginManage:359 - Loaded plugin power (category:power,tabindex:4)
2023-09-14 21:08:49,728 [INFO] PluginManage:310 - Check plugin projectmanager
2023-09-14 21:08:49,739 [INFO] PluginManage:359 - Loaded plugin projectmanager (category:projectmanager,tabindex:3)
2023-09-14 21:08:49,739 [INFO] PluginManage:310 - Check plugin thirdparty
2023-09-14 21:08:49,860 [INFO] PluginManage:359 - Loaded plugin thirdparty (category:base,tabindex:-1)
2023-09-14 21:08:49,860 [WARN] IntegrityCheckThread:84 - waiting for thirdparty lock release [integrity check]
2023-09-14 21:08:49,861 [INFO] PluginManage:310 - Check plugin tools
2023-09-14 21:08:49,861 [INFO] IntegrityCheckThread:86 - entering critical section [integrity check]
2023-09-14 21:08:49,861 [INFO] ThirdPartyUpdaterWithRetryManager:70 - Updater plugin not ready yet. [1/15]
2023-09-14 21:08:49,863 [INFO] PluginManage:359 - Loaded plugin tools (category:base,tabindex:7)
2023-09-14 21:08:49,863 [INFO] PluginManage:310 - Check plugin tutovideos
2023-09-14 21:08:49,998 [INFO] PluginManage:359 - Loaded plugin tutovideos (category:base,tabindex:-1)
2023-09-14 21:08:49,998 [INFO] PluginManage:310 - Check plugin updater
2023-09-14 21:08:50,007 [INFO] PluginManage:359 - Loaded plugin updater (category:base,tabindex:12)
2023-09-14 21:08:50,007 [INFO] PluginManage:310 - Check plugin userauth
2023-09-14 21:08:50,012 [INFO] UserAuth:113 - Init User Auth plugin
2023-09-14 21:08:50,012 [INFO] PluginManage:359 - Loaded plugin userauth (category:base,tabindex:14)
2023-09-14 21:08:50,012 [INFO] PluginManage:283 - PluginManage : Loaded plugins [17]
2023-09-14 21:08:50,195 [INFO] PinOutPanel:1499 - setPackage(No Configuration,No Configuration)
2023-09-14 21:08:50,290 [INFO] CADModel:165 - CPN selected for project level
2023-09-14 21:08:50,290 [INFO] CADModel:114 - Register for checkConnection events
2023-09-14 21:08:50,304 [INFO] IPUIPlugin:80 - create IPUIPlugin
2023-09-14 21:08:50,304 [INFO] PluginManager:220 - loadIPPluginJar : add adc
2023-09-14 21:08:50,306 [INFO] IPUIPlugin:80 - create IPUIPlugin
2023-09-14 21:08:50,306 [INFO] PluginManager:220 - loadIPPluginJar : add aes
2023-09-14 21:08:50,309 [INFO] IPUIPlugin:80 - create IPUIPlugin
2023-09-14 21:08:50,309 [INFO] PluginManager:220 - loadIPPluginJar : add can
2023-09-14 21:08:50,310 [INFO] IPUIPlugin:80 - create IPUIPlugin
2023-09-14 21:08:50,310 [INFO] PluginManager:220 - loadIPPluginJar : add comp
2023-09-14 21:08:50,312 [INFO] IPUIPlugin:80 - create IPUIPlugin
2023-09-14 21:08:50,312 [INFO] PluginManager:220 - loadIPPluginJar : add cryp
2023-09-14 21:08:50,314 [INFO] IPUIPlugin:80 - create IPUIPlugin
2023-09-14 21:08:50,314 [INFO] PluginManager:220 - loadIPPluginJar : add dfsdm
2023-09-14 21:08:50,318 [INFO] IPUIPlugin:80 - create IPUIPlugin
2023-09-14 21:08:50,318 [INFO] PluginManager:220 - loadIPPluginJar : add dma
2023-09-14 21:08:50,321 [INFO] IPUIPlugin:80 - create IPUIPlugin
2023-09-14 21:08:50,321 [INFO] PluginManager:220 - loadIPPluginJar : add dma3
2023-09-14 21:08:50,322 [INFO] IPUIPlugin:80 - create IPUIPlugin
2023-09-14 21:08:50,322 [INFO] PluginManager:220 - loadIPPluginJar : add fatfs
2023-09-14 21:08:50,326 [INFO] IPUIPlugin:80 - create IPUIPlugin
2023-09-14 21:08:50,326 [INFO] PluginManager:220 - loadIPPluginJar : add fmc
2023-09-14 21:08:50,331 [INFO] IPUIPlugin:80 - create IPUIPlugin
2023-09-14 21:08:50,331 [INFO] PluginManager:220 - loadIPPluginJar : add freertos
2023-09-14 21:08:50,333 [INFO] IPUIPlugin:80 - create IPUIPlugin
2023-09-14 21:08:50,333 [INFO] PluginManager:220 - loadIPPluginJar : add genericplugin
2023-09-14 21:08:50,335 [INFO] IPUIPlugin:80 - create IPUIPlugin
2023-09-14 21:08:50,335 [INFO] PluginManager:220 - loadIPPluginJar : add gfxmmu
2023-09-14 21:08:50,339 [INFO] IPUIPlugin:80 - create IPUIPlugin
2023-09-14 21:08:50,339 [INFO] PluginManager:220 - loadIPPluginJar : add gic
2023-09-14 21:08:50,342 [INFO] IPUIPlugin:80 - create IPUIPlugin
2023-09-14 21:08:50,342 [INFO] PluginManager:220 - loadIPPluginJar : add gpio
2023-09-14 21:08:50,344 [INFO] IPUIPlugin:80 - create IPUIPlugin
2023-09-14 21:08:50,344 [INFO] PluginManager:220 - loadIPPluginJar : add gtzc
2023-09-14 21:08:50,346 [INFO] IPUIPlugin:80 - create IPUIPlugin
2023-09-14 21:08:50,347 [INFO] PluginManager:220 - loadIPPluginJar : add hash
2023-09-14 21:08:50,349 [INFO] IPUIPlugin:80 - create IPUIPlugin
2023-09-14 21:08:50,349 [INFO] PluginManager:220 - loadIPPluginJar : add i2c
2023-09-14 21:08:50,351 [INFO] IPUIPlugin:80 - create IPUIPlugin
2023-09-14 21:08:50,351 [INFO] PluginManager:220 - loadIPPluginJar : add i2s
2023-09-14 21:08:50,354 [INFO] IPUIPlugin:80 - create IPUIPlugin
2023-09-14 21:08:50,354 [INFO] PluginManager:220 - loadIPPluginJar : add i3c
2023-09-14 21:08:50,357 [INFO] IPUIPlugin:80 - create IPUIPlugin
2023-09-14 21:08:50,357 [INFO] PluginManager:220 - loadIPPluginJar : add ipddr
2023-09-14 21:08:50,364 [INFO] IPUIPlugin:80 - create IPUIPlugin
2023-09-14 21:08:50,364 [INFO] PluginManager:220 - loadIPPluginJar : add linkedlist
2023-09-14 21:08:50,367 [INFO] IPUIPlugin:80 - create IPUIPlugin
2023-09-14 21:08:50,367 [INFO] PluginManager:220 - loadIPPluginJar : add lorawan
2023-09-14 21:08:50,369 [INFO] IPUIPlugin:80 - create IPUIPlugin
2023-09-14 21:08:50,369 [INFO] PluginManager:220 - loadIPPluginJar : add ltdc
2023-09-14 21:08:50,375 [INFO] IPUIPlugin:80 - create IPUIPlugin
2023-09-14 21:08:50,375 [INFO] PluginManager:220 - loadIPPluginJar : add mdma
2023-09-14 21:08:50,379 [INFO] IPUIPlugin:80 - create IPUIPlugin
2023-09-14 21:08:50,379 [INFO] PluginManager:220 - loadIPPluginJar : add nvic
2023-09-14 21:08:50,381 [INFO] IPUIPlugin:80 - create IPUIPlugin
2023-09-14 21:08:50,381 [INFO] PluginManager:220 - loadIPPluginJar : add opamp
2023-09-14 21:08:50,384 [INFO] IPUIPlugin:80 - create IPUIPlugin
2023-09-14 21:08:50,384 [INFO] PluginManager:220 - loadIPPluginJar : add openamp
2023-09-14 21:08:50,388 [INFO] IPUIPlugin:80 - create IPUIPlugin
2023-09-14 21:08:50,388 [INFO] PluginManager:220 - loadIPPluginJar : add pdm2pcm
2023-09-14 21:08:50,393 [INFO] IPUIPlugin:80 - create IPUIPlugin
2023-09-14 21:08:50,395 [INFO] PluginManager:220 - loadIPPluginJar : add plateformsettings
2023-09-14 21:08:50,396 [INFO] IPUIPlugin:80 - create IPUIPlugin
2023-09-14 21:08:50,396 [INFO] PluginManager:220 - loadIPPluginJar : add quadspi
2023-09-14 21:08:50,400 [INFO] IPUIPlugin:80 - create IPUIPlugin
2023-09-14 21:08:50,400 [INFO] PluginManager:220 - loadIPPluginJar : add resmgrutility
2023-09-14 21:08:50,402 [INFO] IPUIPlugin:80 - create IPUIPlugin
2023-09-14 21:08:50,402 [INFO] PluginManager:220 - loadIPPluginJar : add sai
2023-09-14 21:08:50,404 [INFO] IPUIPlugin:80 - create IPUIPlugin
2023-09-14 21:08:50,404 [INFO] PluginManager:220 - loadIPPluginJar : add spi
2023-09-14 21:08:50,408 [INFO] IPUIPlugin:80 - create IPUIPlugin
2023-09-14 21:08:50,408 [INFO] PluginManager:220 - loadIPPluginJar : add stm32_wpan
2023-09-14 21:08:50,410 [INFO] IPUIPlugin:80 - create IPUIPlugin
2023-09-14 21:08:50,410 [INFO] PluginManager:220 - loadIPPluginJar : add tim
2023-09-14 21:08:50,413 [INFO] IPUIPlugin:80 - create IPUIPlugin
2023-09-14 21:08:50,413 [INFO] PluginManager:220 - loadIPPluginJar : add touchsensing
2023-09-14 21:08:50,414 [INFO] IPUIPlugin:80 - create IPUIPlugin
2023-09-14 21:08:50,414 [INFO] PluginManager:220 - loadIPPluginJar : add tracer_emb
2023-09-14 21:08:50,416 [INFO] IPUIPlugin:80 - create IPUIPlugin
2023-09-14 21:08:50,416 [INFO] PluginManager:220 - loadIPPluginJar : add ts
2023-09-14 21:08:50,417 [INFO] IPUIPlugin:80 - create IPUIPlugin
2023-09-14 21:08:50,417 [INFO] PluginManager:220 - loadIPPluginJar : add tsc
2023-09-14 21:08:50,419 [INFO] IPUIPlugin:80 - create IPUIPlugin
2023-09-14 21:08:50,419 [INFO] PluginManager:220 - loadIPPluginJar : add ucpd
2023-09-14 21:08:50,421 [INFO] IPUIPlugin:80 - create IPUIPlugin
2023-09-14 21:08:50,421 [INFO] PluginManager:220 - loadIPPluginJar : add usart
2023-09-14 21:08:50,423 [INFO] IPUIPlugin:80 - create IPUIPlugin
2023-09-14 21:08:50,423 [INFO] PluginManager:220 - loadIPPluginJar : add usbx
2023-09-14 21:08:50,538 [INFO] CADModel:165 - CPN selected for project level
2023-09-14 21:08:50,538 [INFO] CADModel:114 - Register for checkConnection events
2023-09-14 21:08:50,539 [FATAL] Updater:308 - Updater called before beeing initialized
2023-09-14 21:08:50,539 [ERROR] CADModel:125 - Updater not yet initialized, retry later 
2023-09-14 21:08:50,655 [INFO] CADModel:165 - CPN selected for project level
2023-09-14 21:08:50,655 [INFO] CADModel:114 - Register for checkConnection events
2023-09-14 21:08:50,655 [FATAL] Updater:308 - Updater called before beeing initialized
2023-09-14 21:08:50,655 [ERROR] CADModel:125 - Updater not yet initialized, retry later 
2023-09-14 21:08:50,659 [FATAL] Updater:308 - Updater called before beeing initialized
2023-09-14 21:08:50,750 [FATAL] Updater:308 - Updater called before beeing initialized
2023-09-14 21:08:50,755 [INFO] DbMcusAds:53 - JSON generation date=Tue Mar 07 09:50:54 CET 2023 (1678179054945)
2023-09-14 21:08:50,755 [FATAL] Updater:308 - Updater called before beeing initialized
2023-09-14 21:08:50,793 [WARN] DetailPanel:346 - Failed to get advertising image, set to default
2023-09-14 21:08:50,905 [FATAL] Updater:308 - Updater called before beeing initialized
2023-09-14 21:08:50,907 [FATAL] Updater:308 - Updater called before beeing initialized
2023-09-14 21:08:50,907 [FATAL] Updater:308 - Updater called before beeing initialized
2023-09-14 21:08:50,908 [WARN] DetailPanel:346 - Failed to get advertising image, set to default
2023-09-14 21:08:50,908 [FATAL] Updater:308 - Updater called before beeing initialized
2023-09-14 21:08:50,944 [ERROR] Updater:1120 - MainUpdater not yet initialized. External WinMGr cannot be set.
2023-09-14 21:08:50,945 [INFO] Updater:1056 - Updater Version found : 6.9.1
2023-09-14 21:08:50,958 [INFO] ApplicationProperties:184 - Using Application install path: C:\ST\STM32CubeIDE_1.10.1\STM32CubeIDE\plugins\com.st.stm32cube.common.mx_6.9.1.202307191849
2023-09-14 21:08:51,309 [INFO] MainUpdater:2868 - connection check result : 10
2023-09-14 21:08:51,310 [INFO] MainUpdater:285 - Updater Check For Update Now.
2023-09-14 21:08:51,310 [INFO] MicroXplorer:498 - Change Database Version : DB.6.0.91
2023-09-14 21:08:51,317 [INFO] McuFinderGlobals:63 - Set McuFinder mode to 2 (CubeIDE integrated)
2023-09-14 21:08:51,480 [INFO] CheckServerUpdateThread:120 - End of CheckServer Thread
2023-09-14 21:08:53,055 [WARN] PackLoader:240 - Cannot read IP mode file for STMicroelectronics.X-CUBE-SMBUS.2.1.0
2023-09-14 21:08:53,138 [WARN] PackLoader:240 - Cannot read IP mode file for STMicroelectronics.X-CUBE-MEMS1.9.2.0
2023-09-14 21:08:53,238 [WARN] PackLoader:240 - Cannot read IP mode file for STMicroelectronics.X-CUBE-AZRTOS-F7.1.1.0
2023-09-14 21:08:53,248 [WARN] PackLoader:240 - Cannot read IP mode file for STMicroelectronics.X-CUBE-AI.7.1.0
2023-09-14 21:08:53,253 [WARN] PackLoader:240 - Cannot read IP mode file for STMicroelectronics.X-CUBE-TOUCHGFX.4.19.1
2023-09-14 21:08:53,261 [ERROR] RealEvaluatedCondition:428 - Found unsupported composite condition: CLASS='Data Exchange' GROUP='STM32_MetaDataManager'
2023-09-14 21:08:53,261 [ERROR] RealEvaluatedCondition:428 - Found unsupported composite condition: CLASS='Data Exchange' GROUP='STM32_MetaDataManager'
2023-09-14 21:08:53,262 [WARN] PackLoader:240 - Cannot read IP mode file for STMicroelectronics.FP-SNS-MOTENV1.4.3.0
2023-09-14 21:08:53,266 [WARN] PackLoader:240 - Cannot read IP mode file for STMicroelectronics.FP-SNS-MOTENV1.4.3.2
2023-09-14 21:08:53,270 [WARN] PackLoader:240 - Cannot read IP mode file for STMicroelectronics.FP-SNS-FLIGHT1.5.0.0
2023-09-14 21:08:53,273 [ERROR] RealEvaluatedCondition:428 - Found unsupported composite condition: GROUP='STM32_MetaDataManager' CLASS='Data Exchange'
2023-09-14 21:08:53,273 [ERROR] RealEvaluatedCondition:428 - Found unsupported composite condition: CLASS='Data Exchange' GROUP='STM32_MetaDataManager'
2023-09-14 21:08:53,273 [WARN] PackLoader:240 - Cannot read IP mode file for STMicroelectronics.FP-SNS-MOTENV1.4.3.1
2023-09-14 21:08:53,277 [WARN] PackLoader:240 - Cannot read IP mode file for STMicroelectronics.FP-SNS-FLIGHT1.5.0.1
2023-09-14 21:08:53,280 [WARN] PackLoader:240 - Cannot read IP mode file for STMicroelectronics.X-CUBE-BLE1.6.2.3
2023-09-14 21:08:53,286 [WARN] PackLoader:240 - Cannot read IP mode file for STMicroelectronics.X-CUBE-BLE1.6.2.4
2023-09-14 21:08:53,363 [WARN] PackLoader:240 - Cannot read IP mode file for STMicroelectronics.X-CUBE-BLE1.6.2.2
2023-09-14 21:08:53,366 [WARN] PackLoader:240 - Cannot read IP mode file for STMicroelectronics.FP-SNS-FLIGHT1.5.0.2
2023-09-14 21:08:53,371 [WARN] PackLoader:240 - Cannot read IP mode file for STMicroelectronics.X-CUBE-BLE2.3.2.2
2023-09-14 21:08:53,384 [WARN] PackLoader:240 - Cannot read IP mode file for STMicroelectronics.X-CUBE-TOF1.3.1.0
2023-09-14 21:08:53,396 [WARN] PackLoader:240 - Cannot read IP mode file for STMicroelectronics.X-CUBE-DISPLAY.3.0.0
2023-09-14 21:08:53,404 [WARN] PackLoader:240 - Cannot read IP mode file for STMicroelectronics.X-CUBE-BLE1.7.0.0
2023-09-14 21:08:53,408 [WARN] PackLoader:240 - Cannot read IP mode file for STMicroelectronics.X-CUBE-TOUCHGFX.4.22.0
2023-09-14 21:08:53,418 [WARN] PackLoader:240 - Cannot read IP mode file for STMicroelectronics.X-CUBE-SUBG2.4.2.0
2023-09-14 21:08:53,472 [WARN] PackLoader:240 - Cannot read IP mode file for STMicroelectronics.X-CUBE-MEMS1.9.3.0
2023-09-14 21:08:53,563 [WARN] PackLoader:240 - Cannot read IP mode file for STMicroelectronics.X-CUBE-AI.7.2.0
2023-09-14 21:08:53,568 [WARN] PackLoader:240 - Cannot read IP mode file for STMicroelectronics.FP-SNS-SMARTAG2.1.2.0
2023-09-14 21:08:53,574 [INFO] LogOutputStream:77 - [STDOUT_REDIRECT] 1 : Invalid condition id : UX_CORESTACK_Condition cause : null
2023-09-14 21:08:53,575 [INFO] LogOutputStream:77 - [STDOUT_REDIRECT] 1 : Invalid condition id : UX_CORESTACK_Condition cause : null
2023-09-14 21:08:53,576 [INFO] LogOutputStream:77 - [STDOUT_REDIRECT] 1 : Invalid condition id : UX_CORESTACK_Condition cause : null
2023-09-14 21:08:53,577 [INFO] LogOutputStream:77 - [STDOUT_REDIRECT] 1 : Invalid condition id : UX_CORESTACK_Condition cause : null
2023-09-14 21:08:53,578 [INFO] LogOutputStream:77 - [STDOUT_REDIRECT] 1 : Invalid condition id : UX_CORESTACK_Condition cause : null
2023-09-14 21:08:53,580 [WARN] PackLoader:240 - Cannot read IP mode file for STMicroelectronics.X-CUBE-AZRTOS-WL.2.0.0
2023-09-14 21:08:53,587 [WARN] PackLoader:240 - Cannot read IP mode file for STMicroelectronics.X-CUBE-ALGOBUILD.1.2.1
2023-09-14 21:08:53,594 [WARN] PackLoader:240 - Cannot read IP mode file for WES.I-CUBE-Cesium.1.3.0
2023-09-14 21:08:53,601 [WARN] PackLoader:240 - Cannot read IP mode file for STMicroelectronics.X-CUBE-BLE2.3.3.0
2023-09-14 21:08:53,646 [WARN] PackLoader:240 - Cannot read IP mode file for STMicroelectronics.X-CUBE-DISPLAY.2.2.0
2023-09-14 21:08:53,656 [WARN] PackLoader:240 - Cannot read IP mode file for STMicroelectronics.X-CUBE-TOF1.3.2.0
2023-09-14 21:08:53,663 [WARN] PackLoader:240 - Cannot read IP mode file for STMicroelectronics.X-CUBE-TOUCHGFX.4.18.1
2023-09-14 21:08:53,667 [WARN] PackLoader:240 - Cannot read IP mode file for STMicroelectronics.X-CUBE-ISPU.1.0.0
2023-09-14 21:08:53,672 [WARN] PackLoader:240 - Cannot read IP mode file for wolfSSL.I-CUBE-wolfSSL.5.0.0
2023-09-14 21:08:53,724 [WARN] PackLoader:240 - Cannot read IP mode file for STMicroelectronics.X-CUBE-AZRTOS-H7.2.1.0
2023-09-14 21:08:53,729 [WARN] PackLoader:240 - Cannot read IP mode file for STMicroelectronics.X-CUBE-TOUCHGFX.4.21.1
2023-09-14 21:08:53,732 [WARN] PackLoader:240 - Cannot read IP mode file for STMicroelectronics.X-CUBE-TOUCHGFX.4.21.0
2023-09-14 21:08:53,735 [WARN] PackLoader:240 - Cannot read IP mode file for STMicroelectronics.X-CUBE-TOUCHGFX.4.21.3
2023-09-14 21:08:53,740 [WARN] PackLoader:240 - Cannot read IP mode file for STMicroelectronics.X-CUBE-TOUCHGFX.4.21.4
2023-09-14 21:08:53,766 [WARN] PackLoader:240 - Cannot read IP mode file for STMicroelectronics.X-CUBE-MEMS1.9.4.0
2023-09-14 21:08:53,878 [WARN] PackLoader:240 - Cannot read IP mode file for STMicroelectronics.X-CUBE-AI.7.3.0
2023-09-14 21:08:53,882 [WARN] PackLoader:240 - Cannot read IP mode file for STMicroelectronics.X-CUBE-ALGOBUILD.1.3.0
2023-09-14 21:08:53,898 [WARN] PackLoader:240 - Cannot read IP mode file for STMicroelectronics.X-CUBE-AZRTOS-G0.1.1.0
2023-09-14 21:08:53,906 [WARN] PackLoader:240 - Cannot read IP mode file for STMicroelectronics.X-CUBE-NFC4.3.0.0
2023-09-14 21:08:53,966 [WARN] PackLoader:240 - Cannot read IP mode file for SEGGER.I-CUBE-embOS.1.2.0
2023-09-14 21:08:53,997 [WARN] PackLoader:240 - Cannot read IP mode file for STMicroelectronics.X-CUBE-BLEMGR.1.3.0
2023-09-14 21:08:54,012 [WARN] PackLoader:240 - Cannot read IP mode file for STMicroelectronics.X-CUBE-AZRTOS-H7.2.0.0
2023-09-14 21:08:54,018 [WARN] PackLoader:240 - Cannot read IP mode file for STMicroelectronics.FP-ATR-SIGFOX1.3.2.0
2023-09-14 21:08:54,023 [WARN] PackLoader:240 - Cannot read IP mode file for emotas.I-CUBE-CANOPEN.1.1.2
2023-09-14 21:08:54,026 [WARN] PackLoader:240 - Cannot read IP mode file for STMicroelectronics.X-CUBE-TOUCHGFX.4.20.0
2023-09-14 21:08:54,050 [WARN] PackLoader:240 - Cannot read IP mode file for STMicroelectronics.X-CUBE-MEMS1.9.5.0
2023-09-14 21:08:54,163 [WARN] PackLoader:240 - Cannot read IP mode file for SEGGER.I-CUBE-embOS.1.3.1
2023-09-14 21:08:54,192 [WARN] PackLoader:240 - Cannot read IP mode file for STMicroelectronics.X-CUBE-DISPLAY.2.0.0
2023-09-14 21:08:54,196 [WARN] PackLoader:240 - Cannot read IP mode file for STMicroelectronics.X-CUBE-DISPLAY.2.0.1
2023-09-14 21:08:54,201 [WARN] PackLoader:240 - Cannot read IP mode file for STMicroelectronics.X-CUBE-TOF1.3.0.0
2023-09-14 21:08:54,206 [WARN] PackLoader:240 - Cannot read IP mode file for STMicroelectronics.X-CUBE-GNSS1.6.0.0
2023-09-14 21:08:54,222 [WARN] PackLoader:240 - Cannot read IP mode file for STMicroelectronics.X-CUBE-AZRTOS-F4.1.1.0
2023-09-14 21:08:54,229 [WARN] PackLoader:240 - Cannot read IP mode file for STMicroelectronics.X-CUBE-BLEMGR.1.2.0
2023-09-14 21:08:54,238 [WARN] PackLoader:240 - Cannot read IP mode file for STMicroelectronics.X-CUBE-AZRTOS-L5.2.0.0
2023-09-14 21:08:54,255 [WARN] PackLoader:240 - Cannot read IP mode file for STMicroelectronics.X-CUBE-MEMS1.9.6.0
2023-09-14 21:08:54,312 [WARN] PackLoader:240 - Cannot read IP mode file for STMicroelectronics.X-CUBE-BLEMGR.2.0.0
2023-09-14 21:08:54,316 [WARN] PackLoader:240 - Cannot read IP mode file for STMicroelectronics.X-CUBE-NFC4.2.0.5
2023-09-14 21:08:54,319 [WARN] PackLoader:240 - Cannot read IP mode file for STMicroelectronics.X-CUBE-NFC4.2.0.4
2023-09-14 21:08:54,322 [WARN] PackLoader:240 - Cannot read IP mode file for STMicroelectronics.X-CUBE-NFC4.2.0.3
2023-09-14 21:08:54,338 [WARN] ConditionMgr:438 - getConditionDescription Invalid condition id : UX DEVICE CLASS RTOS Condition cause : null
2023-09-14 21:08:54,338 [WARN] ConditionMgr:438 - getConditionDescription Invalid condition id : UX DEVICE CLASS RTOS Condition cause : null
2023-09-14 21:08:54,340 [WARN] PackLoader:240 - Cannot read IP mode file for STMicroelectronics.X-CUBE-AZRTOS-H7.3.1.0
2023-09-14 21:08:54,341 [WARN] ConditionMgr:1039 - genDependencies : Invalid condition id : UX DEVICE CLASS RTOS Condition cause : null
2023-09-14 21:08:54,341 [WARN] ConditionMgr:1039 - genDependencies : Invalid condition id : UX DEVICE CLASS RTOS Condition cause : null
2023-09-14 21:08:54,342 [WARN] ConditionMgr:1039 - genDependencies : Invalid condition id : UX DEVICE CLASS RTOS Condition cause : null
2023-09-14 21:08:54,342 [WARN] ConditionMgr:1039 - genDependencies : Invalid condition id : UX DEVICE CLASS RTOS Condition cause : null
2023-09-14 21:08:54,342 [WARN] ConditionMgr:1039 - genDependencies : Invalid condition id : UX DEVICE CLASS RTOS Condition cause : null
2023-09-14 21:08:54,348 [WARN] PackLoader:240 - Cannot read IP mode file for STMicroelectronics.X-CUBE-SFXS2LP1.3.1.0
2023-09-14 21:08:54,358 [WARN] PackLoader:240 - Cannot read IP mode file for STMicroelectronics.X-CUBE-AZRTOS-F4.1.0.0
2023-09-14 21:08:54,363 [WARN] PackLoader:240 - Cannot read IP mode file for STMicroelectronics.X-CUBE-TOF1.2.0.0
2023-09-14 21:08:54,368 [WARN] PackLoader:240 - Cannot read IP mode file for STMicroelectronics.X-CUBE-NFC7.1.0.1
2023-09-14 21:08:54,371 [WARN] PackLoader:240 - Cannot read IP mode file for STMicroelectronics.X-CUBE-NFC7.1.0.0
2023-09-14 21:08:54,386 [WARN] PackLoader:240 - Cannot read IP mode file for STMicroelectronics.X-CUBE-NFC6.3.0.0
2023-09-14 21:08:54,390 [WARN] PackLoader:240 - Cannot read IP mode file for STMicroelectronics.X-CUBE-EEPRMA1.4.1.0
2023-09-14 21:08:54,394 [WARN] PackLoader:240 - Cannot read IP mode file for STMicroelectronics.X-CUBE-AI.8.1.0
2023-09-14 21:08:54,413 [WARN] PackLoader:240 - Cannot read IP mode file for STMicroelectronics.X-CUBE-AZRTOS-G0.1.0.0
2023-09-14 21:08:54,424 [WARN] ConditionMgr:438 - getConditionDescription Invalid condition id : LAN8742 Phy interface Condition cause : null
2023-09-14 21:08:54,424 [WARN] PackLoader:240 - Cannot read IP mode file for STMicroelectronics.X-CUBE-AZRTOS-L4.2.0.0
2023-09-14 21:08:54,425 [WARN] ConditionMgr:1039 - genDependencies : Invalid condition id : LAN8742 Phy interface Condition cause : null
2023-09-14 21:08:54,425 [WARN] ConditionMgr:1039 - genDependencies : Invalid condition id : LAN8742 Phy interface Condition cause : null
2023-09-14 21:08:54,425 [WARN] ConditionMgr:1039 - genDependencies : Invalid condition id : LAN8742 Phy interface Condition cause : null
2023-09-14 21:08:54,431 [WARN] PackLoader:240 - Cannot read IP mode file for STMicroelectronics.X-CUBE-SFXS2LP1.4.0.0
2023-09-14 21:08:54,441 [WARN] PackLoader:240 - Cannot read IP mode file for STMicroelectronics.X-CUBE-AZRTOS-H7.3.0.0
2023-09-14 21:08:54,445 [WARN] PackLoader:240 - Cannot read IP mode file for STMicroelectronics.X-CUBE-ISPU.1.1.0
2023-09-14 21:08:54,449 [WARN] PackLoader:240 - Cannot read IP mode file for RoweBots.I-CUBE-UNISONRTOS.5.5.0-4
2023-09-14 21:08:54,452 [WARN] PackLoader:240 - Cannot read IP mode file for STMicroelectronics.X-CUBE-AI.8.0.0
2023-09-14 21:08:54,461 [WARN] ConditionMgr:438 - getConditionDescription Invalid condition id : UX DEVICE CLASS RTOS Condition cause : null
2023-09-14 21:08:54,461 [WARN] ConditionMgr:438 - getConditionDescription Invalid condition id : UX DEVICE CLASS RTOS Condition cause : null
2023-09-14 21:08:54,463 [WARN] PackLoader:240 - Cannot read IP mode file for STMicroelectronics.X-CUBE-AZRTOS-WB.2.0.0
2023-09-14 21:08:54,464 [WARN] ConditionMgr:1039 - genDependencies : Invalid condition id : UX DEVICE CLASS RTOS Condition cause : null
2023-09-14 21:08:54,464 [WARN] ConditionMgr:1039 - genDependencies : Invalid condition id : UX DEVICE CLASS RTOS Condition cause : null
2023-09-14 21:08:54,464 [WARN] ConditionMgr:1039 - genDependencies : Invalid condition id : UX DEVICE CLASS RTOS Condition cause : null
2023-09-14 21:08:54,464 [WARN] ConditionMgr:1039 - genDependencies : Invalid condition id : UX DEVICE CLASS RTOS Condition cause : null
2023-09-14 21:08:54,464 [WARN] ConditionMgr:1039 - genDependencies : Invalid condition id : UX DEVICE CLASS RTOS Condition cause : null
2023-09-14 21:08:54,470 [WARN] PackLoader:240 - Cannot read IP mode file for STMicroelectronics.X-CUBE-FREERTOS.1.0.0
2023-09-14 21:08:54,474 [WARN] PackLoader:240 - Cannot read IP mode file for STMicroelectronics.X-CUBE-FREERTOS.1.0.1
2023-09-14 21:08:54,478 [WARN] PackLoader:240 - Cannot read IP mode file for STMicroelectronics.X-CUBE-BLEMGR.1.0.0
2023-09-14 21:08:54,491 [WARN] PackLoader:240 - Cannot read IP mode file for STMicroelectronics.X-CUBE-AZRTOS-L5.1.1.0
2023-09-14 21:08:54,494 [WARN] PackLoader:240 - Cannot read IP mode file for STMicroelectronics.X-CUBE-AI.8.0.1
2023-09-14 21:08:54,498 [WARN] PackLoader:240 - Cannot read IP mode file for STMicroelectronics.X-CUBE-SUBG2.5.0.0
2023-09-14 21:08:54,507 [WARN] PackLoader:240 - Cannot read IP mode file for STMicroelectronics.X-CUBE-TOF1.3.3.1
2023-09-14 21:08:54,518 [WARN] PackLoader:240 - Cannot read IP mode file for STMicroelectronics.X-CUBE-AZRTOS-G4.2.0.0
2023-09-14 21:08:54,525 [WARN] PackLoader:240 - Cannot read IP mode file for STMicroelectronics.X-CUBE-TOF1.3.3.0
2023-09-14 21:08:54,532 [WARN] PackLoader:240 - Cannot read IP mode file for STMicroelectronics.FP-ATR-ASTRA1.1.1.1
2023-09-14 21:08:54,535 [WARN] PackLoader:240 - Cannot read IP mode file for STMicroelectronics.FP-ATR-ASTRA1.1.1.0
2023-09-14 21:08:54,549 [WARN] PackLoader:240 - Cannot read IP mode file for STMicroelectronics.X-CUBE-AZRTOS-G4.1.0.0
2023-09-14 21:08:54,578 [WARN] PackLoader:240 - Cannot read IP mode file for STMicroelectronics.X-CUBE-AZRTOS-L4.1.0.0
2023-09-14 21:08:54,583 [WARN] PackLoader:240 - Cannot read IP mode file for STMicroelectronics.X-CUBE-FREERTOS.1.1.0
2023-09-14 21:08:54,612 [WARN] PackLoader:240 - Cannot read IP mode file for STMicroelectronics.X-CUBE-AZRTOS-F7.1.0.0
2023-09-14 21:08:54,618 [WARN] PackLoader:240 - Cannot read IP mode file for STMicroelectronics.X-CUBE-AZRTOS-WL.1.0.0
2023-09-14 21:08:54,636 [WARN] PackLoader:240 - Cannot read IP mode file for STMicroelectronics.X-CUBE-MEMS1.9.1.0
2023-09-14 21:08:54,678 [WARN] PackLoader:240 - Cannot read IP mode file for portGmbH.I-Cube-SoM-uGOAL.1.1.0
2023-09-14 21:08:54,682 [WARN] PackLoader:240 - Cannot read IP mode file for STMicroelectronics.X-CUBE-ALS.1.0.1
2023-09-14 21:08:54,684 [WARN] PackLoader:240 - Cannot read IP mode file for STMicroelectronics.X-CUBE-AI.7.0.0
2023-09-14 21:08:54,690 [WARN] PackLoader:240 - Cannot read IP mode file for STMicroelectronics.X-CUBE-AZRTOS-WB.1.1.0
2023-09-14 21:08:54,723 [WARN] PackLoader:240 - Cannot read IP mode file for STMicroelectronics.X-CUBE-AZRTOS-L5.1.0.0
2023-09-14 21:08:54,726 [WARN] PackLoader:240 - Cannot read IP mode file for STMicroelectronics.X-CUBE-EEPRMA1.3.1.0
2023-09-14 21:08:54,730 [WARN] PackLoader:240 - Cannot read IP mode file for STMicroelectronics.X-CUBE-EEPRMA1.3.1.1
2023-09-14 21:08:54,733 [WARN] PackLoader:240 - Cannot read IP mode file for STMicroelectronics.X-CUBE-GNSS1.5.2.0
2023-09-14 21:08:54,735 [WARN] PackLoader:240 - Cannot read IP mode file for STMicroelectronics.FP-ATR-ASTRA1.2.0.0
2023-09-14 21:08:54,736 [INFO] ThirdParty:978 - Integrity check success = true
2023-09-14 21:08:54,736 [INFO] IntegrityCheckThread:100 - exiting critical section [integrity check]
2023-09-14 21:08:54,736 [INFO] IntegrityCheckThread:103 - End integrity checks thread
2023-09-14 21:09:11,888 [ERROR] LogOutputStream:75 - [STDERR_REDIRECT] SLF4J: Failed to load class "org.slf4j.impl.StaticLoggerBinder".
2023-09-14 21:09:11,890 [ERROR] LogOutputStream:75 - [STDERR_REDIRECT] SLF4J: Defaulting to no-operation (NOP) logger implementation
2023-09-14 21:09:11,891 [ERROR] LogOutputStream:75 - [STDERR_REDIRECT] SLF4J: See http://www.slf4j.org/codes.html#StaticLoggerBinder for further details.
