2023-09-16 08:53:16,865 [INFO] Activator:176 - 


2023-09-16 08:53:16,870 [INFO] Activator:177 - !SESSION log4j initialized
2023-09-16 08:53:21,474 [INFO] LogOutputStream:77 - [STDOUT_REDIRECT] 
2023-09-16 08:53:23,761 [INFO] ApplicationProperties:184 - Using Application install path: C:\ST\STM32CubeIDE_1.10.1\STM32CubeIDE\plugins\com.st.stm32cube.common.mx_6.9.1.202307191849
2023-09-16 08:53:23,773 [INFO] DbMcusXml:78 - Set database path to: C:\ST\STM32CubeIDE_1.10.1\STM32CubeIDE\plugins\com.st.stm32cube.common.mx_6.9.1.202307191849\\db\/mcu/
2023-09-16 08:53:23,774 [INFO] ApiDb:274 - Set plugin database path to: C:\ST\STM32CubeIDE_1.10.1\STM32CubeIDE\plugins\com.st.stm32cube.common.mx_6.9.1.202307191849\\db\/plugins/boardmanager/
2023-09-16 08:53:23,774 [WARN] ApiDb:259 - Overriding images path with different value:  => C:\ST\STM32CubeIDE_1.10.1\STM32CubeIDE\plugins\com.st.stm32cube.common.mx_6.9.1.202307191849\\db\/plugins/mcufinder/images/
2023-09-16 08:53:23,785 [INFO] ApiDb:250 - Set database path to: C:\Users\Daniel\.stmcufinder\plugins\mcufinder//mcu/
2023-09-16 08:53:23,786 [INFO] DbMcusAds:125 - Set database path to: C:\Users\Daniel\.stmcufinder\plugins\mcufinder//mcu/
2023-09-16 08:53:23,787 [INFO] CrossReferenceDbSqlite:203 - Set database path to: C:\Users\Daniel\.stmcufinder\plugins\mcufinder//mcu/cs/
2023-09-16 08:53:23,859 [INFO] RulesReader:64 - Compatibility file has been processed (293 Rules)
2023-09-16 08:53:23,938 [INFO] DbMcusXml:78 - Set database path to: C:\ST\STM32CubeIDE_1.10.1\STM32CubeIDE\plugins\com.st.stm32cube.common.mx_6.9.1.202307191849\\db\/mcu/
2023-09-16 08:53:23,939 [INFO] ApiDb:274 - Set plugin database path to: C:\ST\STM32CubeIDE_1.10.1\STM32CubeIDE\plugins\com.st.stm32cube.common.mx_6.9.1.202307191849\\db\/plugins/boardmanager/
2023-09-16 08:53:23,939 [INFO] ApiDb:261 - Set plugin images path to: C:\ST\STM32CubeIDE_1.10.1\STM32CubeIDE\plugins\com.st.stm32cube.common.mx_6.9.1.202307191849\\db\/plugins/mcufinder/images/
2023-09-16 08:53:23,939 [WARN] DbFile:41 - Overriding database path with different value: C:\Users\Daniel\.stmcufinder\plugins\mcufinder/ => C:\Users\Daniel\.stmcufinder\plugins\mcufinder
2023-09-16 08:53:23,939 [INFO] ApiDb:250 - Set database path to: C:\Users\Daniel\.stmcufinder\plugins\mcufinder//mcu/
2023-09-16 08:53:23,939 [WARN] DbFile:41 - Overriding database path with different value: C:\Users\Daniel\.stmcufinder\plugins\mcufinder/ => C:\Users\Daniel\.stmcufinder\plugins\mcufinder
2023-09-16 08:53:23,939 [INFO] DbMcusAds:125 - Set database path to: C:\Users\Daniel\.stmcufinder\plugins\mcufinder//mcu/
2023-09-16 08:53:23,939 [WARN] DbFile:41 - Overriding database path with different value: C:\Users\Daniel\.stmcufinder\plugins\mcufinder/ => C:\Users\Daniel\.stmcufinder\plugins\mcufinder
2023-09-16 08:53:23,940 [WARN] DbFile:41 - Overriding database path with different value: C:\Users\Daniel\.stmcufinder\plugins\mcufinder/ => C:\Users\Daniel\.stmcufinder\plugins\mcufinder
2023-09-16 08:53:23,940 [INFO] CrossReferenceDbSqlite:203 - Set database path to: C:\Users\Daniel\.stmcufinder\plugins\mcufinder//mcu/cs/
2023-09-16 08:53:24,004 [INFO] MainPanel:262 - HeapMemory: 268435456
2023-09-16 08:53:24,073 [INFO] DbMcusXml:78 - Set database path to: C:\ST\STM32CubeIDE_1.10.1\STM32CubeIDE\plugins\com.st.stm32cube.common.mx_6.9.1.202307191849\\db\/mcu/
2023-09-16 08:53:24,073 [INFO] ApiDb:274 - Set plugin database path to: C:\ST\STM32CubeIDE_1.10.1\STM32CubeIDE\plugins\com.st.stm32cube.common.mx_6.9.1.202307191849\\db\/plugins/boardmanager/
2023-09-16 08:53:24,073 [INFO] ApiDb:261 - Set plugin images path to: C:\ST\STM32CubeIDE_1.10.1\STM32CubeIDE\plugins\com.st.stm32cube.common.mx_6.9.1.202307191849\\db\/plugins/mcufinder/images/
2023-09-16 08:53:24,074 [WARN] DbFile:41 - Overriding database path with different value: C:\Users\Daniel\.stmcufinder\plugins\mcufinder/ => C:\Users\Daniel\.stmcufinder\plugins\mcufinder
2023-09-16 08:53:24,074 [INFO] ApiDb:250 - Set database path to: C:\Users\Daniel\.stmcufinder\plugins\mcufinder//mcu/
2023-09-16 08:53:24,074 [WARN] DbFile:41 - Overriding database path with different value: C:\Users\Daniel\.stmcufinder\plugins\mcufinder/ => C:\Users\Daniel\.stmcufinder\plugins\mcufinder
2023-09-16 08:53:24,074 [INFO] DbMcusAds:125 - Set database path to: C:\Users\Daniel\.stmcufinder\plugins\mcufinder//mcu/
2023-09-16 08:53:24,074 [WARN] DbFile:41 - Overriding database path with different value: C:\Users\Daniel\.stmcufinder\plugins\mcufinder/ => C:\Users\Daniel\.stmcufinder\plugins\mcufinder
2023-09-16 08:53:24,074 [WARN] DbFile:41 - Overriding database path with different value: C:\Users\Daniel\.stmcufinder\plugins\mcufinder/ => C:\Users\Daniel\.stmcufinder\plugins\mcufinder
2023-09-16 08:53:24,074 [INFO] CrossReferenceDbSqlite:203 - Set database path to: C:\Users\Daniel\.stmcufinder\plugins\mcufinder//mcu/cs/
2023-09-16 08:53:24,089 [INFO] ApplicationProperties:184 - Using Application install path: C:\ST\STM32CubeIDE_1.10.1\STM32CubeIDE\plugins\com.st.stm32cube.common.mx_6.9.1.202307191849
2023-09-16 08:53:24,090 [INFO] PluginManage:196 - Search for loadable plugins [exclusion list=, ]
2023-09-16 08:53:24,091 [INFO] PluginManage:310 - Check plugin analytics
2023-09-16 08:53:24,208 [INFO] AnalyticsPlugin:253 - Accepted Software Licenses: STM32CubeMX.6.6.1
2023-09-16 08:53:24,208 [INFO] AnalyticsPlugin:255 - Accepted CMSIS Pack Licenses: 
2023-09-16 08:53:24,208 [INFO] AnalyticsPlugin:257 - Accepted Firmware Licenses: FW.G0.1.5.0,FW.G4.1.5.0,FW.WB.1.14.0,FW.G0.1.6.0
2023-09-16 08:53:24,211 [INFO] PluginManage:359 - Loaded plugin analytics (category:tool,tabindex:-1)
2023-09-16 08:53:24,211 [INFO] PluginManage:310 - Check plugin cadmodel
2023-09-16 08:53:24,217 [INFO] CADModel:105 - Init CAD model plugin
2023-09-16 08:53:24,217 [INFO] PluginManage:359 - Loaded plugin cadmodel (category:power,tabindex:5)
2023-09-16 08:53:24,217 [INFO] PluginManage:310 - Check plugin clock
2023-09-16 08:53:24,225 [INFO] PluginManage:359 - Loaded plugin clock (category:base,tabindex:2)
2023-09-16 08:53:24,225 [INFO] PluginManage:310 - Check plugin ddr
2023-09-16 08:53:24,227 [INFO] PluginManage:359 - Loaded plugin ddr (category:tool,tabindex:6)
2023-09-16 08:53:24,227 [INFO] PluginManage:310 - Check plugin filemanager
2023-09-16 08:53:24,326 [INFO] PluginManage:359 - Loaded plugin filemanager (category:base,tabindex:10)
2023-09-16 08:53:24,326 [INFO] PluginManage:310 - Check plugin ipmanager
2023-09-16 08:53:24,333 [INFO] PluginManage:359 - Loaded plugin ipmanager (category:base,tabindex:5)
2023-09-16 08:53:24,334 [INFO] PluginManage:310 - Check plugin lpbam
2023-09-16 08:53:24,340 [INFO] PluginManage:359 - Loaded plugin lpbam (category:base,tabindex:0)
2023-09-16 08:53:24,340 [INFO] PluginManage:310 - Check plugin memorymap
2023-09-16 08:53:24,352 [INFO] PluginManage:359 - Loaded plugin memorymap (category:base,tabindex:4)
2023-09-16 08:53:24,352 [INFO] PluginManage:310 - Check plugin pinoutandconfiguration
2023-09-16 08:53:24,359 [INFO] PluginManage:359 - Loaded plugin pinoutandconfiguration (category:base,tabindex:1)
2023-09-16 08:53:24,359 [INFO] PluginManage:310 - Check plugin pinoutconfig
2023-09-16 08:53:24,420 [WARN] SupportedApi:132 - Cannot load RTOS API schema: s4s-elt-must-match.1: The content of 'definitions' must match (annotation?, (simpleType | complexType)?, (unique | key | keyref)*)). A problem was found starting at: attribute.
2023-09-16 08:53:24,512 [INFO] PluginManage:359 - Loaded plugin pinoutconfig (category:base,tabindex:0)
2023-09-16 08:53:24,512 [INFO] PluginManage:310 - Check plugin power
2023-09-16 08:53:24,521 [INFO] PluginManage:359 - Loaded plugin power (category:power,tabindex:4)
2023-09-16 08:53:24,522 [INFO] PluginManage:310 - Check plugin projectmanager
2023-09-16 08:53:24,536 [INFO] PluginManage:359 - Loaded plugin projectmanager (category:projectmanager,tabindex:3)
2023-09-16 08:53:24,536 [INFO] PluginManage:310 - Check plugin thirdparty
2023-09-16 08:53:24,640 [INFO] PluginManage:359 - Loaded plugin thirdparty (category:base,tabindex:-1)
2023-09-16 08:53:24,640 [WARN] IntegrityCheckThread:84 - waiting for thirdparty lock release [integrity check]
2023-09-16 08:53:24,640 [INFO] IntegrityCheckThread:86 - entering critical section [integrity check]
2023-09-16 08:53:24,640 [INFO] PluginManage:310 - Check plugin tools
2023-09-16 08:53:24,641 [INFO] ThirdPartyUpdaterWithRetryManager:70 - Updater plugin not ready yet. [1/15]
2023-09-16 08:53:24,643 [INFO] PluginManage:359 - Loaded plugin tools (category:base,tabindex:7)
2023-09-16 08:53:24,643 [INFO] PluginManage:310 - Check plugin tutovideos
2023-09-16 08:53:24,779 [INFO] PluginManage:359 - Loaded plugin tutovideos (category:base,tabindex:-1)
2023-09-16 08:53:24,779 [INFO] PluginManage:310 - Check plugin updater
2023-09-16 08:53:24,787 [INFO] PluginManage:359 - Loaded plugin updater (category:base,tabindex:12)
2023-09-16 08:53:24,787 [INFO] PluginManage:310 - Check plugin userauth
2023-09-16 08:53:24,791 [INFO] UserAuth:113 - Init User Auth plugin
2023-09-16 08:53:24,791 [INFO] PluginManage:359 - Loaded plugin userauth (category:base,tabindex:14)
2023-09-16 08:53:24,791 [INFO] PluginManage:283 - PluginManage : Loaded plugins [17]
2023-09-16 08:53:24,960 [INFO] PinOutPanel:1499 - setPackage(No Configuration,No Configuration)
2023-09-16 08:53:25,046 [INFO] CADModel:165 - CPN selected for project level
2023-09-16 08:53:25,047 [INFO] CADModel:114 - Register for checkConnection events
2023-09-16 08:53:25,059 [INFO] IPUIPlugin:80 - create IPUIPlugin
2023-09-16 08:53:25,059 [INFO] PluginManager:220 - loadIPPluginJar : add adc
2023-09-16 08:53:25,061 [INFO] IPUIPlugin:80 - create IPUIPlugin
2023-09-16 08:53:25,061 [INFO] PluginManager:220 - loadIPPluginJar : add aes
2023-09-16 08:53:25,063 [INFO] IPUIPlugin:80 - create IPUIPlugin
2023-09-16 08:53:25,063 [INFO] PluginManager:220 - loadIPPluginJar : add can
2023-09-16 08:53:25,064 [INFO] IPUIPlugin:80 - create IPUIPlugin
2023-09-16 08:53:25,064 [INFO] PluginManager:220 - loadIPPluginJar : add comp
2023-09-16 08:53:25,066 [INFO] IPUIPlugin:80 - create IPUIPlugin
2023-09-16 08:53:25,066 [INFO] PluginManager:220 - loadIPPluginJar : add cryp
2023-09-16 08:53:25,068 [INFO] IPUIPlugin:80 - create IPUIPlugin
2023-09-16 08:53:25,068 [INFO] PluginManager:220 - loadIPPluginJar : add dfsdm
2023-09-16 08:53:25,072 [INFO] IPUIPlugin:80 - create IPUIPlugin
2023-09-16 08:53:25,072 [INFO] PluginManager:220 - loadIPPluginJar : add dma
2023-09-16 08:53:25,074 [INFO] IPUIPlugin:80 - create IPUIPlugin
2023-09-16 08:53:25,074 [INFO] PluginManager:220 - loadIPPluginJar : add dma3
2023-09-16 08:53:25,076 [INFO] IPUIPlugin:80 - create IPUIPlugin
2023-09-16 08:53:25,076 [INFO] PluginManager:220 - loadIPPluginJar : add fatfs
2023-09-16 08:53:25,079 [INFO] IPUIPlugin:80 - create IPUIPlugin
2023-09-16 08:53:25,079 [INFO] PluginManager:220 - loadIPPluginJar : add fmc
2023-09-16 08:53:25,083 [INFO] IPUIPlugin:80 - create IPUIPlugin
2023-09-16 08:53:25,083 [INFO] PluginManager:220 - loadIPPluginJar : add freertos
2023-09-16 08:53:25,085 [INFO] IPUIPlugin:80 - create IPUIPlugin
2023-09-16 08:53:25,085 [INFO] PluginManager:220 - loadIPPluginJar : add genericplugin
2023-09-16 08:53:25,087 [INFO] IPUIPlugin:80 - create IPUIPlugin
2023-09-16 08:53:25,087 [INFO] PluginManager:220 - loadIPPluginJar : add gfxmmu
2023-09-16 08:53:25,090 [INFO] IPUIPlugin:80 - create IPUIPlugin
2023-09-16 08:53:25,090 [INFO] PluginManager:220 - loadIPPluginJar : add gic
2023-09-16 08:53:25,093 [INFO] IPUIPlugin:80 - create IPUIPlugin
2023-09-16 08:53:25,093 [INFO] PluginManager:220 - loadIPPluginJar : add gpio
2023-09-16 08:53:25,095 [INFO] IPUIPlugin:80 - create IPUIPlugin
2023-09-16 08:53:25,095 [INFO] PluginManager:220 - loadIPPluginJar : add gtzc
2023-09-16 08:53:25,097 [INFO] IPUIPlugin:80 - create IPUIPlugin
2023-09-16 08:53:25,097 [INFO] PluginManager:220 - loadIPPluginJar : add hash
2023-09-16 08:53:25,099 [INFO] IPUIPlugin:80 - create IPUIPlugin
2023-09-16 08:53:25,099 [INFO] PluginManager:220 - loadIPPluginJar : add i2c
2023-09-16 08:53:25,101 [INFO] IPUIPlugin:80 - create IPUIPlugin
2023-09-16 08:53:25,101 [INFO] PluginManager:220 - loadIPPluginJar : add i2s
2023-09-16 08:53:25,103 [INFO] IPUIPlugin:80 - create IPUIPlugin
2023-09-16 08:53:25,103 [INFO] PluginManager:220 - loadIPPluginJar : add i3c
2023-09-16 08:53:25,105 [INFO] IPUIPlugin:80 - create IPUIPlugin
2023-09-16 08:53:25,106 [INFO] PluginManager:220 - loadIPPluginJar : add ipddr
2023-09-16 08:53:25,111 [INFO] IPUIPlugin:80 - create IPUIPlugin
2023-09-16 08:53:25,111 [INFO] PluginManager:220 - loadIPPluginJar : add linkedlist
2023-09-16 08:53:25,114 [INFO] IPUIPlugin:80 - create IPUIPlugin
2023-09-16 08:53:25,114 [INFO] PluginManager:220 - loadIPPluginJar : add lorawan
2023-09-16 08:53:25,115 [INFO] IPUIPlugin:80 - create IPUIPlugin
2023-09-16 08:53:25,115 [INFO] PluginManager:220 - loadIPPluginJar : add ltdc
2023-09-16 08:53:25,120 [INFO] IPUIPlugin:80 - create IPUIPlugin
2023-09-16 08:53:25,120 [INFO] PluginManager:220 - loadIPPluginJar : add mdma
2023-09-16 08:53:25,123 [INFO] IPUIPlugin:80 - create IPUIPlugin
2023-09-16 08:53:25,123 [INFO] PluginManager:220 - loadIPPluginJar : add nvic
2023-09-16 08:53:25,125 [INFO] IPUIPlugin:80 - create IPUIPlugin
2023-09-16 08:53:25,125 [INFO] PluginManager:220 - loadIPPluginJar : add opamp
2023-09-16 08:53:25,127 [INFO] IPUIPlugin:80 - create IPUIPlugin
2023-09-16 08:53:25,128 [INFO] PluginManager:220 - loadIPPluginJar : add openamp
2023-09-16 08:53:25,130 [INFO] IPUIPlugin:80 - create IPUIPlugin
2023-09-16 08:53:25,130 [INFO] PluginManager:220 - loadIPPluginJar : add pdm2pcm
2023-09-16 08:53:25,134 [INFO] IPUIPlugin:80 - create IPUIPlugin
2023-09-16 08:53:25,136 [INFO] PluginManager:220 - loadIPPluginJar : add plateformsettings
2023-09-16 08:53:25,137 [INFO] IPUIPlugin:80 - create IPUIPlugin
2023-09-16 08:53:25,137 [INFO] PluginManager:220 - loadIPPluginJar : add quadspi
2023-09-16 08:53:25,140 [INFO] IPUIPlugin:80 - create IPUIPlugin
2023-09-16 08:53:25,140 [INFO] PluginManager:220 - loadIPPluginJar : add resmgrutility
2023-09-16 08:53:25,142 [INFO] IPUIPlugin:80 - create IPUIPlugin
2023-09-16 08:53:25,142 [INFO] PluginManager:220 - loadIPPluginJar : add sai
2023-09-16 08:53:25,144 [INFO] IPUIPlugin:80 - create IPUIPlugin
2023-09-16 08:53:25,144 [INFO] PluginManager:220 - loadIPPluginJar : add spi
2023-09-16 08:53:25,147 [INFO] IPUIPlugin:80 - create IPUIPlugin
2023-09-16 08:53:25,147 [INFO] PluginManager:220 - loadIPPluginJar : add stm32_wpan
2023-09-16 08:53:25,149 [INFO] IPUIPlugin:80 - create IPUIPlugin
2023-09-16 08:53:25,149 [INFO] PluginManager:220 - loadIPPluginJar : add tim
2023-09-16 08:53:25,151 [INFO] IPUIPlugin:80 - create IPUIPlugin
2023-09-16 08:53:25,151 [INFO] PluginManager:220 - loadIPPluginJar : add touchsensing
2023-09-16 08:53:25,152 [INFO] IPUIPlugin:80 - create IPUIPlugin
2023-09-16 08:53:25,152 [INFO] PluginManager:220 - loadIPPluginJar : add tracer_emb
2023-09-16 08:53:25,154 [INFO] IPUIPlugin:80 - create IPUIPlugin
2023-09-16 08:53:25,154 [INFO] PluginManager:220 - loadIPPluginJar : add ts
2023-09-16 08:53:25,155 [INFO] IPUIPlugin:80 - create IPUIPlugin
2023-09-16 08:53:25,155 [INFO] PluginManager:220 - loadIPPluginJar : add tsc
2023-09-16 08:53:25,157 [INFO] IPUIPlugin:80 - create IPUIPlugin
2023-09-16 08:53:25,157 [INFO] PluginManager:220 - loadIPPluginJar : add ucpd
2023-09-16 08:53:25,159 [INFO] IPUIPlugin:80 - create IPUIPlugin
2023-09-16 08:53:25,159 [INFO] PluginManager:220 - loadIPPluginJar : add usart
2023-09-16 08:53:25,161 [INFO] IPUIPlugin:80 - create IPUIPlugin
2023-09-16 08:53:25,161 [INFO] PluginManager:220 - loadIPPluginJar : add usbx
2023-09-16 08:53:25,275 [INFO] CADModel:165 - CPN selected for project level
2023-09-16 08:53:25,276 [INFO] CADModel:114 - Register for checkConnection events
2023-09-16 08:53:25,276 [FATAL] Updater:308 - Updater called before beeing initialized
2023-09-16 08:53:25,276 [ERROR] CADModel:125 - Updater not yet initialized, retry later 
2023-09-16 08:53:25,378 [INFO] CADModel:165 - CPN selected for project level
2023-09-16 08:53:25,378 [INFO] CADModel:114 - Register for checkConnection events
2023-09-16 08:53:25,378 [FATAL] Updater:308 - Updater called before beeing initialized
2023-09-16 08:53:25,378 [ERROR] CADModel:125 - Updater not yet initialized, retry later 
2023-09-16 08:53:25,380 [FATAL] Updater:308 - Updater called before beeing initialized
2023-09-16 08:53:25,460 [FATAL] Updater:308 - Updater called before beeing initialized
2023-09-16 08:53:25,464 [INFO] DbMcusAds:53 - JSON generation date=Tue Mar 07 09:50:54 CET 2023 (1678179054945)
2023-09-16 08:53:25,464 [FATAL] Updater:308 - Updater called before beeing initialized
2023-09-16 08:53:25,497 [WARN] DetailPanel:346 - Failed to get advertising image, set to default
2023-09-16 08:53:25,604 [FATAL] Updater:308 - Updater called before beeing initialized
2023-09-16 08:53:25,605 [FATAL] Updater:308 - Updater called before beeing initialized
2023-09-16 08:53:25,606 [FATAL] Updater:308 - Updater called before beeing initialized
2023-09-16 08:53:25,606 [WARN] DetailPanel:346 - Failed to get advertising image, set to default
2023-09-16 08:53:25,606 [FATAL] Updater:308 - Updater called before beeing initialized
2023-09-16 08:53:25,638 [ERROR] Updater:1120 - MainUpdater not yet initialized. External WinMGr cannot be set.
2023-09-16 08:53:25,640 [INFO] Updater:1056 - Updater Version found : 6.9.1
2023-09-16 08:53:25,656 [INFO] ApplicationProperties:184 - Using Application install path: C:\ST\STM32CubeIDE_1.10.1\STM32CubeIDE\plugins\com.st.stm32cube.common.mx_6.9.1.202307191849
2023-09-16 08:53:25,914 [INFO] MainUpdater:2868 - connection check result : 10
2023-09-16 08:53:25,914 [INFO] MainUpdater:3562 - Updater definition file requires update
2023-09-16 08:53:25,915 [INFO] MainUpdater:285 - Updater Check For Update Now.
2023-09-16 08:53:25,915 [INFO] MicroXplorer:498 - Change Database Version : DB.6.0.91
2023-09-16 08:53:25,919 [INFO] McuFinderGlobals:63 - Set McuFinder mode to 2 (CubeIDE integrated)
2023-09-16 08:53:25,937 [INFO] ServerAccessManage:473 - Download File updaters.zip
2023-09-16 08:53:25,981 [INFO] FileExtend:240 - Unzip File : updaters.zip
2023-09-16 08:53:25,981 [INFO] FileExtend:255 - Standard Zip Deflate
2023-09-16 08:53:26,595 [INFO] ServerAccessManage:473 - Download File PacksControlFlags.xml
2023-09-16 08:53:26,637 [INFO] ServerAccessManage:473 - Download File cubemx.pidx
2023-09-16 08:53:26,701 [INFO] LoadServerUpdatesThread:373 - End of LoadServerUpdate Thread
2023-09-16 08:53:26,844 [INFO] CheckServerUpdateThread:120 - End of CheckServer Thread
2023-09-16 08:53:27,856 [WARN] PackLoader:240 - Cannot read IP mode file for STMicroelectronics.X-CUBE-SMBUS.2.1.0
2023-09-16 08:53:27,948 [WARN] PackLoader:240 - Cannot read IP mode file for STMicroelectronics.X-CUBE-MEMS1.9.2.0
2023-09-16 08:53:28,037 [WARN] PackLoader:240 - Cannot read IP mode file for STMicroelectronics.X-CUBE-AZRTOS-F7.1.1.0
2023-09-16 08:53:28,047 [WARN] PackLoader:240 - Cannot read IP mode file for STMicroelectronics.X-CUBE-AI.7.1.0
2023-09-16 08:53:28,052 [WARN] PackLoader:240 - Cannot read IP mode file for STMicroelectronics.X-CUBE-TOUCHGFX.4.19.1
2023-09-16 08:53:28,064 [ERROR] RealEvaluatedCondition:428 - Found unsupported composite condition: GROUP='STM32_MetaDataManager' CLASS='Data Exchange'
2023-09-16 08:53:28,064 [ERROR] RealEvaluatedCondition:428 - Found unsupported composite condition: CLASS='Data Exchange' GROUP='STM32_MetaDataManager'
2023-09-16 08:53:28,065 [WARN] PackLoader:240 - Cannot read IP mode file for STMicroelectronics.FP-SNS-MOTENV1.4.3.0
2023-09-16 08:53:28,069 [WARN] PackLoader:240 - Cannot read IP mode file for STMicroelectronics.FP-SNS-MOTENV1.4.3.2
2023-09-16 08:53:28,074 [WARN] PackLoader:240 - Cannot read IP mode file for STMicroelectronics.FP-SNS-FLIGHT1.5.0.0
2023-09-16 08:53:28,077 [ERROR] RealEvaluatedCondition:428 - Found unsupported composite condition: CLASS='Data Exchange' GROUP='STM32_MetaDataManager'
2023-09-16 08:53:28,077 [ERROR] RealEvaluatedCondition:428 - Found unsupported composite condition: CLASS='Data Exchange' GROUP='STM32_MetaDataManager'
2023-09-16 08:53:28,078 [WARN] PackLoader:240 - Cannot read IP mode file for STMicroelectronics.FP-SNS-MOTENV1.4.3.1
2023-09-16 08:53:28,081 [WARN] PackLoader:240 - Cannot read IP mode file for STMicroelectronics.FP-SNS-FLIGHT1.5.0.1
2023-09-16 08:53:28,087 [WARN] PackLoader:240 - Cannot read IP mode file for STMicroelectronics.X-CUBE-BLE1.6.2.3
2023-09-16 08:53:28,094 [WARN] PackLoader:240 - Cannot read IP mode file for STMicroelectronics.X-CUBE-BLE1.6.2.4
2023-09-16 08:53:28,177 [WARN] PackLoader:240 - Cannot read IP mode file for STMicroelectronics.X-CUBE-BLE1.6.2.2
2023-09-16 08:53:28,180 [WARN] PackLoader:240 - Cannot read IP mode file for STMicroelectronics.FP-SNS-FLIGHT1.5.0.2
2023-09-16 08:53:28,185 [WARN] PackLoader:240 - Cannot read IP mode file for STMicroelectronics.X-CUBE-BLE2.3.2.2
2023-09-16 08:53:28,192 [WARN] PackLoader:240 - Cannot read IP mode file for STMicroelectronics.X-CUBE-TOF1.3.1.0
2023-09-16 08:53:28,200 [WARN] PackLoader:240 - Cannot read IP mode file for STMicroelectronics.X-CUBE-DISPLAY.3.0.0
2023-09-16 08:53:28,205 [WARN] PackLoader:240 - Cannot read IP mode file for STMicroelectronics.X-CUBE-BLE1.7.0.0
2023-09-16 08:53:28,208 [WARN] PackLoader:240 - Cannot read IP mode file for STMicroelectronics.X-CUBE-TOUCHGFX.4.22.0
2023-09-16 08:53:28,214 [WARN] PackLoader:240 - Cannot read IP mode file for STMicroelectronics.X-CUBE-SUBG2.4.2.0
2023-09-16 08:53:28,236 [WARN] PackLoader:240 - Cannot read IP mode file for STMicroelectronics.X-CUBE-MEMS1.9.3.0
2023-09-16 08:53:28,302 [WARN] PackLoader:240 - Cannot read IP mode file for STMicroelectronics.X-CUBE-AI.7.2.0
2023-09-16 08:53:28,307 [WARN] PackLoader:240 - Cannot read IP mode file for STMicroelectronics.FP-SNS-SMARTAG2.1.2.0
2023-09-16 08:53:28,315 [INFO] LogOutputStream:77 - [STDOUT_REDIRECT] 1 : Invalid condition id : UX_CORESTACK_Condition cause : null
2023-09-16 08:53:28,316 [INFO] LogOutputStream:77 - [STDOUT_REDIRECT] 1 : Invalid condition id : UX_CORESTACK_Condition cause : null
2023-09-16 08:53:28,317 [INFO] LogOutputStream:77 - [STDOUT_REDIRECT] 1 : Invalid condition id : UX_CORESTACK_Condition cause : null
2023-09-16 08:53:28,318 [INFO] LogOutputStream:77 - [STDOUT_REDIRECT] 1 : Invalid condition id : UX_CORESTACK_Condition cause : null
2023-09-16 08:53:28,319 [INFO] LogOutputStream:77 - [STDOUT_REDIRECT] 1 : Invalid condition id : UX_CORESTACK_Condition cause : null
2023-09-16 08:53:28,320 [WARN] PackLoader:240 - Cannot read IP mode file for STMicroelectronics.X-CUBE-AZRTOS-WL.2.0.0
2023-09-16 08:53:28,330 [WARN] PackLoader:240 - Cannot read IP mode file for STMicroelectronics.X-CUBE-ALGOBUILD.1.2.1
2023-09-16 08:53:28,339 [WARN] PackLoader:240 - Cannot read IP mode file for WES.I-CUBE-Cesium.1.3.0
2023-09-16 08:53:28,345 [WARN] PackLoader:240 - Cannot read IP mode file for STMicroelectronics.X-CUBE-BLE2.3.3.0
2023-09-16 08:53:28,378 [WARN] PackLoader:240 - Cannot read IP mode file for STMicroelectronics.X-CUBE-DISPLAY.2.2.0
2023-09-16 08:53:28,391 [WARN] PackLoader:240 - Cannot read IP mode file for STMicroelectronics.X-CUBE-TOF1.3.2.0
2023-09-16 08:53:28,396 [WARN] PackLoader:240 - Cannot read IP mode file for STMicroelectronics.X-CUBE-TOUCHGFX.4.18.1
2023-09-16 08:53:28,400 [WARN] PackLoader:240 - Cannot read IP mode file for STMicroelectronics.X-CUBE-ISPU.1.0.0
2023-09-16 08:53:28,403 [WARN] PackLoader:240 - Cannot read IP mode file for wolfSSL.I-CUBE-wolfSSL.5.0.0
2023-09-16 08:53:28,468 [WARN] PackLoader:240 - Cannot read IP mode file for STMicroelectronics.X-CUBE-AZRTOS-H7.2.1.0
2023-09-16 08:53:28,473 [WARN] PackLoader:240 - Cannot read IP mode file for STMicroelectronics.X-CUBE-TOUCHGFX.4.21.1
2023-09-16 08:53:28,476 [WARN] PackLoader:240 - Cannot read IP mode file for STMicroelectronics.X-CUBE-TOUCHGFX.4.21.0
2023-09-16 08:53:28,478 [WARN] PackLoader:240 - Cannot read IP mode file for STMicroelectronics.X-CUBE-TOUCHGFX.4.21.3
2023-09-16 08:53:28,481 [WARN] PackLoader:240 - Cannot read IP mode file for STMicroelectronics.X-CUBE-TOUCHGFX.4.21.4
2023-09-16 08:53:28,505 [WARN] PackLoader:240 - Cannot read IP mode file for STMicroelectronics.X-CUBE-MEMS1.9.4.0
2023-09-16 08:53:28,572 [WARN] PackLoader:240 - Cannot read IP mode file for STMicroelectronics.X-CUBE-AI.7.3.0
2023-09-16 08:53:28,577 [WARN] PackLoader:240 - Cannot read IP mode file for STMicroelectronics.X-CUBE-ALGOBUILD.1.3.0
2023-09-16 08:53:28,588 [WARN] PackLoader:240 - Cannot read IP mode file for STMicroelectronics.X-CUBE-AZRTOS-G0.1.1.0
2023-09-16 08:53:28,597 [WARN] PackLoader:240 - Cannot read IP mode file for STMicroelectronics.X-CUBE-NFC4.3.0.0
2023-09-16 08:53:28,664 [WARN] PackLoader:240 - Cannot read IP mode file for SEGGER.I-CUBE-embOS.1.2.0
2023-09-16 08:53:28,688 [WARN] PackLoader:240 - Cannot read IP mode file for STMicroelectronics.X-CUBE-BLEMGR.1.3.0
2023-09-16 08:53:28,698 [WARN] PackLoader:240 - Cannot read IP mode file for STMicroelectronics.X-CUBE-AZRTOS-H7.2.0.0
2023-09-16 08:53:28,718 [WARN] PackLoader:240 - Cannot read IP mode file for STMicroelectronics.FP-ATR-SIGFOX1.3.2.0
2023-09-16 08:53:28,725 [WARN] PackLoader:240 - Cannot read IP mode file for emotas.I-CUBE-CANOPEN.1.1.2
2023-09-16 08:53:28,727 [WARN] PackLoader:240 - Cannot read IP mode file for STMicroelectronics.X-CUBE-TOUCHGFX.4.20.0
2023-09-16 08:53:28,744 [WARN] PackLoader:240 - Cannot read IP mode file for STMicroelectronics.X-CUBE-MEMS1.9.5.0
2023-09-16 08:53:28,828 [WARN] PackLoader:240 - Cannot read IP mode file for SEGGER.I-CUBE-embOS.1.3.1
2023-09-16 08:53:28,844 [WARN] PackLoader:240 - Cannot read IP mode file for STMicroelectronics.X-CUBE-DISPLAY.2.0.0
2023-09-16 08:53:28,847 [WARN] PackLoader:240 - Cannot read IP mode file for STMicroelectronics.X-CUBE-DISPLAY.2.0.1
2023-09-16 08:53:28,852 [WARN] PackLoader:240 - Cannot read IP mode file for STMicroelectronics.X-CUBE-TOF1.3.0.0
2023-09-16 08:53:28,856 [WARN] PackLoader:240 - Cannot read IP mode file for STMicroelectronics.X-CUBE-GNSS1.6.0.0
2023-09-16 08:53:28,866 [WARN] PackLoader:240 - Cannot read IP mode file for STMicroelectronics.X-CUBE-AZRTOS-F4.1.1.0
2023-09-16 08:53:28,871 [WARN] PackLoader:240 - Cannot read IP mode file for STMicroelectronics.X-CUBE-BLEMGR.1.2.0
2023-09-16 08:53:28,882 [WARN] PackLoader:240 - Cannot read IP mode file for STMicroelectronics.X-CUBE-AZRTOS-L5.2.0.0
2023-09-16 08:53:28,898 [WARN] PackLoader:240 - Cannot read IP mode file for STMicroelectronics.X-CUBE-MEMS1.9.6.0
2023-09-16 08:53:28,972 [WARN] PackLoader:240 - Cannot read IP mode file for STMicroelectronics.X-CUBE-BLEMGR.2.0.0
2023-09-16 08:53:28,977 [WARN] PackLoader:240 - Cannot read IP mode file for STMicroelectronics.X-CUBE-NFC4.2.0.5
2023-09-16 08:53:28,980 [WARN] PackLoader:240 - Cannot read IP mode file for STMicroelectronics.X-CUBE-NFC4.2.0.4
2023-09-16 08:53:28,984 [WARN] PackLoader:240 - Cannot read IP mode file for STMicroelectronics.X-CUBE-NFC4.2.0.3
2023-09-16 08:53:28,999 [WARN] ConditionMgr:438 - getConditionDescription Invalid condition id : UX DEVICE CLASS RTOS Condition cause : null
2023-09-16 08:53:28,999 [WARN] ConditionMgr:438 - getConditionDescription Invalid condition id : UX DEVICE CLASS RTOS Condition cause : null
2023-09-16 08:53:29,000 [WARN] PackLoader:240 - Cannot read IP mode file for STMicroelectronics.X-CUBE-AZRTOS-H7.3.1.0
2023-09-16 08:53:29,001 [WARN] ConditionMgr:1039 - genDependencies : Invalid condition id : UX DEVICE CLASS RTOS Condition cause : null
2023-09-16 08:53:29,001 [WARN] ConditionMgr:1039 - genDependencies : Invalid condition id : UX DEVICE CLASS RTOS Condition cause : null
2023-09-16 08:53:29,001 [WARN] ConditionMgr:1039 - genDependencies : Invalid condition id : UX DEVICE CLASS RTOS Condition cause : null
2023-09-16 08:53:29,001 [WARN] ConditionMgr:1039 - genDependencies : Invalid condition id : UX DEVICE CLASS RTOS Condition cause : null
2023-09-16 08:53:29,001 [WARN] ConditionMgr:1039 - genDependencies : Invalid condition id : UX DEVICE CLASS RTOS Condition cause : null
2023-09-16 08:53:29,007 [WARN] PackLoader:240 - Cannot read IP mode file for STMicroelectronics.X-CUBE-SFXS2LP1.3.1.0
2023-09-16 08:53:29,017 [WARN] PackLoader:240 - Cannot read IP mode file for STMicroelectronics.X-CUBE-AZRTOS-F4.1.0.0
2023-09-16 08:53:29,088 [WARN] PackLoader:240 - Cannot read IP mode file for STMicroelectronics.X-CUBE-TOF1.2.0.0
2023-09-16 08:53:29,095 [WARN] PackLoader:240 - Cannot read IP mode file for STMicroelectronics.X-CUBE-NFC7.1.0.1
2023-09-16 08:53:29,099 [WARN] PackLoader:240 - Cannot read IP mode file for STMicroelectronics.X-CUBE-NFC7.1.0.0
2023-09-16 08:53:29,106 [WARN] PackLoader:240 - Cannot read IP mode file for STMicroelectronics.X-CUBE-NFC6.3.0.0
2023-09-16 08:53:29,111 [WARN] PackLoader:240 - Cannot read IP mode file for STMicroelectronics.X-CUBE-EEPRMA1.4.1.0
2023-09-16 08:53:29,115 [WARN] PackLoader:240 - Cannot read IP mode file for STMicroelectronics.X-CUBE-AI.8.1.0
2023-09-16 08:53:29,130 [WARN] PackLoader:240 - Cannot read IP mode file for STMicroelectronics.X-CUBE-AZRTOS-G0.1.0.0
2023-09-16 08:53:29,142 [WARN] ConditionMgr:438 - getConditionDescription Invalid condition id : LAN8742 Phy interface Condition cause : null
2023-09-16 08:53:29,142 [WARN] PackLoader:240 - Cannot read IP mode file for STMicroelectronics.X-CUBE-AZRTOS-L4.2.0.0
2023-09-16 08:53:29,143 [WARN] ConditionMgr:1039 - genDependencies : Invalid condition id : LAN8742 Phy interface Condition cause : null
2023-09-16 08:53:29,143 [WARN] ConditionMgr:1039 - genDependencies : Invalid condition id : LAN8742 Phy interface Condition cause : null
2023-09-16 08:53:29,144 [WARN] ConditionMgr:1039 - genDependencies : Invalid condition id : LAN8742 Phy interface Condition cause : null
2023-09-16 08:53:29,148 [WARN] PackLoader:240 - Cannot read IP mode file for STMicroelectronics.X-CUBE-SFXS2LP1.4.0.0
2023-09-16 08:53:29,159 [WARN] PackLoader:240 - Cannot read IP mode file for STMicroelectronics.X-CUBE-AZRTOS-H7.3.0.0
2023-09-16 08:53:29,166 [WARN] PackLoader:240 - Cannot read IP mode file for STMicroelectronics.X-CUBE-ISPU.1.1.0
2023-09-16 08:53:29,171 [WARN] PackLoader:240 - Cannot read IP mode file for RoweBots.I-CUBE-UNISONRTOS.5.5.0-4
2023-09-16 08:53:29,174 [WARN] PackLoader:240 - Cannot read IP mode file for STMicroelectronics.X-CUBE-AI.8.0.0
2023-09-16 08:53:29,183 [WARN] ConditionMgr:438 - getConditionDescription Invalid condition id : UX DEVICE CLASS RTOS Condition cause : null
2023-09-16 08:53:29,183 [WARN] ConditionMgr:438 - getConditionDescription Invalid condition id : UX DEVICE CLASS RTOS Condition cause : null
2023-09-16 08:53:29,184 [WARN] PackLoader:240 - Cannot read IP mode file for STMicroelectronics.X-CUBE-AZRTOS-WB.2.0.0
2023-09-16 08:53:29,185 [WARN] ConditionMgr:1039 - genDependencies : Invalid condition id : UX DEVICE CLASS RTOS Condition cause : null
2023-09-16 08:53:29,185 [WARN] ConditionMgr:1039 - genDependencies : Invalid condition id : UX DEVICE CLASS RTOS Condition cause : null
2023-09-16 08:53:29,185 [WARN] ConditionMgr:1039 - genDependencies : Invalid condition id : UX DEVICE CLASS RTOS Condition cause : null
2023-09-16 08:53:29,185 [WARN] ConditionMgr:1039 - genDependencies : Invalid condition id : UX DEVICE CLASS RTOS Condition cause : null
2023-09-16 08:53:29,185 [WARN] ConditionMgr:1039 - genDependencies : Invalid condition id : UX DEVICE CLASS RTOS Condition cause : null
2023-09-16 08:53:29,191 [WARN] PackLoader:240 - Cannot read IP mode file for STMicroelectronics.X-CUBE-FREERTOS.1.0.0
2023-09-16 08:53:29,195 [WARN] PackLoader:240 - Cannot read IP mode file for STMicroelectronics.X-CUBE-FREERTOS.1.0.1
2023-09-16 08:53:29,200 [WARN] PackLoader:240 - Cannot read IP mode file for STMicroelectronics.X-CUBE-BLEMGR.1.0.0
2023-09-16 08:53:29,210 [WARN] PackLoader:240 - Cannot read IP mode file for STMicroelectronics.X-CUBE-AZRTOS-L5.1.1.0
2023-09-16 08:53:29,216 [WARN] PackLoader:240 - Cannot read IP mode file for STMicroelectronics.X-CUBE-AI.8.0.1
2023-09-16 08:53:29,225 [WARN] PackLoader:240 - Cannot read IP mode file for STMicroelectronics.X-CUBE-SUBG2.5.0.0
2023-09-16 08:53:29,235 [WARN] PackLoader:240 - Cannot read IP mode file for STMicroelectronics.X-CUBE-TOF1.3.3.1
2023-09-16 08:53:29,245 [WARN] PackLoader:240 - Cannot read IP mode file for STMicroelectronics.X-CUBE-AZRTOS-G4.2.0.0
2023-09-16 08:53:29,253 [WARN] PackLoader:240 - Cannot read IP mode file for STMicroelectronics.X-CUBE-TOF1.3.3.0
2023-09-16 08:53:29,260 [WARN] PackLoader:240 - Cannot read IP mode file for STMicroelectronics.FP-ATR-ASTRA1.1.1.1
2023-09-16 08:53:29,263 [WARN] PackLoader:240 - Cannot read IP mode file for STMicroelectronics.FP-ATR-ASTRA1.1.1.0
2023-09-16 08:53:29,274 [WARN] PackLoader:240 - Cannot read IP mode file for STMicroelectronics.X-CUBE-AZRTOS-G4.1.0.0
2023-09-16 08:53:29,314 [WARN] PackLoader:240 - Cannot read IP mode file for STMicroelectronics.X-CUBE-AZRTOS-L4.1.0.0
2023-09-16 08:53:29,318 [WARN] PackLoader:240 - Cannot read IP mode file for STMicroelectronics.X-CUBE-FREERTOS.1.1.0
2023-09-16 08:53:29,363 [WARN] PackLoader:240 - Cannot read IP mode file for STMicroelectronics.X-CUBE-AZRTOS-F7.1.0.0
2023-09-16 08:53:29,371 [WARN] PackLoader:240 - Cannot read IP mode file for STMicroelectronics.X-CUBE-AZRTOS-WL.1.0.0
2023-09-16 08:53:29,384 [WARN] PackLoader:240 - Cannot read IP mode file for STMicroelectronics.X-CUBE-MEMS1.9.1.0
2023-09-16 08:53:29,421 [WARN] PackLoader:240 - Cannot read IP mode file for portGmbH.I-Cube-SoM-uGOAL.1.1.0
2023-09-16 08:53:29,423 [WARN] PackLoader:240 - Cannot read IP mode file for STMicroelectronics.X-CUBE-ALS.1.0.1
2023-09-16 08:53:29,425 [WARN] PackLoader:240 - Cannot read IP mode file for STMicroelectronics.X-CUBE-AI.7.0.0
2023-09-16 08:53:29,431 [WARN] PackLoader:240 - Cannot read IP mode file for STMicroelectronics.X-CUBE-AZRTOS-WB.1.1.0
2023-09-16 08:53:29,455 [WARN] PackLoader:240 - Cannot read IP mode file for STMicroelectronics.X-CUBE-AZRTOS-L5.1.0.0
2023-09-16 08:53:29,458 [WARN] PackLoader:240 - Cannot read IP mode file for STMicroelectronics.X-CUBE-EEPRMA1.3.1.0
2023-09-16 08:53:29,461 [WARN] PackLoader:240 - Cannot read IP mode file for STMicroelectronics.X-CUBE-EEPRMA1.3.1.1
2023-09-16 08:53:29,464 [WARN] PackLoader:240 - Cannot read IP mode file for STMicroelectronics.X-CUBE-GNSS1.5.2.0
2023-09-16 08:53:29,466 [WARN] PackLoader:240 - Cannot read IP mode file for STMicroelectronics.FP-ATR-ASTRA1.2.0.0
2023-09-16 08:53:29,466 [INFO] ThirdParty:978 - Integrity check success = true
2023-09-16 08:53:29,466 [INFO] IntegrityCheckThread:100 - exiting critical section [integrity check]
2023-09-16 08:53:29,466 [INFO] IntegrityCheckThread:103 - End integrity checks thread
2023-09-16 08:53:46,392 [ERROR] LogOutputStream:75 - [STDERR_REDIRECT] SLF4J: Failed to load class "org.slf4j.impl.StaticLoggerBinder".
2023-09-16 08:53:46,392 [ERROR] LogOutputStream:75 - [STDERR_REDIRECT] SLF4J: Defaulting to no-operation (NOP) logger implementation
2023-09-16 08:53:46,393 [ERROR] LogOutputStream:75 - [STDERR_REDIRECT] SLF4J: See http://www.slf4j.org/codes.html#StaticLoggerBinder for further details.
2023-09-16 09:59:40,625 [INFO] Activator:176 - 


2023-09-16 09:59:40,626 [INFO] Activator:177 - !SESSION log4j initialized
2023-09-16 09:59:45,447 [INFO] LogOutputStream:77 - [STDOUT_REDIRECT] 
2023-09-16 09:59:47,112 [INFO] ApplicationProperties:184 - Using Application install path: C:\ST\STM32CubeIDE_1.10.1\STM32CubeIDE\plugins\com.st.stm32cube.common.mx_6.9.1.202307191849
2023-09-16 09:59:47,127 [INFO] DbMcusXml:78 - Set database path to: C:\ST\STM32CubeIDE_1.10.1\STM32CubeIDE\plugins\com.st.stm32cube.common.mx_6.9.1.202307191849\\db\/mcu/
2023-09-16 09:59:47,127 [INFO] ApiDb:274 - Set plugin database path to: C:\ST\STM32CubeIDE_1.10.1\STM32CubeIDE\plugins\com.st.stm32cube.common.mx_6.9.1.202307191849\\db\/plugins/boardmanager/
2023-09-16 09:59:47,127 [WARN] ApiDb:259 - Overriding images path with different value:  => C:\ST\STM32CubeIDE_1.10.1\STM32CubeIDE\plugins\com.st.stm32cube.common.mx_6.9.1.202307191849\\db\/plugins/mcufinder/images/
2023-09-16 09:59:47,136 [INFO] ApiDb:250 - Set database path to: C:\Users\Daniel\.stmcufinder\plugins\mcufinder//mcu/
2023-09-16 09:59:47,136 [INFO] DbMcusAds:125 - Set database path to: C:\Users\Daniel\.stmcufinder\plugins\mcufinder//mcu/
2023-09-16 09:59:47,138 [INFO] CrossReferenceDbSqlite:203 - Set database path to: C:\Users\Daniel\.stmcufinder\plugins\mcufinder//mcu/cs/
2023-09-16 09:59:47,212 [INFO] RulesReader:64 - Compatibility file has been processed (293 Rules)
2023-09-16 09:59:47,291 [INFO] DbMcusXml:78 - Set database path to: C:\ST\STM32CubeIDE_1.10.1\STM32CubeIDE\plugins\com.st.stm32cube.common.mx_6.9.1.202307191849\\db\/mcu/
2023-09-16 09:59:47,292 [INFO] ApiDb:274 - Set plugin database path to: C:\ST\STM32CubeIDE_1.10.1\STM32CubeIDE\plugins\com.st.stm32cube.common.mx_6.9.1.202307191849\\db\/plugins/boardmanager/
2023-09-16 09:59:47,292 [INFO] ApiDb:261 - Set plugin images path to: C:\ST\STM32CubeIDE_1.10.1\STM32CubeIDE\plugins\com.st.stm32cube.common.mx_6.9.1.202307191849\\db\/plugins/mcufinder/images/
2023-09-16 09:59:47,292 [WARN] DbFile:41 - Overriding database path with different value: C:\Users\Daniel\.stmcufinder\plugins\mcufinder/ => C:\Users\Daniel\.stmcufinder\plugins\mcufinder
2023-09-16 09:59:47,292 [INFO] ApiDb:250 - Set database path to: C:\Users\Daniel\.stmcufinder\plugins\mcufinder//mcu/
2023-09-16 09:59:47,292 [WARN] DbFile:41 - Overriding database path with different value: C:\Users\Daniel\.stmcufinder\plugins\mcufinder/ => C:\Users\Daniel\.stmcufinder\plugins\mcufinder
2023-09-16 09:59:47,292 [INFO] DbMcusAds:125 - Set database path to: C:\Users\Daniel\.stmcufinder\plugins\mcufinder//mcu/
2023-09-16 09:59:47,292 [WARN] DbFile:41 - Overriding database path with different value: C:\Users\Daniel\.stmcufinder\plugins\mcufinder/ => C:\Users\Daniel\.stmcufinder\plugins\mcufinder
2023-09-16 09:59:47,293 [WARN] DbFile:41 - Overriding database path with different value: C:\Users\Daniel\.stmcufinder\plugins\mcufinder/ => C:\Users\Daniel\.stmcufinder\plugins\mcufinder
2023-09-16 09:59:47,293 [INFO] CrossReferenceDbSqlite:203 - Set database path to: C:\Users\Daniel\.stmcufinder\plugins\mcufinder//mcu/cs/
2023-09-16 09:59:47,360 [INFO] MainPanel:262 - HeapMemory: 268435456
2023-09-16 09:59:47,434 [INFO] DbMcusXml:78 - Set database path to: C:\ST\STM32CubeIDE_1.10.1\STM32CubeIDE\plugins\com.st.stm32cube.common.mx_6.9.1.202307191849\\db\/mcu/
2023-09-16 09:59:47,434 [INFO] ApiDb:274 - Set plugin database path to: C:\ST\STM32CubeIDE_1.10.1\STM32CubeIDE\plugins\com.st.stm32cube.common.mx_6.9.1.202307191849\\db\/plugins/boardmanager/
2023-09-16 09:59:47,434 [INFO] ApiDb:261 - Set plugin images path to: C:\ST\STM32CubeIDE_1.10.1\STM32CubeIDE\plugins\com.st.stm32cube.common.mx_6.9.1.202307191849\\db\/plugins/mcufinder/images/
2023-09-16 09:59:47,435 [WARN] DbFile:41 - Overriding database path with different value: C:\Users\Daniel\.stmcufinder\plugins\mcufinder/ => C:\Users\Daniel\.stmcufinder\plugins\mcufinder
2023-09-16 09:59:47,435 [INFO] ApiDb:250 - Set database path to: C:\Users\Daniel\.stmcufinder\plugins\mcufinder//mcu/
2023-09-16 09:59:47,435 [WARN] DbFile:41 - Overriding database path with different value: C:\Users\Daniel\.stmcufinder\plugins\mcufinder/ => C:\Users\Daniel\.stmcufinder\plugins\mcufinder
2023-09-16 09:59:47,435 [INFO] DbMcusAds:125 - Set database path to: C:\Users\Daniel\.stmcufinder\plugins\mcufinder//mcu/
2023-09-16 09:59:47,435 [WARN] DbFile:41 - Overriding database path with different value: C:\Users\Daniel\.stmcufinder\plugins\mcufinder/ => C:\Users\Daniel\.stmcufinder\plugins\mcufinder
2023-09-16 09:59:47,435 [WARN] DbFile:41 - Overriding database path with different value: C:\Users\Daniel\.stmcufinder\plugins\mcufinder/ => C:\Users\Daniel\.stmcufinder\plugins\mcufinder
2023-09-16 09:59:47,435 [INFO] CrossReferenceDbSqlite:203 - Set database path to: C:\Users\Daniel\.stmcufinder\plugins\mcufinder//mcu/cs/
2023-09-16 09:59:47,454 [INFO] ApplicationProperties:184 - Using Application install path: C:\ST\STM32CubeIDE_1.10.1\STM32CubeIDE\plugins\com.st.stm32cube.common.mx_6.9.1.202307191849
2023-09-16 09:59:47,455 [INFO] PluginManage:196 - Search for loadable plugins [exclusion list=, ]
2023-09-16 09:59:47,456 [INFO] PluginManage:310 - Check plugin analytics
2023-09-16 09:59:47,617 [INFO] AnalyticsPlugin:253 - Accepted Software Licenses: STM32CubeMX.6.6.1
2023-09-16 09:59:47,617 [INFO] AnalyticsPlugin:255 - Accepted CMSIS Pack Licenses: 
2023-09-16 09:59:47,617 [INFO] AnalyticsPlugin:257 - Accepted Firmware Licenses: FW.G0.1.5.0,FW.G4.1.5.0,FW.WB.1.14.0,FW.G0.1.6.0
2023-09-16 09:59:47,621 [INFO] PluginManage:359 - Loaded plugin analytics (category:tool,tabindex:-1)
2023-09-16 09:59:47,621 [INFO] PluginManage:310 - Check plugin cadmodel
2023-09-16 09:59:47,625 [INFO] CADModel:105 - Init CAD model plugin
2023-09-16 09:59:47,625 [INFO] PluginManage:359 - Loaded plugin cadmodel (category:power,tabindex:5)
2023-09-16 09:59:47,625 [INFO] PluginManage:310 - Check plugin clock
2023-09-16 09:59:47,634 [INFO] PluginManage:359 - Loaded plugin clock (category:base,tabindex:2)
2023-09-16 09:59:47,634 [INFO] PluginManage:310 - Check plugin ddr
2023-09-16 09:59:47,637 [INFO] PluginManage:359 - Loaded plugin ddr (category:tool,tabindex:6)
2023-09-16 09:59:47,637 [INFO] PluginManage:310 - Check plugin filemanager
2023-09-16 09:59:47,752 [INFO] PluginManage:359 - Loaded plugin filemanager (category:base,tabindex:10)
2023-09-16 09:59:47,752 [INFO] PluginManage:310 - Check plugin ipmanager
2023-09-16 09:59:47,759 [INFO] PluginManage:359 - Loaded plugin ipmanager (category:base,tabindex:5)
2023-09-16 09:59:47,759 [INFO] PluginManage:310 - Check plugin lpbam
2023-09-16 09:59:47,765 [INFO] PluginManage:359 - Loaded plugin lpbam (category:base,tabindex:0)
2023-09-16 09:59:47,765 [INFO] PluginManage:310 - Check plugin memorymap
2023-09-16 09:59:47,779 [INFO] PluginManage:359 - Loaded plugin memorymap (category:base,tabindex:4)
2023-09-16 09:59:47,779 [INFO] PluginManage:310 - Check plugin pinoutandconfiguration
2023-09-16 09:59:47,784 [INFO] PluginManage:359 - Loaded plugin pinoutandconfiguration (category:base,tabindex:1)
2023-09-16 09:59:47,785 [INFO] PluginManage:310 - Check plugin pinoutconfig
2023-09-16 09:59:47,856 [WARN] SupportedApi:132 - Cannot load RTOS API schema: s4s-elt-must-match.1: The content of 'definitions' must match (annotation?, (simpleType | complexType)?, (unique | key | keyref)*)). A problem was found starting at: attribute.
2023-09-16 09:59:47,965 [INFO] PluginManage:359 - Loaded plugin pinoutconfig (category:base,tabindex:0)
2023-09-16 09:59:47,965 [INFO] PluginManage:310 - Check plugin power
2023-09-16 09:59:47,970 [INFO] PluginManage:359 - Loaded plugin power (category:power,tabindex:4)
2023-09-16 09:59:47,970 [INFO] PluginManage:310 - Check plugin projectmanager
2023-09-16 09:59:47,981 [INFO] PluginManage:359 - Loaded plugin projectmanager (category:projectmanager,tabindex:3)
2023-09-16 09:59:47,981 [INFO] PluginManage:310 - Check plugin thirdparty
2023-09-16 09:59:48,084 [INFO] PluginManage:359 - Loaded plugin thirdparty (category:base,tabindex:-1)
2023-09-16 09:59:48,084 [WARN] IntegrityCheckThread:84 - waiting for thirdparty lock release [integrity check]
2023-09-16 09:59:48,084 [INFO] PluginManage:310 - Check plugin tools
2023-09-16 09:59:48,084 [INFO] IntegrityCheckThread:86 - entering critical section [integrity check]
2023-09-16 09:59:48,085 [INFO] ThirdPartyUpdaterWithRetryManager:70 - Updater plugin not ready yet. [1/15]
2023-09-16 09:59:48,086 [INFO] PluginManage:359 - Loaded plugin tools (category:base,tabindex:7)
2023-09-16 09:59:48,087 [INFO] PluginManage:310 - Check plugin tutovideos
2023-09-16 09:59:48,218 [INFO] PluginManage:359 - Loaded plugin tutovideos (category:base,tabindex:-1)
2023-09-16 09:59:48,219 [INFO] PluginManage:310 - Check plugin updater
2023-09-16 09:59:48,224 [INFO] PluginManage:359 - Loaded plugin updater (category:base,tabindex:12)
2023-09-16 09:59:48,225 [INFO] PluginManage:310 - Check plugin userauth
2023-09-16 09:59:48,229 [INFO] UserAuth:113 - Init User Auth plugin
2023-09-16 09:59:48,229 [INFO] PluginManage:359 - Loaded plugin userauth (category:base,tabindex:14)
2023-09-16 09:59:48,229 [INFO] PluginManage:283 - PluginManage : Loaded plugins [17]
2023-09-16 09:59:48,406 [INFO] PinOutPanel:1499 - setPackage(No Configuration,No Configuration)
2023-09-16 09:59:48,494 [INFO] CADModel:165 - CPN selected for project level
2023-09-16 09:59:48,494 [INFO] CADModel:114 - Register for checkConnection events
2023-09-16 09:59:48,506 [INFO] IPUIPlugin:80 - create IPUIPlugin
2023-09-16 09:59:48,506 [INFO] PluginManager:220 - loadIPPluginJar : add adc
2023-09-16 09:59:48,507 [INFO] IPUIPlugin:80 - create IPUIPlugin
2023-09-16 09:59:48,507 [INFO] PluginManager:220 - loadIPPluginJar : add aes
2023-09-16 09:59:48,509 [INFO] IPUIPlugin:80 - create IPUIPlugin
2023-09-16 09:59:48,509 [INFO] PluginManager:220 - loadIPPluginJar : add can
2023-09-16 09:59:48,510 [INFO] IPUIPlugin:80 - create IPUIPlugin
2023-09-16 09:59:48,510 [INFO] PluginManager:220 - loadIPPluginJar : add comp
2023-09-16 09:59:48,512 [INFO] IPUIPlugin:80 - create IPUIPlugin
2023-09-16 09:59:48,512 [INFO] PluginManager:220 - loadIPPluginJar : add cryp
2023-09-16 09:59:48,513 [INFO] IPUIPlugin:80 - create IPUIPlugin
2023-09-16 09:59:48,513 [INFO] PluginManager:220 - loadIPPluginJar : add dfsdm
2023-09-16 09:59:48,516 [INFO] IPUIPlugin:80 - create IPUIPlugin
2023-09-16 09:59:48,517 [INFO] PluginManager:220 - loadIPPluginJar : add dma
2023-09-16 09:59:48,518 [INFO] IPUIPlugin:80 - create IPUIPlugin
2023-09-16 09:59:48,518 [INFO] PluginManager:220 - loadIPPluginJar : add dma3
2023-09-16 09:59:48,519 [INFO] IPUIPlugin:80 - create IPUIPlugin
2023-09-16 09:59:48,519 [INFO] PluginManager:220 - loadIPPluginJar : add fatfs
2023-09-16 09:59:48,522 [INFO] IPUIPlugin:80 - create IPUIPlugin
2023-09-16 09:59:48,522 [INFO] PluginManager:220 - loadIPPluginJar : add fmc
2023-09-16 09:59:48,526 [INFO] IPUIPlugin:80 - create IPUIPlugin
2023-09-16 09:59:48,526 [INFO] PluginManager:220 - loadIPPluginJar : add freertos
2023-09-16 09:59:48,527 [INFO] IPUIPlugin:80 - create IPUIPlugin
2023-09-16 09:59:48,527 [INFO] PluginManager:220 - loadIPPluginJar : add genericplugin
2023-09-16 09:59:48,529 [INFO] IPUIPlugin:80 - create IPUIPlugin
2023-09-16 09:59:48,529 [INFO] PluginManager:220 - loadIPPluginJar : add gfxmmu
2023-09-16 09:59:48,532 [INFO] IPUIPlugin:80 - create IPUIPlugin
2023-09-16 09:59:48,532 [INFO] PluginManager:220 - loadIPPluginJar : add gic
2023-09-16 09:59:48,535 [INFO] IPUIPlugin:80 - create IPUIPlugin
2023-09-16 09:59:48,535 [INFO] PluginManager:220 - loadIPPluginJar : add gpio
2023-09-16 09:59:48,536 [INFO] IPUIPlugin:80 - create IPUIPlugin
2023-09-16 09:59:48,536 [INFO] PluginManager:220 - loadIPPluginJar : add gtzc
2023-09-16 09:59:48,538 [INFO] IPUIPlugin:80 - create IPUIPlugin
2023-09-16 09:59:48,538 [INFO] PluginManager:220 - loadIPPluginJar : add hash
2023-09-16 09:59:48,539 [INFO] IPUIPlugin:80 - create IPUIPlugin
2023-09-16 09:59:48,539 [INFO] PluginManager:220 - loadIPPluginJar : add i2c
2023-09-16 09:59:48,541 [INFO] IPUIPlugin:80 - create IPUIPlugin
2023-09-16 09:59:48,541 [INFO] PluginManager:220 - loadIPPluginJar : add i2s
2023-09-16 09:59:48,543 [INFO] IPUIPlugin:80 - create IPUIPlugin
2023-09-16 09:59:48,543 [INFO] PluginManager:220 - loadIPPluginJar : add i3c
2023-09-16 09:59:48,545 [INFO] IPUIPlugin:80 - create IPUIPlugin
2023-09-16 09:59:48,545 [INFO] PluginManager:220 - loadIPPluginJar : add ipddr
2023-09-16 09:59:48,551 [INFO] IPUIPlugin:80 - create IPUIPlugin
2023-09-16 09:59:48,551 [INFO] PluginManager:220 - loadIPPluginJar : add linkedlist
2023-09-16 09:59:48,554 [INFO] IPUIPlugin:80 - create IPUIPlugin
2023-09-16 09:59:48,554 [INFO] PluginManager:220 - loadIPPluginJar : add lorawan
2023-09-16 09:59:48,555 [INFO] IPUIPlugin:80 - create IPUIPlugin
2023-09-16 09:59:48,555 [INFO] PluginManager:220 - loadIPPluginJar : add ltdc
2023-09-16 09:59:48,559 [INFO] IPUIPlugin:80 - create IPUIPlugin
2023-09-16 09:59:48,559 [INFO] PluginManager:220 - loadIPPluginJar : add mdma
2023-09-16 09:59:48,562 [INFO] IPUIPlugin:80 - create IPUIPlugin
2023-09-16 09:59:48,562 [INFO] PluginManager:220 - loadIPPluginJar : add nvic
2023-09-16 09:59:48,563 [INFO] IPUIPlugin:80 - create IPUIPlugin
2023-09-16 09:59:48,563 [INFO] PluginManager:220 - loadIPPluginJar : add opamp
2023-09-16 09:59:48,565 [INFO] IPUIPlugin:80 - create IPUIPlugin
2023-09-16 09:59:48,565 [INFO] PluginManager:220 - loadIPPluginJar : add openamp
2023-09-16 09:59:48,568 [INFO] IPUIPlugin:80 - create IPUIPlugin
2023-09-16 09:59:48,568 [INFO] PluginManager:220 - loadIPPluginJar : add pdm2pcm
2023-09-16 09:59:48,572 [INFO] IPUIPlugin:80 - create IPUIPlugin
2023-09-16 09:59:48,574 [INFO] PluginManager:220 - loadIPPluginJar : add plateformsettings
2023-09-16 09:59:48,575 [INFO] IPUIPlugin:80 - create IPUIPlugin
2023-09-16 09:59:48,575 [INFO] PluginManager:220 - loadIPPluginJar : add quadspi
2023-09-16 09:59:48,576 [INFO] IPUIPlugin:80 - create IPUIPlugin
2023-09-16 09:59:48,576 [INFO] PluginManager:220 - loadIPPluginJar : add resmgrutility
2023-09-16 09:59:48,578 [INFO] IPUIPlugin:80 - create IPUIPlugin
2023-09-16 09:59:48,578 [INFO] PluginManager:220 - loadIPPluginJar : add sai
2023-09-16 09:59:48,580 [INFO] IPUIPlugin:80 - create IPUIPlugin
2023-09-16 09:59:48,580 [INFO] PluginManager:220 - loadIPPluginJar : add spi
2023-09-16 09:59:48,582 [INFO] IPUIPlugin:80 - create IPUIPlugin
2023-09-16 09:59:48,582 [INFO] PluginManager:220 - loadIPPluginJar : add stm32_wpan
2023-09-16 09:59:48,583 [INFO] IPUIPlugin:80 - create IPUIPlugin
2023-09-16 09:59:48,584 [INFO] PluginManager:220 - loadIPPluginJar : add tim
2023-09-16 09:59:48,586 [INFO] IPUIPlugin:80 - create IPUIPlugin
2023-09-16 09:59:48,586 [INFO] PluginManager:220 - loadIPPluginJar : add touchsensing
2023-09-16 09:59:48,588 [INFO] IPUIPlugin:80 - create IPUIPlugin
2023-09-16 09:59:48,588 [INFO] PluginManager:220 - loadIPPluginJar : add tracer_emb
2023-09-16 09:59:48,589 [INFO] IPUIPlugin:80 - create IPUIPlugin
2023-09-16 09:59:48,589 [INFO] PluginManager:220 - loadIPPluginJar : add ts
2023-09-16 09:59:48,590 [INFO] IPUIPlugin:80 - create IPUIPlugin
2023-09-16 09:59:48,590 [INFO] PluginManager:220 - loadIPPluginJar : add tsc
2023-09-16 09:59:48,591 [INFO] IPUIPlugin:80 - create IPUIPlugin
2023-09-16 09:59:48,591 [INFO] PluginManager:220 - loadIPPluginJar : add ucpd
2023-09-16 09:59:48,593 [INFO] IPUIPlugin:80 - create IPUIPlugin
2023-09-16 09:59:48,593 [INFO] PluginManager:220 - loadIPPluginJar : add usart
2023-09-16 09:59:48,595 [INFO] IPUIPlugin:80 - create IPUIPlugin
2023-09-16 09:59:48,595 [INFO] PluginManager:220 - loadIPPluginJar : add usbx
2023-09-16 09:59:48,705 [INFO] CADModel:165 - CPN selected for project level
2023-09-16 09:59:48,705 [INFO] CADModel:114 - Register for checkConnection events
2023-09-16 09:59:48,705 [FATAL] Updater:308 - Updater called before beeing initialized
2023-09-16 09:59:48,705 [ERROR] CADModel:125 - Updater not yet initialized, retry later 
2023-09-16 09:59:48,805 [INFO] CADModel:165 - CPN selected for project level
2023-09-16 09:59:48,805 [INFO] CADModel:114 - Register for checkConnection events
2023-09-16 09:59:48,805 [FATAL] Updater:308 - Updater called before beeing initialized
2023-09-16 09:59:48,805 [ERROR] CADModel:125 - Updater not yet initialized, retry later 
2023-09-16 09:59:48,807 [FATAL] Updater:308 - Updater called before beeing initialized
2023-09-16 09:59:48,897 [FATAL] Updater:308 - Updater called before beeing initialized
2023-09-16 09:59:48,901 [INFO] DbMcusAds:53 - JSON generation date=Tue Mar 07 09:50:54 CET 2023 (1678179054945)
2023-09-16 09:59:48,901 [FATAL] Updater:308 - Updater called before beeing initialized
2023-09-16 09:59:48,935 [WARN] DetailPanel:346 - Failed to get advertising image, set to default
2023-09-16 09:59:49,045 [FATAL] Updater:308 - Updater called before beeing initialized
2023-09-16 09:59:49,046 [FATAL] Updater:308 - Updater called before beeing initialized
2023-09-16 09:59:49,046 [FATAL] Updater:308 - Updater called before beeing initialized
2023-09-16 09:59:49,046 [WARN] DetailPanel:346 - Failed to get advertising image, set to default
2023-09-16 09:59:49,047 [FATAL] Updater:308 - Updater called before beeing initialized
2023-09-16 09:59:49,079 [ERROR] Updater:1120 - MainUpdater not yet initialized. External WinMGr cannot be set.
2023-09-16 09:59:49,081 [INFO] Updater:1056 - Updater Version found : 6.9.1
2023-09-16 09:59:49,093 [INFO] ApplicationProperties:184 - Using Application install path: C:\ST\STM32CubeIDE_1.10.1\STM32CubeIDE\plugins\com.st.stm32cube.common.mx_6.9.1.202307191849
2023-09-16 09:59:49,309 [INFO] MainUpdater:2868 - connection check result : 10
2023-09-16 09:59:49,310 [INFO] MainUpdater:285 - Updater Check For Update Now.
2023-09-16 09:59:49,310 [INFO] MicroXplorer:498 - Change Database Version : DB.6.0.91
2023-09-16 09:59:49,316 [INFO] McuFinderGlobals:63 - Set McuFinder mode to 2 (CubeIDE integrated)
2023-09-16 09:59:49,474 [INFO] CheckServerUpdateThread:120 - End of CheckServer Thread
2023-09-16 09:59:51,284 [WARN] PackLoader:240 - Cannot read IP mode file for STMicroelectronics.X-CUBE-SMBUS.2.1.0
2023-09-16 09:59:51,383 [WARN] PackLoader:240 - Cannot read IP mode file for STMicroelectronics.X-CUBE-MEMS1.9.2.0
2023-09-16 09:59:51,496 [WARN] PackLoader:240 - Cannot read IP mode file for STMicroelectronics.X-CUBE-AZRTOS-F7.1.1.0
2023-09-16 09:59:51,505 [WARN] PackLoader:240 - Cannot read IP mode file for STMicroelectronics.X-CUBE-AI.7.1.0
2023-09-16 09:59:51,512 [WARN] PackLoader:240 - Cannot read IP mode file for STMicroelectronics.X-CUBE-TOUCHGFX.4.19.1
2023-09-16 09:59:51,518 [ERROR] RealEvaluatedCondition:428 - Found unsupported composite condition: CLASS='Data Exchange' GROUP='STM32_MetaDataManager'
2023-09-16 09:59:51,518 [ERROR] RealEvaluatedCondition:428 - Found unsupported composite condition: CLASS='Data Exchange' GROUP='STM32_MetaDataManager'
2023-09-16 09:59:51,519 [WARN] PackLoader:240 - Cannot read IP mode file for STMicroelectronics.FP-SNS-MOTENV1.4.3.0
2023-09-16 09:59:51,525 [WARN] PackLoader:240 - Cannot read IP mode file for STMicroelectronics.FP-SNS-MOTENV1.4.3.2
2023-09-16 09:59:51,529 [WARN] PackLoader:240 - Cannot read IP mode file for STMicroelectronics.FP-SNS-FLIGHT1.5.0.0
2023-09-16 09:59:51,533 [ERROR] RealEvaluatedCondition:428 - Found unsupported composite condition: GROUP='STM32_MetaDataManager' CLASS='Data Exchange'
2023-09-16 09:59:51,533 [ERROR] RealEvaluatedCondition:428 - Found unsupported composite condition: GROUP='STM32_MetaDataManager' CLASS='Data Exchange'
2023-09-16 09:59:51,533 [WARN] PackLoader:240 - Cannot read IP mode file for STMicroelectronics.FP-SNS-MOTENV1.4.3.1
2023-09-16 09:59:51,539 [WARN] PackLoader:240 - Cannot read IP mode file for STMicroelectronics.FP-SNS-FLIGHT1.5.0.1
2023-09-16 09:59:51,545 [WARN] PackLoader:240 - Cannot read IP mode file for STMicroelectronics.X-CUBE-BLE1.6.2.3
2023-09-16 09:59:51,554 [WARN] PackLoader:240 - Cannot read IP mode file for STMicroelectronics.X-CUBE-BLE1.6.2.4
2023-09-16 09:59:51,629 [WARN] PackLoader:240 - Cannot read IP mode file for STMicroelectronics.X-CUBE-BLE1.6.2.2
2023-09-16 09:59:51,636 [WARN] PackLoader:240 - Cannot read IP mode file for STMicroelectronics.FP-SNS-FLIGHT1.5.0.2
2023-09-16 09:59:51,642 [WARN] PackLoader:240 - Cannot read IP mode file for STMicroelectronics.X-CUBE-BLE2.3.2.2
2023-09-16 09:59:51,652 [WARN] PackLoader:240 - Cannot read IP mode file for STMicroelectronics.X-CUBE-TOF1.3.1.0
2023-09-16 09:59:51,663 [WARN] PackLoader:240 - Cannot read IP mode file for STMicroelectronics.X-CUBE-DISPLAY.3.0.0
2023-09-16 09:59:51,669 [WARN] PackLoader:240 - Cannot read IP mode file for STMicroelectronics.X-CUBE-BLE1.7.0.0
2023-09-16 09:59:51,672 [WARN] PackLoader:240 - Cannot read IP mode file for STMicroelectronics.X-CUBE-TOUCHGFX.4.22.0
2023-09-16 09:59:51,683 [WARN] PackLoader:240 - Cannot read IP mode file for STMicroelectronics.X-CUBE-SUBG2.4.2.0
2023-09-16 09:59:51,738 [WARN] PackLoader:240 - Cannot read IP mode file for STMicroelectronics.X-CUBE-MEMS1.9.3.0
2023-09-16 09:59:51,831 [WARN] PackLoader:240 - Cannot read IP mode file for STMicroelectronics.X-CUBE-AI.7.2.0
2023-09-16 09:59:51,835 [WARN] PackLoader:240 - Cannot read IP mode file for STMicroelectronics.FP-SNS-SMARTAG2.1.2.0
2023-09-16 09:59:51,842 [INFO] LogOutputStream:77 - [STDOUT_REDIRECT] 1 : Invalid condition id : UX_CORESTACK_Condition cause : null
2023-09-16 09:59:51,843 [INFO] LogOutputStream:77 - [STDOUT_REDIRECT] 1 : Invalid condition id : UX_CORESTACK_Condition cause : null
2023-09-16 09:59:51,844 [INFO] LogOutputStream:77 - [STDOUT_REDIRECT] 1 : Invalid condition id : UX_CORESTACK_Condition cause : null
2023-09-16 09:59:51,845 [INFO] LogOutputStream:77 - [STDOUT_REDIRECT] 1 : Invalid condition id : UX_CORESTACK_Condition cause : null
2023-09-16 09:59:51,847 [INFO] LogOutputStream:77 - [STDOUT_REDIRECT] 1 : Invalid condition id : UX_CORESTACK_Condition cause : null
2023-09-16 09:59:51,850 [WARN] PackLoader:240 - Cannot read IP mode file for STMicroelectronics.X-CUBE-AZRTOS-WL.2.0.0
2023-09-16 09:59:51,860 [WARN] PackLoader:240 - Cannot read IP mode file for STMicroelectronics.X-CUBE-ALGOBUILD.1.2.1
2023-09-16 09:59:51,867 [WARN] PackLoader:240 - Cannot read IP mode file for WES.I-CUBE-Cesium.1.3.0
2023-09-16 09:59:51,873 [WARN] PackLoader:240 - Cannot read IP mode file for STMicroelectronics.X-CUBE-BLE2.3.3.0
2023-09-16 09:59:51,907 [WARN] PackLoader:240 - Cannot read IP mode file for STMicroelectronics.X-CUBE-DISPLAY.2.2.0
2023-09-16 09:59:51,916 [WARN] PackLoader:240 - Cannot read IP mode file for STMicroelectronics.X-CUBE-TOF1.3.2.0
2023-09-16 09:59:51,923 [WARN] PackLoader:240 - Cannot read IP mode file for STMicroelectronics.X-CUBE-TOUCHGFX.4.18.1
2023-09-16 09:59:51,927 [WARN] PackLoader:240 - Cannot read IP mode file for STMicroelectronics.X-CUBE-ISPU.1.0.0
2023-09-16 09:59:51,932 [WARN] PackLoader:240 - Cannot read IP mode file for wolfSSL.I-CUBE-wolfSSL.5.0.0
2023-09-16 09:59:51,981 [WARN] PackLoader:240 - Cannot read IP mode file for STMicroelectronics.X-CUBE-AZRTOS-H7.2.1.0
2023-09-16 09:59:51,987 [WARN] PackLoader:240 - Cannot read IP mode file for STMicroelectronics.X-CUBE-TOUCHGFX.4.21.1
2023-09-16 09:59:51,992 [WARN] PackLoader:240 - Cannot read IP mode file for STMicroelectronics.X-CUBE-TOUCHGFX.4.21.0
2023-09-16 09:59:51,995 [WARN] PackLoader:240 - Cannot read IP mode file for STMicroelectronics.X-CUBE-TOUCHGFX.4.21.3
2023-09-16 09:59:51,996 [WARN] PackLoader:240 - Cannot read IP mode file for STMicroelectronics.X-CUBE-TOUCHGFX.4.21.4
2023-09-16 09:59:52,024 [WARN] PackLoader:240 - Cannot read IP mode file for STMicroelectronics.X-CUBE-MEMS1.9.4.0
2023-09-16 09:59:52,095 [WARN] PackLoader:240 - Cannot read IP mode file for STMicroelectronics.X-CUBE-AI.7.3.0
2023-09-16 09:59:52,100 [WARN] PackLoader:240 - Cannot read IP mode file for STMicroelectronics.X-CUBE-ALGOBUILD.1.3.0
2023-09-16 09:59:52,114 [WARN] PackLoader:240 - Cannot read IP mode file for STMicroelectronics.X-CUBE-AZRTOS-G0.1.1.0
2023-09-16 09:59:52,122 [WARN] PackLoader:240 - Cannot read IP mode file for STMicroelectronics.X-CUBE-NFC4.3.0.0
2023-09-16 09:59:52,174 [WARN] PackLoader:240 - Cannot read IP mode file for SEGGER.I-CUBE-embOS.1.2.0
2023-09-16 09:59:52,196 [WARN] PackLoader:240 - Cannot read IP mode file for STMicroelectronics.X-CUBE-BLEMGR.1.3.0
2023-09-16 09:59:52,207 [WARN] PackLoader:240 - Cannot read IP mode file for STMicroelectronics.X-CUBE-AZRTOS-H7.2.0.0
2023-09-16 09:59:52,213 [WARN] PackLoader:240 - Cannot read IP mode file for STMicroelectronics.FP-ATR-SIGFOX1.3.2.0
2023-09-16 09:59:52,218 [WARN] PackLoader:240 - Cannot read IP mode file for emotas.I-CUBE-CANOPEN.1.1.2
2023-09-16 09:59:52,221 [WARN] PackLoader:240 - Cannot read IP mode file for STMicroelectronics.X-CUBE-TOUCHGFX.4.20.0
2023-09-16 09:59:52,239 [WARN] PackLoader:240 - Cannot read IP mode file for STMicroelectronics.X-CUBE-MEMS1.9.5.0
2023-09-16 09:59:52,318 [WARN] PackLoader:240 - Cannot read IP mode file for SEGGER.I-CUBE-embOS.1.3.1
2023-09-16 09:59:52,339 [WARN] PackLoader:240 - Cannot read IP mode file for STMicroelectronics.X-CUBE-DISPLAY.2.0.0
2023-09-16 09:59:52,343 [WARN] PackLoader:240 - Cannot read IP mode file for STMicroelectronics.X-CUBE-DISPLAY.2.0.1
2023-09-16 09:59:52,348 [WARN] PackLoader:240 - Cannot read IP mode file for STMicroelectronics.X-CUBE-TOF1.3.0.0
2023-09-16 09:59:52,353 [WARN] PackLoader:240 - Cannot read IP mode file for STMicroelectronics.X-CUBE-GNSS1.6.0.0
2023-09-16 09:59:52,363 [WARN] PackLoader:240 - Cannot read IP mode file for STMicroelectronics.X-CUBE-AZRTOS-F4.1.1.0
2023-09-16 09:59:52,369 [WARN] PackLoader:240 - Cannot read IP mode file for STMicroelectronics.X-CUBE-BLEMGR.1.2.0
2023-09-16 09:59:52,383 [WARN] PackLoader:240 - Cannot read IP mode file for STMicroelectronics.X-CUBE-AZRTOS-L5.2.0.0
2023-09-16 09:59:52,406 [WARN] PackLoader:240 - Cannot read IP mode file for STMicroelectronics.X-CUBE-MEMS1.9.6.0
2023-09-16 09:59:52,471 [WARN] PackLoader:240 - Cannot read IP mode file for STMicroelectronics.X-CUBE-BLEMGR.2.0.0
2023-09-16 09:59:52,475 [WARN] PackLoader:240 - Cannot read IP mode file for STMicroelectronics.X-CUBE-NFC4.2.0.5
2023-09-16 09:59:52,478 [WARN] PackLoader:240 - Cannot read IP mode file for STMicroelectronics.X-CUBE-NFC4.2.0.4
2023-09-16 09:59:52,481 [WARN] PackLoader:240 - Cannot read IP mode file for STMicroelectronics.X-CUBE-NFC4.2.0.3
2023-09-16 09:59:52,489 [WARN] ConditionMgr:438 - getConditionDescription Invalid condition id : UX DEVICE CLASS RTOS Condition cause : null
2023-09-16 09:59:52,489 [WARN] ConditionMgr:438 - getConditionDescription Invalid condition id : UX DEVICE CLASS RTOS Condition cause : null
2023-09-16 09:59:52,491 [WARN] PackLoader:240 - Cannot read IP mode file for STMicroelectronics.X-CUBE-AZRTOS-H7.3.1.0
2023-09-16 09:59:52,491 [WARN] ConditionMgr:1039 - genDependencies : Invalid condition id : UX DEVICE CLASS RTOS Condition cause : null
2023-09-16 09:59:52,491 [WARN] ConditionMgr:1039 - genDependencies : Invalid condition id : UX DEVICE CLASS RTOS Condition cause : null
2023-09-16 09:59:52,492 [WARN] ConditionMgr:1039 - genDependencies : Invalid condition id : UX DEVICE CLASS RTOS Condition cause : null
2023-09-16 09:59:52,492 [WARN] ConditionMgr:1039 - genDependencies : Invalid condition id : UX DEVICE CLASS RTOS Condition cause : null
2023-09-16 09:59:52,492 [WARN] ConditionMgr:1039 - genDependencies : Invalid condition id : UX DEVICE CLASS RTOS Condition cause : null
2023-09-16 09:59:52,496 [WARN] PackLoader:240 - Cannot read IP mode file for STMicroelectronics.X-CUBE-SFXS2LP1.3.1.0
2023-09-16 09:59:52,504 [WARN] PackLoader:240 - Cannot read IP mode file for STMicroelectronics.X-CUBE-AZRTOS-F4.1.0.0
2023-09-16 09:59:52,511 [WARN] PackLoader:240 - Cannot read IP mode file for STMicroelectronics.X-CUBE-TOF1.2.0.0
2023-09-16 09:59:52,515 [WARN] PackLoader:240 - Cannot read IP mode file for STMicroelectronics.X-CUBE-NFC7.1.0.1
2023-09-16 09:59:52,519 [WARN] PackLoader:240 - Cannot read IP mode file for STMicroelectronics.X-CUBE-NFC7.1.0.0
2023-09-16 09:59:52,523 [WARN] PackLoader:240 - Cannot read IP mode file for STMicroelectronics.X-CUBE-NFC6.3.0.0
2023-09-16 09:59:52,527 [WARN] PackLoader:240 - Cannot read IP mode file for STMicroelectronics.X-CUBE-EEPRMA1.4.1.0
2023-09-16 09:59:52,530 [WARN] PackLoader:240 - Cannot read IP mode file for STMicroelectronics.X-CUBE-AI.8.1.0
2023-09-16 09:59:52,547 [WARN] PackLoader:240 - Cannot read IP mode file for STMicroelectronics.X-CUBE-AZRTOS-G0.1.0.0
2023-09-16 09:59:52,561 [WARN] ConditionMgr:438 - getConditionDescription Invalid condition id : LAN8742 Phy interface Condition cause : null
2023-09-16 09:59:52,561 [WARN] PackLoader:240 - Cannot read IP mode file for STMicroelectronics.X-CUBE-AZRTOS-L4.2.0.0
2023-09-16 09:59:52,562 [WARN] ConditionMgr:1039 - genDependencies : Invalid condition id : LAN8742 Phy interface Condition cause : null
2023-09-16 09:59:52,562 [WARN] ConditionMgr:1039 - genDependencies : Invalid condition id : LAN8742 Phy interface Condition cause : null
2023-09-16 09:59:52,562 [WARN] ConditionMgr:1039 - genDependencies : Invalid condition id : LAN8742 Phy interface Condition cause : null
2023-09-16 09:59:52,566 [WARN] PackLoader:240 - Cannot read IP mode file for STMicroelectronics.X-CUBE-SFXS2LP1.4.0.0
2023-09-16 09:59:52,577 [WARN] PackLoader:240 - Cannot read IP mode file for STMicroelectronics.X-CUBE-AZRTOS-H7.3.0.0
2023-09-16 09:59:52,582 [WARN] PackLoader:240 - Cannot read IP mode file for STMicroelectronics.X-CUBE-ISPU.1.1.0
2023-09-16 09:59:52,586 [WARN] PackLoader:240 - Cannot read IP mode file for RoweBots.I-CUBE-UNISONRTOS.5.5.0-4
2023-09-16 09:59:52,589 [WARN] PackLoader:240 - Cannot read IP mode file for STMicroelectronics.X-CUBE-AI.8.0.0
2023-09-16 09:59:52,596 [WARN] ConditionMgr:438 - getConditionDescription Invalid condition id : UX DEVICE CLASS RTOS Condition cause : null
2023-09-16 09:59:52,596 [WARN] ConditionMgr:438 - getConditionDescription Invalid condition id : UX DEVICE CLASS RTOS Condition cause : null
2023-09-16 09:59:52,597 [WARN] PackLoader:240 - Cannot read IP mode file for STMicroelectronics.X-CUBE-AZRTOS-WB.2.0.0
2023-09-16 09:59:52,597 [WARN] ConditionMgr:1039 - genDependencies : Invalid condition id : UX DEVICE CLASS RTOS Condition cause : null
2023-09-16 09:59:52,598 [WARN] ConditionMgr:1039 - genDependencies : Invalid condition id : UX DEVICE CLASS RTOS Condition cause : null
2023-09-16 09:59:52,598 [WARN] ConditionMgr:1039 - genDependencies : Invalid condition id : UX DEVICE CLASS RTOS Condition cause : null
2023-09-16 09:59:52,598 [WARN] ConditionMgr:1039 - genDependencies : Invalid condition id : UX DEVICE CLASS RTOS Condition cause : null
2023-09-16 09:59:52,598 [WARN] ConditionMgr:1039 - genDependencies : Invalid condition id : UX DEVICE CLASS RTOS Condition cause : null
2023-09-16 09:59:52,602 [WARN] PackLoader:240 - Cannot read IP mode file for STMicroelectronics.X-CUBE-FREERTOS.1.0.0
2023-09-16 09:59:52,605 [WARN] PackLoader:240 - Cannot read IP mode file for STMicroelectronics.X-CUBE-FREERTOS.1.0.1
2023-09-16 09:59:52,609 [WARN] PackLoader:240 - Cannot read IP mode file for STMicroelectronics.X-CUBE-BLEMGR.1.0.0
2023-09-16 09:59:52,616 [WARN] PackLoader:240 - Cannot read IP mode file for STMicroelectronics.X-CUBE-AZRTOS-L5.1.1.0
2023-09-16 09:59:52,620 [WARN] PackLoader:240 - Cannot read IP mode file for STMicroelectronics.X-CUBE-AI.8.0.1
2023-09-16 09:59:52,627 [WARN] PackLoader:240 - Cannot read IP mode file for STMicroelectronics.X-CUBE-SUBG2.5.0.0
2023-09-16 09:59:52,637 [WARN] PackLoader:240 - Cannot read IP mode file for STMicroelectronics.X-CUBE-TOF1.3.3.1
2023-09-16 09:59:52,650 [WARN] PackLoader:240 - Cannot read IP mode file for STMicroelectronics.X-CUBE-AZRTOS-G4.2.0.0
2023-09-16 09:59:52,655 [WARN] PackLoader:240 - Cannot read IP mode file for STMicroelectronics.X-CUBE-TOF1.3.3.0
2023-09-16 09:59:52,663 [WARN] PackLoader:240 - Cannot read IP mode file for STMicroelectronics.FP-ATR-ASTRA1.1.1.1
2023-09-16 09:59:52,665 [WARN] PackLoader:240 - Cannot read IP mode file for STMicroelectronics.FP-ATR-ASTRA1.1.1.0
2023-09-16 09:59:52,674 [WARN] PackLoader:240 - Cannot read IP mode file for STMicroelectronics.X-CUBE-AZRTOS-G4.1.0.0
2023-09-16 09:59:52,696 [WARN] PackLoader:240 - Cannot read IP mode file for STMicroelectronics.X-CUBE-AZRTOS-L4.1.0.0
2023-09-16 09:59:52,701 [WARN] PackLoader:240 - Cannot read IP mode file for STMicroelectronics.X-CUBE-FREERTOS.1.1.0
2023-09-16 09:59:52,758 [WARN] PackLoader:240 - Cannot read IP mode file for STMicroelectronics.X-CUBE-AZRTOS-F7.1.0.0
2023-09-16 09:59:52,764 [WARN] PackLoader:240 - Cannot read IP mode file for STMicroelectronics.X-CUBE-AZRTOS-WL.1.0.0
2023-09-16 09:59:52,782 [WARN] PackLoader:240 - Cannot read IP mode file for STMicroelectronics.X-CUBE-MEMS1.9.1.0
2023-09-16 09:59:52,825 [WARN] PackLoader:240 - Cannot read IP mode file for portGmbH.I-Cube-SoM-uGOAL.1.1.0
2023-09-16 09:59:52,827 [WARN] PackLoader:240 - Cannot read IP mode file for STMicroelectronics.X-CUBE-ALS.1.0.1
2023-09-16 09:59:52,830 [WARN] PackLoader:240 - Cannot read IP mode file for STMicroelectronics.X-CUBE-AI.7.0.0
2023-09-16 09:59:52,834 [WARN] PackLoader:240 - Cannot read IP mode file for STMicroelectronics.X-CUBE-AZRTOS-WB.1.1.0
2023-09-16 09:59:52,870 [WARN] PackLoader:240 - Cannot read IP mode file for STMicroelectronics.X-CUBE-AZRTOS-L5.1.0.0
2023-09-16 09:59:52,874 [WARN] PackLoader:240 - Cannot read IP mode file for STMicroelectronics.X-CUBE-EEPRMA1.3.1.0
2023-09-16 09:59:52,877 [WARN] PackLoader:240 - Cannot read IP mode file for STMicroelectronics.X-CUBE-EEPRMA1.3.1.1
2023-09-16 09:59:52,881 [WARN] PackLoader:240 - Cannot read IP mode file for STMicroelectronics.X-CUBE-GNSS1.5.2.0
2023-09-16 09:59:52,884 [WARN] PackLoader:240 - Cannot read IP mode file for STMicroelectronics.FP-ATR-ASTRA1.2.0.0
2023-09-16 09:59:52,885 [INFO] ThirdParty:978 - Integrity check success = true
2023-09-16 09:59:52,885 [INFO] IntegrityCheckThread:100 - exiting critical section [integrity check]
2023-09-16 09:59:52,885 [INFO] IntegrityCheckThread:103 - End integrity checks thread
2023-09-16 10:00:09,831 [ERROR] LogOutputStream:75 - [STDERR_REDIRECT] SLF4J: Failed to load class "org.slf4j.impl.StaticLoggerBinder".
2023-09-16 10:00:09,831 [ERROR] LogOutputStream:75 - [STDERR_REDIRECT] SLF4J: Defaulting to no-operation (NOP) logger implementation
2023-09-16 10:00:09,832 [ERROR] LogOutputStream:75 - [STDERR_REDIRECT] SLF4J: See http://www.slf4j.org/codes.html#StaticLoggerBinder for further details.
