2023-09-09 09:45:31,114 [INFO] Activator:176 - 


2023-09-09 09:45:31,119 [INFO] Activator:177 - !SESSION log4j initialized
2023-09-09 09:45:35,640 [INFO] LogOutputStream:77 - [STDOUT_REDIRECT] 
2023-09-09 09:45:37,718 [INFO] ApplicationProperties:184 - Using Application install path: C:\ST\STM32CubeIDE_1.10.1\STM32CubeIDE\plugins\com.st.stm32cube.common.mx_6.9.1.202307191849
2023-09-09 09:45:37,734 [INFO] DbMcusXml:78 - Set database path to: C:\ST\STM32CubeIDE_1.10.1\STM32CubeIDE\plugins\com.st.stm32cube.common.mx_6.9.1.202307191849\\db\/mcu/
2023-09-09 09:45:37,734 [INFO] ApiDb:274 - Set plugin database path to: C:\ST\STM32CubeIDE_1.10.1\STM32CubeIDE\plugins\com.st.stm32cube.common.mx_6.9.1.202307191849\\db\/plugins/boardmanager/
2023-09-09 09:45:37,734 [WARN] ApiDb:259 - Overriding images path with different value:  => C:\ST\STM32CubeIDE_1.10.1\STM32CubeIDE\plugins\com.st.stm32cube.common.mx_6.9.1.202307191849\\db\/plugins/mcufinder/images/
2023-09-09 09:45:37,744 [INFO] ApiDb:250 - Set database path to: C:\Users\Daniel\.stmcufinder\plugins\mcufinder//mcu/
2023-09-09 09:45:37,745 [INFO] DbMcusAds:125 - Set database path to: C:\Users\Daniel\.stmcufinder\plugins\mcufinder//mcu/
2023-09-09 09:45:37,746 [INFO] CrossReferenceDbSqlite:203 - Set database path to: C:\Users\Daniel\.stmcufinder\plugins\mcufinder//mcu/cs/
2023-09-09 09:45:37,829 [INFO] RulesReader:64 - Compatibility file has been processed (293 Rules)
2023-09-09 09:45:37,916 [INFO] DbMcusXml:78 - Set database path to: C:\ST\STM32CubeIDE_1.10.1\STM32CubeIDE\plugins\com.st.stm32cube.common.mx_6.9.1.202307191849\\db\/mcu/
2023-09-09 09:45:37,916 [INFO] ApiDb:274 - Set plugin database path to: C:\ST\STM32CubeIDE_1.10.1\STM32CubeIDE\plugins\com.st.stm32cube.common.mx_6.9.1.202307191849\\db\/plugins/boardmanager/
2023-09-09 09:45:37,916 [INFO] ApiDb:261 - Set plugin images path to: C:\ST\STM32CubeIDE_1.10.1\STM32CubeIDE\plugins\com.st.stm32cube.common.mx_6.9.1.202307191849\\db\/plugins/mcufinder/images/
2023-09-09 09:45:37,916 [WARN] DbFile:41 - Overriding database path with different value: C:\Users\Daniel\.stmcufinder\plugins\mcufinder/ => C:\Users\Daniel\.stmcufinder\plugins\mcufinder
2023-09-09 09:45:37,916 [INFO] ApiDb:250 - Set database path to: C:\Users\Daniel\.stmcufinder\plugins\mcufinder//mcu/
2023-09-09 09:45:37,917 [WARN] DbFile:41 - Overriding database path with different value: C:\Users\Daniel\.stmcufinder\plugins\mcufinder/ => C:\Users\Daniel\.stmcufinder\plugins\mcufinder
2023-09-09 09:45:37,917 [INFO] DbMcusAds:125 - Set database path to: C:\Users\Daniel\.stmcufinder\plugins\mcufinder//mcu/
2023-09-09 09:45:37,917 [WARN] DbFile:41 - Overriding database path with different value: C:\Users\Daniel\.stmcufinder\plugins\mcufinder/ => C:\Users\Daniel\.stmcufinder\plugins\mcufinder
2023-09-09 09:45:37,917 [WARN] DbFile:41 - Overriding database path with different value: C:\Users\Daniel\.stmcufinder\plugins\mcufinder/ => C:\Users\Daniel\.stmcufinder\plugins\mcufinder
2023-09-09 09:45:37,917 [INFO] CrossReferenceDbSqlite:203 - Set database path to: C:\Users\Daniel\.stmcufinder\plugins\mcufinder//mcu/cs/
2023-09-09 09:45:37,984 [INFO] MainPanel:262 - HeapMemory: 268435456
2023-09-09 09:45:38,057 [INFO] DbMcusXml:78 - Set database path to: C:\ST\STM32CubeIDE_1.10.1\STM32CubeIDE\plugins\com.st.stm32cube.common.mx_6.9.1.202307191849\\db\/mcu/
2023-09-09 09:45:38,057 [INFO] ApiDb:274 - Set plugin database path to: C:\ST\STM32CubeIDE_1.10.1\STM32CubeIDE\plugins\com.st.stm32cube.common.mx_6.9.1.202307191849\\db\/plugins/boardmanager/
2023-09-09 09:45:38,057 [INFO] ApiDb:261 - Set plugin images path to: C:\ST\STM32CubeIDE_1.10.1\STM32CubeIDE\plugins\com.st.stm32cube.common.mx_6.9.1.202307191849\\db\/plugins/mcufinder/images/
2023-09-09 09:45:38,057 [WARN] DbFile:41 - Overriding database path with different value: C:\Users\Daniel\.stmcufinder\plugins\mcufinder/ => C:\Users\Daniel\.stmcufinder\plugins\mcufinder
2023-09-09 09:45:38,057 [INFO] ApiDb:250 - Set database path to: C:\Users\Daniel\.stmcufinder\plugins\mcufinder//mcu/
2023-09-09 09:45:38,057 [WARN] DbFile:41 - Overriding database path with different value: C:\Users\Daniel\.stmcufinder\plugins\mcufinder/ => C:\Users\Daniel\.stmcufinder\plugins\mcufinder
2023-09-09 09:45:38,057 [INFO] DbMcusAds:125 - Set database path to: C:\Users\Daniel\.stmcufinder\plugins\mcufinder//mcu/
2023-09-09 09:45:38,057 [WARN] DbFile:41 - Overriding database path with different value: C:\Users\Daniel\.stmcufinder\plugins\mcufinder/ => C:\Users\Daniel\.stmcufinder\plugins\mcufinder
2023-09-09 09:45:38,058 [WARN] DbFile:41 - Overriding database path with different value: C:\Users\Daniel\.stmcufinder\plugins\mcufinder/ => C:\Users\Daniel\.stmcufinder\plugins\mcufinder
2023-09-09 09:45:38,058 [INFO] CrossReferenceDbSqlite:203 - Set database path to: C:\Users\Daniel\.stmcufinder\plugins\mcufinder//mcu/cs/
2023-09-09 09:45:38,073 [INFO] ApplicationProperties:184 - Using Application install path: C:\ST\STM32CubeIDE_1.10.1\STM32CubeIDE\plugins\com.st.stm32cube.common.mx_6.9.1.202307191849
2023-09-09 09:45:38,075 [INFO] PluginManage:196 - Search for loadable plugins [exclusion list=, ]
2023-09-09 09:45:38,076 [INFO] PluginManage:310 - Check plugin analytics
2023-09-09 09:45:38,197 [INFO] AnalyticsPlugin:253 - Accepted Software Licenses: STM32CubeMX.6.6.1
2023-09-09 09:45:38,197 [INFO] AnalyticsPlugin:255 - Accepted CMSIS Pack Licenses: 
2023-09-09 09:45:38,197 [INFO] AnalyticsPlugin:257 - Accepted Firmware Licenses: FW.G0.1.5.0,FW.G4.1.5.0,FW.WB.1.14.0,FW.G0.1.6.0
2023-09-09 09:45:38,200 [INFO] PluginManage:359 - Loaded plugin analytics (category:tool,tabindex:-1)
2023-09-09 09:45:38,200 [INFO] PluginManage:310 - Check plugin cadmodel
2023-09-09 09:45:38,205 [INFO] CADModel:105 - Init CAD model plugin
2023-09-09 09:45:38,205 [INFO] PluginManage:359 - Loaded plugin cadmodel (category:power,tabindex:5)
2023-09-09 09:45:38,205 [INFO] PluginManage:310 - Check plugin clock
2023-09-09 09:45:38,213 [INFO] PluginManage:359 - Loaded plugin clock (category:base,tabindex:2)
2023-09-09 09:45:38,213 [INFO] PluginManage:310 - Check plugin ddr
2023-09-09 09:45:38,215 [INFO] PluginManage:359 - Loaded plugin ddr (category:tool,tabindex:6)
2023-09-09 09:45:38,215 [INFO] PluginManage:310 - Check plugin filemanager
2023-09-09 09:45:38,316 [INFO] PluginManage:359 - Loaded plugin filemanager (category:base,tabindex:10)
2023-09-09 09:45:38,316 [INFO] PluginManage:310 - Check plugin ipmanager
2023-09-09 09:45:38,324 [INFO] PluginManage:359 - Loaded plugin ipmanager (category:base,tabindex:5)
2023-09-09 09:45:38,324 [INFO] PluginManage:310 - Check plugin lpbam
2023-09-09 09:45:38,331 [INFO] PluginManage:359 - Loaded plugin lpbam (category:base,tabindex:0)
2023-09-09 09:45:38,332 [INFO] PluginManage:310 - Check plugin memorymap
2023-09-09 09:45:38,345 [INFO] PluginManage:359 - Loaded plugin memorymap (category:base,tabindex:4)
2023-09-09 09:45:38,345 [INFO] PluginManage:310 - Check plugin pinoutandconfiguration
2023-09-09 09:45:38,351 [INFO] PluginManage:359 - Loaded plugin pinoutandconfiguration (category:base,tabindex:1)
2023-09-09 09:45:38,351 [INFO] PluginManage:310 - Check plugin pinoutconfig
2023-09-09 09:45:38,414 [WARN] SupportedApi:132 - Cannot load RTOS API schema: s4s-elt-must-match.1: The content of 'definitions' must match (annotation?, (simpleType | complexType)?, (unique | key | keyref)*)). A problem was found starting at: attribute.
2023-09-09 09:45:38,521 [INFO] PluginManage:359 - Loaded plugin pinoutconfig (category:base,tabindex:0)
2023-09-09 09:45:38,521 [INFO] PluginManage:310 - Check plugin power
2023-09-09 09:45:38,531 [INFO] PluginManage:359 - Loaded plugin power (category:power,tabindex:4)
2023-09-09 09:45:38,531 [INFO] PluginManage:310 - Check plugin projectmanager
2023-09-09 09:45:38,543 [INFO] PluginManage:359 - Loaded plugin projectmanager (category:projectmanager,tabindex:3)
2023-09-09 09:45:38,543 [INFO] PluginManage:310 - Check plugin thirdparty
2023-09-09 09:45:38,654 [INFO] PluginManage:359 - Loaded plugin thirdparty (category:base,tabindex:-1)
2023-09-09 09:45:38,654 [WARN] IntegrityCheckThread:84 - waiting for thirdparty lock release [integrity check]
2023-09-09 09:45:38,654 [INFO] PluginManage:310 - Check plugin tools
2023-09-09 09:45:38,654 [INFO] IntegrityCheckThread:86 - entering critical section [integrity check]
2023-09-09 09:45:38,655 [INFO] ThirdPartyUpdaterWithRetryManager:70 - Updater plugin not ready yet. [1/15]
2023-09-09 09:45:38,656 [INFO] PluginManage:359 - Loaded plugin tools (category:base,tabindex:7)
2023-09-09 09:45:38,656 [INFO] PluginManage:310 - Check plugin tutovideos
2023-09-09 09:45:38,811 [INFO] PluginManage:359 - Loaded plugin tutovideos (category:base,tabindex:-1)
2023-09-09 09:45:38,811 [INFO] PluginManage:310 - Check plugin updater
2023-09-09 09:45:38,820 [INFO] PluginManage:359 - Loaded plugin updater (category:base,tabindex:12)
2023-09-09 09:45:38,820 [INFO] PluginManage:310 - Check plugin userauth
2023-09-09 09:45:38,824 [INFO] UserAuth:113 - Init User Auth plugin
2023-09-09 09:45:38,824 [INFO] PluginManage:359 - Loaded plugin userauth (category:base,tabindex:14)
2023-09-09 09:45:38,824 [INFO] PluginManage:283 - PluginManage : Loaded plugins [17]
2023-09-09 09:45:39,007 [INFO] PinOutPanel:1499 - setPackage(No Configuration,No Configuration)
2023-09-09 09:45:39,100 [INFO] CADModel:165 - CPN selected for project level
2023-09-09 09:45:39,100 [INFO] CADModel:114 - Register for checkConnection events
2023-09-09 09:45:39,113 [INFO] IPUIPlugin:80 - create IPUIPlugin
2023-09-09 09:45:39,115 [INFO] PluginManager:220 - loadIPPluginJar : add adc
2023-09-09 09:45:39,116 [INFO] IPUIPlugin:80 - create IPUIPlugin
2023-09-09 09:45:39,116 [INFO] PluginManager:220 - loadIPPluginJar : add aes
2023-09-09 09:45:39,118 [INFO] IPUIPlugin:80 - create IPUIPlugin
2023-09-09 09:45:39,118 [INFO] PluginManager:220 - loadIPPluginJar : add can
2023-09-09 09:45:39,119 [INFO] IPUIPlugin:80 - create IPUIPlugin
2023-09-09 09:45:39,119 [INFO] PluginManager:220 - loadIPPluginJar : add comp
2023-09-09 09:45:39,121 [INFO] IPUIPlugin:80 - create IPUIPlugin
2023-09-09 09:45:39,121 [INFO] PluginManager:220 - loadIPPluginJar : add cryp
2023-09-09 09:45:39,123 [INFO] IPUIPlugin:80 - create IPUIPlugin
2023-09-09 09:45:39,123 [INFO] PluginManager:220 - loadIPPluginJar : add dfsdm
2023-09-09 09:45:39,126 [INFO] IPUIPlugin:80 - create IPUIPlugin
2023-09-09 09:45:39,127 [INFO] PluginManager:220 - loadIPPluginJar : add dma
2023-09-09 09:45:39,129 [INFO] IPUIPlugin:80 - create IPUIPlugin
2023-09-09 09:45:39,129 [INFO] PluginManager:220 - loadIPPluginJar : add dma3
2023-09-09 09:45:39,130 [INFO] IPUIPlugin:80 - create IPUIPlugin
2023-09-09 09:45:39,130 [INFO] PluginManager:220 - loadIPPluginJar : add fatfs
2023-09-09 09:45:39,133 [INFO] IPUIPlugin:80 - create IPUIPlugin
2023-09-09 09:45:39,133 [INFO] PluginManager:220 - loadIPPluginJar : add fmc
2023-09-09 09:45:39,138 [INFO] IPUIPlugin:80 - create IPUIPlugin
2023-09-09 09:45:39,138 [INFO] PluginManager:220 - loadIPPluginJar : add freertos
2023-09-09 09:45:39,140 [INFO] IPUIPlugin:80 - create IPUIPlugin
2023-09-09 09:45:39,140 [INFO] PluginManager:220 - loadIPPluginJar : add genericplugin
2023-09-09 09:45:39,141 [INFO] IPUIPlugin:80 - create IPUIPlugin
2023-09-09 09:45:39,141 [INFO] PluginManager:220 - loadIPPluginJar : add gfxmmu
2023-09-09 09:45:39,144 [INFO] IPUIPlugin:80 - create IPUIPlugin
2023-09-09 09:45:39,145 [INFO] PluginManager:220 - loadIPPluginJar : add gic
2023-09-09 09:45:39,147 [INFO] IPUIPlugin:80 - create IPUIPlugin
2023-09-09 09:45:39,147 [INFO] PluginManager:220 - loadIPPluginJar : add gpio
2023-09-09 09:45:39,150 [INFO] IPUIPlugin:80 - create IPUIPlugin
2023-09-09 09:45:39,150 [INFO] PluginManager:220 - loadIPPluginJar : add gtzc
2023-09-09 09:45:39,152 [INFO] IPUIPlugin:80 - create IPUIPlugin
2023-09-09 09:45:39,152 [INFO] PluginManager:220 - loadIPPluginJar : add hash
2023-09-09 09:45:39,154 [INFO] IPUIPlugin:80 - create IPUIPlugin
2023-09-09 09:45:39,154 [INFO] PluginManager:220 - loadIPPluginJar : add i2c
2023-09-09 09:45:39,155 [INFO] IPUIPlugin:80 - create IPUIPlugin
2023-09-09 09:45:39,155 [INFO] PluginManager:220 - loadIPPluginJar : add i2s
2023-09-09 09:45:39,157 [INFO] IPUIPlugin:80 - create IPUIPlugin
2023-09-09 09:45:39,157 [INFO] PluginManager:220 - loadIPPluginJar : add i3c
2023-09-09 09:45:39,159 [INFO] IPUIPlugin:80 - create IPUIPlugin
2023-09-09 09:45:39,159 [INFO] PluginManager:220 - loadIPPluginJar : add ipddr
2023-09-09 09:45:39,165 [INFO] IPUIPlugin:80 - create IPUIPlugin
2023-09-09 09:45:39,165 [INFO] PluginManager:220 - loadIPPluginJar : add linkedlist
2023-09-09 09:45:39,168 [INFO] IPUIPlugin:80 - create IPUIPlugin
2023-09-09 09:45:39,168 [INFO] PluginManager:220 - loadIPPluginJar : add lorawan
2023-09-09 09:45:39,169 [INFO] IPUIPlugin:80 - create IPUIPlugin
2023-09-09 09:45:39,169 [INFO] PluginManager:220 - loadIPPluginJar : add ltdc
2023-09-09 09:45:39,174 [INFO] IPUIPlugin:80 - create IPUIPlugin
2023-09-09 09:45:39,174 [INFO] PluginManager:220 - loadIPPluginJar : add mdma
2023-09-09 09:45:39,177 [INFO] IPUIPlugin:80 - create IPUIPlugin
2023-09-09 09:45:39,177 [INFO] PluginManager:220 - loadIPPluginJar : add nvic
2023-09-09 09:45:39,179 [INFO] IPUIPlugin:80 - create IPUIPlugin
2023-09-09 09:45:39,179 [INFO] PluginManager:220 - loadIPPluginJar : add opamp
2023-09-09 09:45:39,181 [INFO] IPUIPlugin:80 - create IPUIPlugin
2023-09-09 09:45:39,181 [INFO] PluginManager:220 - loadIPPluginJar : add openamp
2023-09-09 09:45:39,185 [INFO] IPUIPlugin:80 - create IPUIPlugin
2023-09-09 09:45:39,185 [INFO] PluginManager:220 - loadIPPluginJar : add pdm2pcm
2023-09-09 09:45:39,190 [INFO] IPUIPlugin:80 - create IPUIPlugin
2023-09-09 09:45:39,191 [INFO] PluginManager:220 - loadIPPluginJar : add plateformsettings
2023-09-09 09:45:39,193 [INFO] IPUIPlugin:80 - create IPUIPlugin
2023-09-09 09:45:39,193 [INFO] PluginManager:220 - loadIPPluginJar : add quadspi
2023-09-09 09:45:39,196 [INFO] IPUIPlugin:80 - create IPUIPlugin
2023-09-09 09:45:39,196 [INFO] PluginManager:220 - loadIPPluginJar : add resmgrutility
2023-09-09 09:45:39,198 [INFO] IPUIPlugin:80 - create IPUIPlugin
2023-09-09 09:45:39,198 [INFO] PluginManager:220 - loadIPPluginJar : add sai
2023-09-09 09:45:39,200 [INFO] IPUIPlugin:80 - create IPUIPlugin
2023-09-09 09:45:39,200 [INFO] PluginManager:220 - loadIPPluginJar : add spi
2023-09-09 09:45:39,204 [INFO] IPUIPlugin:80 - create IPUIPlugin
2023-09-09 09:45:39,205 [INFO] PluginManager:220 - loadIPPluginJar : add stm32_wpan
2023-09-09 09:45:39,206 [INFO] IPUIPlugin:80 - create IPUIPlugin
2023-09-09 09:45:39,206 [INFO] PluginManager:220 - loadIPPluginJar : add tim
2023-09-09 09:45:39,209 [INFO] IPUIPlugin:80 - create IPUIPlugin
2023-09-09 09:45:39,209 [INFO] PluginManager:220 - loadIPPluginJar : add touchsensing
2023-09-09 09:45:39,211 [INFO] IPUIPlugin:80 - create IPUIPlugin
2023-09-09 09:45:39,211 [INFO] PluginManager:220 - loadIPPluginJar : add tracer_emb
2023-09-09 09:45:39,213 [INFO] IPUIPlugin:80 - create IPUIPlugin
2023-09-09 09:45:39,213 [INFO] PluginManager:220 - loadIPPluginJar : add ts
2023-09-09 09:45:39,214 [INFO] IPUIPlugin:80 - create IPUIPlugin
2023-09-09 09:45:39,214 [INFO] PluginManager:220 - loadIPPluginJar : add tsc
2023-09-09 09:45:39,215 [INFO] IPUIPlugin:80 - create IPUIPlugin
2023-09-09 09:45:39,215 [INFO] PluginManager:220 - loadIPPluginJar : add ucpd
2023-09-09 09:45:39,217 [INFO] IPUIPlugin:80 - create IPUIPlugin
2023-09-09 09:45:39,218 [INFO] PluginManager:220 - loadIPPluginJar : add usart
2023-09-09 09:45:39,220 [INFO] IPUIPlugin:80 - create IPUIPlugin
2023-09-09 09:45:39,220 [INFO] PluginManager:220 - loadIPPluginJar : add usbx
2023-09-09 09:45:39,334 [INFO] CADModel:165 - CPN selected for project level
2023-09-09 09:45:39,335 [INFO] CADModel:114 - Register for checkConnection events
2023-09-09 09:45:39,335 [FATAL] Updater:308 - Updater called before beeing initialized
2023-09-09 09:45:39,335 [ERROR] CADModel:125 - Updater not yet initialized, retry later 
2023-09-09 09:45:39,440 [INFO] CADModel:165 - CPN selected for project level
2023-09-09 09:45:39,440 [INFO] CADModel:114 - Register for checkConnection events
2023-09-09 09:45:39,440 [FATAL] Updater:308 - Updater called before beeing initialized
2023-09-09 09:45:39,440 [ERROR] CADModel:125 - Updater not yet initialized, retry later 
2023-09-09 09:45:39,443 [FATAL] Updater:308 - Updater called before beeing initialized
2023-09-09 09:45:39,533 [FATAL] Updater:308 - Updater called before beeing initialized
2023-09-09 09:45:39,539 [INFO] DbMcusAds:53 - JSON generation date=Tue Mar 07 09:50:55 CET 2023 (1678179055114)
2023-09-09 09:45:39,539 [FATAL] Updater:308 - Updater called before beeing initialized
2023-09-09 09:45:39,573 [WARN] DetailPanel:346 - Failed to get advertising image, set to default
2023-09-09 09:45:39,684 [FATAL] Updater:308 - Updater called before beeing initialized
2023-09-09 09:45:39,686 [FATAL] Updater:308 - Updater called before beeing initialized
2023-09-09 09:45:39,686 [FATAL] Updater:308 - Updater called before beeing initialized
2023-09-09 09:45:39,686 [WARN] DetailPanel:346 - Failed to get advertising image, set to default
2023-09-09 09:45:39,687 [FATAL] Updater:308 - Updater called before beeing initialized
2023-09-09 09:45:39,724 [ERROR] Updater:1120 - MainUpdater not yet initialized. External WinMGr cannot be set.
2023-09-09 09:45:39,726 [INFO] Updater:1056 - Updater Version found : 6.9.1
2023-09-09 09:45:39,740 [INFO] ApplicationProperties:184 - Using Application install path: C:\ST\STM32CubeIDE_1.10.1\STM32CubeIDE\plugins\com.st.stm32cube.common.mx_6.9.1.202307191849
2023-09-09 09:45:39,943 [INFO] MainUpdater:2868 - connection check result : 10
2023-09-09 09:45:39,944 [INFO] MainUpdater:285 - Updater Check For Update Now.
2023-09-09 09:45:39,944 [INFO] MicroXplorer:498 - Change Database Version : DB.6.0.91
2023-09-09 09:45:39,954 [INFO] McuFinderGlobals:63 - Set McuFinder mode to 2 (CubeIDE integrated)
2023-09-09 09:45:40,111 [INFO] CheckServerUpdateThread:120 - End of CheckServer Thread
2023-09-09 09:45:41,858 [WARN] PackLoader:240 - Cannot read IP mode file for STMicroelectronics.X-CUBE-SMBUS.2.1.0
2023-09-09 09:45:41,938 [WARN] PackLoader:240 - Cannot read IP mode file for STMicroelectronics.X-CUBE-MEMS1.9.2.0
2023-09-09 09:45:42,053 [WARN] PackLoader:240 - Cannot read IP mode file for STMicroelectronics.X-CUBE-AZRTOS-F7.1.1.0
2023-09-09 09:45:42,062 [WARN] PackLoader:240 - Cannot read IP mode file for STMicroelectronics.X-CUBE-AI.7.1.0
2023-09-09 09:45:42,069 [WARN] PackLoader:240 - Cannot read IP mode file for STMicroelectronics.X-CUBE-TOUCHGFX.4.19.1
2023-09-09 09:45:42,074 [ERROR] RealEvaluatedCondition:428 - Found unsupported composite condition: GROUP='STM32_MetaDataManager' CLASS='Data Exchange'
2023-09-09 09:45:42,074 [ERROR] RealEvaluatedCondition:428 - Found unsupported composite condition: CLASS='Data Exchange' GROUP='STM32_MetaDataManager'
2023-09-09 09:45:42,075 [WARN] PackLoader:240 - Cannot read IP mode file for STMicroelectronics.FP-SNS-MOTENV1.4.3.0
2023-09-09 09:45:42,079 [WARN] PackLoader:240 - Cannot read IP mode file for STMicroelectronics.FP-SNS-MOTENV1.4.3.2
2023-09-09 09:45:42,083 [WARN] PackLoader:240 - Cannot read IP mode file for STMicroelectronics.FP-SNS-FLIGHT1.5.0.0
2023-09-09 09:45:42,085 [ERROR] RealEvaluatedCondition:428 - Found unsupported composite condition: GROUP='STM32_MetaDataManager' CLASS='Data Exchange'
2023-09-09 09:45:42,086 [ERROR] RealEvaluatedCondition:428 - Found unsupported composite condition: GROUP='STM32_MetaDataManager' CLASS='Data Exchange'
2023-09-09 09:45:42,086 [WARN] PackLoader:240 - Cannot read IP mode file for STMicroelectronics.FP-SNS-MOTENV1.4.3.1
2023-09-09 09:45:42,090 [WARN] PackLoader:240 - Cannot read IP mode file for STMicroelectronics.FP-SNS-FLIGHT1.5.0.1
2023-09-09 09:45:42,096 [WARN] PackLoader:240 - Cannot read IP mode file for STMicroelectronics.X-CUBE-BLE1.6.2.3
2023-09-09 09:45:42,104 [WARN] PackLoader:240 - Cannot read IP mode file for STMicroelectronics.X-CUBE-BLE1.6.2.4
2023-09-09 09:45:42,186 [WARN] PackLoader:240 - Cannot read IP mode file for STMicroelectronics.X-CUBE-BLE1.6.2.2
2023-09-09 09:45:42,189 [WARN] PackLoader:240 - Cannot read IP mode file for STMicroelectronics.FP-SNS-FLIGHT1.5.0.2
2023-09-09 09:45:42,193 [WARN] PackLoader:240 - Cannot read IP mode file for STMicroelectronics.X-CUBE-BLE2.3.2.2
2023-09-09 09:45:42,200 [WARN] PackLoader:240 - Cannot read IP mode file for STMicroelectronics.X-CUBE-TOF1.3.1.0
2023-09-09 09:45:42,210 [WARN] PackLoader:240 - Cannot read IP mode file for STMicroelectronics.X-CUBE-DISPLAY.3.0.0
2023-09-09 09:45:42,216 [WARN] PackLoader:240 - Cannot read IP mode file for STMicroelectronics.X-CUBE-BLE1.7.0.0
2023-09-09 09:45:42,219 [WARN] PackLoader:240 - Cannot read IP mode file for STMicroelectronics.X-CUBE-TOUCHGFX.4.22.0
2023-09-09 09:45:42,225 [WARN] PackLoader:240 - Cannot read IP mode file for STMicroelectronics.X-CUBE-SUBG2.4.2.0
2023-09-09 09:45:42,265 [WARN] PackLoader:240 - Cannot read IP mode file for STMicroelectronics.X-CUBE-MEMS1.9.3.0
2023-09-09 09:45:42,383 [WARN] PackLoader:240 - Cannot read IP mode file for STMicroelectronics.X-CUBE-AI.7.2.0
2023-09-09 09:45:42,390 [INFO] LogOutputStream:77 - [STDOUT_REDIRECT] 1 : Invalid condition id : UX_CORESTACK_Condition cause : null
2023-09-09 09:45:42,391 [INFO] LogOutputStream:77 - [STDOUT_REDIRECT] 1 : Invalid condition id : UX_CORESTACK_Condition cause : null
2023-09-09 09:45:42,391 [INFO] LogOutputStream:77 - [STDOUT_REDIRECT] 1 : Invalid condition id : UX_CORESTACK_Condition cause : null
2023-09-09 09:45:42,394 [INFO] LogOutputStream:77 - [STDOUT_REDIRECT] 1 : Invalid condition id : UX_CORESTACK_Condition cause : null
2023-09-09 09:45:42,394 [INFO] LogOutputStream:77 - [STDOUT_REDIRECT] 1 : Invalid condition id : UX_CORESTACK_Condition cause : null
2023-09-09 09:45:42,396 [WARN] PackLoader:240 - Cannot read IP mode file for STMicroelectronics.X-CUBE-AZRTOS-WL.2.0.0
2023-09-09 09:45:42,405 [WARN] PackLoader:240 - Cannot read IP mode file for STMicroelectronics.X-CUBE-ALGOBUILD.1.2.1
2023-09-09 09:45:42,413 [WARN] PackLoader:240 - Cannot read IP mode file for WES.I-CUBE-Cesium.1.3.0
2023-09-09 09:45:42,419 [WARN] PackLoader:240 - Cannot read IP mode file for STMicroelectronics.X-CUBE-BLE2.3.3.0
2023-09-09 09:45:42,452 [WARN] PackLoader:240 - Cannot read IP mode file for STMicroelectronics.X-CUBE-DISPLAY.2.2.0
2023-09-09 09:45:42,458 [WARN] PackLoader:240 - Cannot read IP mode file for STMicroelectronics.X-CUBE-TOF1.3.2.0
2023-09-09 09:45:42,463 [WARN] PackLoader:240 - Cannot read IP mode file for STMicroelectronics.X-CUBE-TOUCHGFX.4.18.1
2023-09-09 09:45:42,467 [WARN] PackLoader:240 - Cannot read IP mode file for STMicroelectronics.X-CUBE-ISPU.1.0.0
2023-09-09 09:45:42,471 [WARN] PackLoader:240 - Cannot read IP mode file for wolfSSL.I-CUBE-wolfSSL.5.0.0
2023-09-09 09:45:42,522 [WARN] PackLoader:240 - Cannot read IP mode file for STMicroelectronics.X-CUBE-AZRTOS-H7.2.1.0
2023-09-09 09:45:42,526 [WARN] PackLoader:240 - Cannot read IP mode file for STMicroelectronics.X-CUBE-TOUCHGFX.4.21.1
2023-09-09 09:45:42,531 [WARN] PackLoader:240 - Cannot read IP mode file for STMicroelectronics.X-CUBE-TOUCHGFX.4.21.0
2023-09-09 09:45:42,536 [WARN] PackLoader:240 - Cannot read IP mode file for STMicroelectronics.X-CUBE-TOUCHGFX.4.21.3
2023-09-09 09:45:42,539 [WARN] PackLoader:240 - Cannot read IP mode file for STMicroelectronics.X-CUBE-TOUCHGFX.4.21.4
2023-09-09 09:45:42,556 [WARN] PackLoader:240 - Cannot read IP mode file for STMicroelectronics.X-CUBE-MEMS1.9.4.0
2023-09-09 09:45:42,630 [WARN] PackLoader:240 - Cannot read IP mode file for STMicroelectronics.X-CUBE-AI.7.3.0
2023-09-09 09:45:42,636 [WARN] PackLoader:240 - Cannot read IP mode file for STMicroelectronics.X-CUBE-ALGOBUILD.1.3.0
2023-09-09 09:45:42,662 [WARN] PackLoader:240 - Cannot read IP mode file for STMicroelectronics.X-CUBE-AZRTOS-G0.1.1.0
2023-09-09 09:45:42,670 [WARN] PackLoader:240 - Cannot read IP mode file for STMicroelectronics.X-CUBE-NFC4.3.0.0
2023-09-09 09:45:42,721 [WARN] PackLoader:240 - Cannot read IP mode file for SEGGER.I-CUBE-embOS.1.2.0
2023-09-09 09:45:42,751 [WARN] PackLoader:240 - Cannot read IP mode file for STMicroelectronics.X-CUBE-BLEMGR.1.3.0
2023-09-09 09:45:42,861 [WARN] PackLoader:240 - Cannot read IP mode file for STMicroelectronics.X-CUBE-AZRTOS-H7.2.0.0
2023-09-09 09:45:42,869 [WARN] PackLoader:240 - Cannot read IP mode file for STMicroelectronics.FP-ATR-SIGFOX1.3.2.0
2023-09-09 09:45:42,876 [WARN] PackLoader:240 - Cannot read IP mode file for emotas.I-CUBE-CANOPEN.1.1.2
2023-09-09 09:45:42,880 [WARN] PackLoader:240 - Cannot read IP mode file for STMicroelectronics.X-CUBE-TOUCHGFX.4.20.0
2023-09-09 09:45:42,911 [WARN] PackLoader:240 - Cannot read IP mode file for STMicroelectronics.X-CUBE-MEMS1.9.5.0
2023-09-09 09:45:43,012 [WARN] PackLoader:240 - Cannot read IP mode file for SEGGER.I-CUBE-embOS.1.3.1
2023-09-09 09:45:43,041 [WARN] PackLoader:240 - Cannot read IP mode file for STMicroelectronics.X-CUBE-DISPLAY.2.0.0
2023-09-09 09:45:43,046 [WARN] PackLoader:240 - Cannot read IP mode file for STMicroelectronics.X-CUBE-DISPLAY.2.0.1
2023-09-09 09:45:43,052 [WARN] PackLoader:240 - Cannot read IP mode file for STMicroelectronics.X-CUBE-TOF1.3.0.0
2023-09-09 09:45:43,059 [WARN] PackLoader:240 - Cannot read IP mode file for STMicroelectronics.X-CUBE-GNSS1.6.0.0
2023-09-09 09:45:43,072 [WARN] PackLoader:240 - Cannot read IP mode file for STMicroelectronics.X-CUBE-AZRTOS-F4.1.1.0
2023-09-09 09:45:43,079 [WARN] PackLoader:240 - Cannot read IP mode file for STMicroelectronics.X-CUBE-BLEMGR.1.2.0
2023-09-09 09:45:43,092 [WARN] PackLoader:240 - Cannot read IP mode file for STMicroelectronics.X-CUBE-AZRTOS-L5.2.0.0
2023-09-09 09:45:43,118 [WARN] PackLoader:240 - Cannot read IP mode file for STMicroelectronics.X-CUBE-MEMS1.9.6.0
2023-09-09 09:45:43,187 [WARN] PackLoader:240 - Cannot read IP mode file for STMicroelectronics.X-CUBE-BLEMGR.2.0.0
2023-09-09 09:45:43,190 [WARN] PackLoader:240 - Cannot read IP mode file for STMicroelectronics.X-CUBE-NFC4.2.0.5
2023-09-09 09:45:43,192 [WARN] PackLoader:240 - Cannot read IP mode file for STMicroelectronics.X-CUBE-NFC4.2.0.4
2023-09-09 09:45:43,195 [WARN] PackLoader:240 - Cannot read IP mode file for STMicroelectronics.X-CUBE-NFC4.2.0.3
2023-09-09 09:45:43,209 [WARN] ConditionMgr:438 - getConditionDescription Invalid condition id : UX DEVICE CLASS RTOS Condition cause : null
2023-09-09 09:45:43,210 [WARN] ConditionMgr:438 - getConditionDescription Invalid condition id : UX DEVICE CLASS RTOS Condition cause : null
2023-09-09 09:45:43,211 [WARN] PackLoader:240 - Cannot read IP mode file for STMicroelectronics.X-CUBE-AZRTOS-H7.3.1.0
2023-09-09 09:45:43,212 [WARN] ConditionMgr:1039 - genDependencies : Invalid condition id : UX DEVICE CLASS RTOS Condition cause : null
2023-09-09 09:45:43,213 [WARN] ConditionMgr:1039 - genDependencies : Invalid condition id : UX DEVICE CLASS RTOS Condition cause : null
2023-09-09 09:45:43,213 [WARN] ConditionMgr:1039 - genDependencies : Invalid condition id : UX DEVICE CLASS RTOS Condition cause : null
2023-09-09 09:45:43,213 [WARN] ConditionMgr:1039 - genDependencies : Invalid condition id : UX DEVICE CLASS RTOS Condition cause : null
2023-09-09 09:45:43,213 [WARN] ConditionMgr:1039 - genDependencies : Invalid condition id : UX DEVICE CLASS RTOS Condition cause : null
2023-09-09 09:45:43,218 [WARN] PackLoader:240 - Cannot read IP mode file for STMicroelectronics.X-CUBE-SFXS2LP1.3.1.0
2023-09-09 09:45:43,227 [WARN] PackLoader:240 - Cannot read IP mode file for STMicroelectronics.X-CUBE-AZRTOS-F4.1.0.0
2023-09-09 09:45:43,234 [WARN] PackLoader:240 - Cannot read IP mode file for STMicroelectronics.X-CUBE-TOF1.2.0.0
2023-09-09 09:45:43,238 [WARN] PackLoader:240 - Cannot read IP mode file for STMicroelectronics.X-CUBE-NFC7.1.0.1
2023-09-09 09:45:43,241 [WARN] PackLoader:240 - Cannot read IP mode file for STMicroelectronics.X-CUBE-NFC7.1.0.0
2023-09-09 09:45:43,244 [WARN] PackLoader:240 - Cannot read IP mode file for STMicroelectronics.X-CUBE-EEPRMA1.4.1.0
2023-09-09 09:45:43,247 [WARN] PackLoader:240 - Cannot read IP mode file for STMicroelectronics.X-CUBE-AI.8.1.0
2023-09-09 09:45:43,267 [WARN] PackLoader:240 - Cannot read IP mode file for STMicroelectronics.X-CUBE-AZRTOS-G0.1.0.0
2023-09-09 09:45:43,279 [WARN] ConditionMgr:438 - getConditionDescription Invalid condition id : LAN8742 Phy interface Condition cause : null
2023-09-09 09:45:43,279 [WARN] PackLoader:240 - Cannot read IP mode file for STMicroelectronics.X-CUBE-AZRTOS-L4.2.0.0
2023-09-09 09:45:43,280 [WARN] ConditionMgr:1039 - genDependencies : Invalid condition id : LAN8742 Phy interface Condition cause : null
2023-09-09 09:45:43,281 [WARN] ConditionMgr:1039 - genDependencies : Invalid condition id : LAN8742 Phy interface Condition cause : null
2023-09-09 09:45:43,281 [WARN] ConditionMgr:1039 - genDependencies : Invalid condition id : LAN8742 Phy interface Condition cause : null
2023-09-09 09:45:43,285 [WARN] PackLoader:240 - Cannot read IP mode file for STMicroelectronics.X-CUBE-SFXS2LP1.4.0.0
2023-09-09 09:45:43,297 [WARN] PackLoader:240 - Cannot read IP mode file for STMicroelectronics.X-CUBE-AZRTOS-H7.3.0.0
2023-09-09 09:45:43,301 [WARN] PackLoader:240 - Cannot read IP mode file for STMicroelectronics.X-CUBE-ISPU.1.1.0
2023-09-09 09:45:43,305 [WARN] PackLoader:240 - Cannot read IP mode file for RoweBots.I-CUBE-UNISONRTOS.5.5.0-4
2023-09-09 09:45:43,308 [WARN] PackLoader:240 - Cannot read IP mode file for STMicroelectronics.X-CUBE-AI.8.0.0
2023-09-09 09:45:43,315 [WARN] ConditionMgr:438 - getConditionDescription Invalid condition id : UX DEVICE CLASS RTOS Condition cause : null
2023-09-09 09:45:43,315 [WARN] ConditionMgr:438 - getConditionDescription Invalid condition id : UX DEVICE CLASS RTOS Condition cause : null
2023-09-09 09:45:43,316 [WARN] PackLoader:240 - Cannot read IP mode file for STMicroelectronics.X-CUBE-AZRTOS-WB.2.0.0
2023-09-09 09:45:43,316 [WARN] ConditionMgr:1039 - genDependencies : Invalid condition id : UX DEVICE CLASS RTOS Condition cause : null
2023-09-09 09:45:43,316 [WARN] ConditionMgr:1039 - genDependencies : Invalid condition id : UX DEVICE CLASS RTOS Condition cause : null
2023-09-09 09:45:43,316 [WARN] ConditionMgr:1039 - genDependencies : Invalid condition id : UX DEVICE CLASS RTOS Condition cause : null
2023-09-09 09:45:43,316 [WARN] ConditionMgr:1039 - genDependencies : Invalid condition id : UX DEVICE CLASS RTOS Condition cause : null
2023-09-09 09:45:43,316 [WARN] ConditionMgr:1039 - genDependencies : Invalid condition id : UX DEVICE CLASS RTOS Condition cause : null
2023-09-09 09:45:43,320 [WARN] PackLoader:240 - Cannot read IP mode file for STMicroelectronics.X-CUBE-FREERTOS.1.0.0
2023-09-09 09:45:43,323 [WARN] PackLoader:240 - Cannot read IP mode file for STMicroelectronics.X-CUBE-FREERTOS.1.0.1
2023-09-09 09:45:43,327 [WARN] PackLoader:240 - Cannot read IP mode file for STMicroelectronics.X-CUBE-BLEMGR.1.0.0
2023-09-09 09:45:43,338 [WARN] PackLoader:240 - Cannot read IP mode file for STMicroelectronics.X-CUBE-AZRTOS-L5.1.1.0
2023-09-09 09:45:43,343 [WARN] PackLoader:240 - Cannot read IP mode file for STMicroelectronics.X-CUBE-AI.8.0.1
2023-09-09 09:45:43,348 [WARN] PackLoader:240 - Cannot read IP mode file for STMicroelectronics.X-CUBE-SUBG2.5.0.0
2023-09-09 09:45:43,356 [WARN] PackLoader:240 - Cannot read IP mode file for STMicroelectronics.X-CUBE-TOF1.3.3.1
2023-09-09 09:45:43,368 [WARN] PackLoader:240 - Cannot read IP mode file for STMicroelectronics.X-CUBE-AZRTOS-G4.2.0.0
2023-09-09 09:45:43,373 [WARN] PackLoader:240 - Cannot read IP mode file for STMicroelectronics.X-CUBE-TOF1.3.3.0
2023-09-09 09:45:43,379 [WARN] PackLoader:240 - Cannot read IP mode file for STMicroelectronics.FP-ATR-ASTRA1.1.1.1
2023-09-09 09:45:43,381 [WARN] PackLoader:240 - Cannot read IP mode file for STMicroelectronics.FP-ATR-ASTRA1.1.1.0
2023-09-09 09:45:43,396 [WARN] PackLoader:240 - Cannot read IP mode file for STMicroelectronics.X-CUBE-AZRTOS-G4.1.0.0
2023-09-09 09:45:43,439 [WARN] PackLoader:240 - Cannot read IP mode file for STMicroelectronics.X-CUBE-AZRTOS-L4.1.0.0
2023-09-09 09:45:43,443 [WARN] PackLoader:240 - Cannot read IP mode file for STMicroelectronics.X-CUBE-FREERTOS.1.1.0
2023-09-09 09:45:43,487 [WARN] PackLoader:240 - Cannot read IP mode file for STMicroelectronics.X-CUBE-AZRTOS-F7.1.0.0
2023-09-09 09:45:43,495 [WARN] PackLoader:240 - Cannot read IP mode file for STMicroelectronics.X-CUBE-AZRTOS-WL.1.0.0
2023-09-09 09:45:43,508 [WARN] PackLoader:240 - Cannot read IP mode file for STMicroelectronics.X-CUBE-MEMS1.9.1.0
2023-09-09 09:45:43,554 [WARN] PackLoader:240 - Cannot read IP mode file for portGmbH.I-Cube-SoM-uGOAL.1.1.0
2023-09-09 09:45:43,557 [WARN] PackLoader:240 - Cannot read IP mode file for STMicroelectronics.X-CUBE-ALS.1.0.1
2023-09-09 09:45:43,560 [WARN] PackLoader:240 - Cannot read IP mode file for STMicroelectronics.X-CUBE-AI.7.0.0
2023-09-09 09:45:43,565 [WARN] PackLoader:240 - Cannot read IP mode file for STMicroelectronics.X-CUBE-AZRTOS-WB.1.1.0
2023-09-09 09:45:43,604 [WARN] PackLoader:240 - Cannot read IP mode file for STMicroelectronics.X-CUBE-AZRTOS-L5.1.0.0
2023-09-09 09:45:43,611 [WARN] PackLoader:240 - Cannot read IP mode file for STMicroelectronics.X-CUBE-EEPRMA1.3.1.0
2023-09-09 09:45:43,614 [WARN] PackLoader:240 - Cannot read IP mode file for STMicroelectronics.X-CUBE-EEPRMA1.3.1.1
2023-09-09 09:45:43,617 [WARN] PackLoader:240 - Cannot read IP mode file for STMicroelectronics.X-CUBE-GNSS1.5.2.0
2023-09-09 09:45:43,619 [WARN] PackLoader:240 - Cannot read IP mode file for STMicroelectronics.FP-ATR-ASTRA1.2.0.0
2023-09-09 09:45:43,620 [INFO] ThirdParty:978 - Integrity check success = true
2023-09-09 09:45:43,620 [INFO] IntegrityCheckThread:100 - exiting critical section [integrity check]
2023-09-09 09:45:43,620 [INFO] IntegrityCheckThread:103 - End integrity checks thread
2023-09-09 09:46:00,507 [ERROR] LogOutputStream:75 - [STDERR_REDIRECT] SLF4J: Failed to load class "org.slf4j.impl.StaticLoggerBinder".
2023-09-09 09:46:00,507 [ERROR] LogOutputStream:75 - [STDERR_REDIRECT] SLF4J: Defaulting to no-operation (NOP) logger implementation
2023-09-09 09:46:00,508 [ERROR] LogOutputStream:75 - [STDERR_REDIRECT] SLF4J: See http://www.slf4j.org/codes.html#StaticLoggerBinder for further details.
